<?xml version="1.0" encoding="utf-8"?>
<test-run id="2" testcasecount="353" result="Passed" total="353" passed="353" failed="0" inconclusive="0" skipped="0" asserts="0" engine-version="3.5.0.0" clr-version="4.0.30319.42000" start-time="2026-04-25 07:55:50Z" end-time="2026-04-25 07:57:27Z" duration="96.7138406">
  <test-suite type="TestSuite" id="1000" name="VTuberSystemBase" fullname="VTuberSystemBase" runstate="Runnable" testcasecount="353" result="Passed" start-time="2026-04-25 07:55:50Z" end-time="2026-04-25 07:57:27Z" duration="96.713841" total="353" passed="353" failed="0" inconclusive="0" skipped="0" asserts="0">
    <properties>
      <property name="platform" value="EditMode" />
    </properties>
    <test-suite type="Assembly" id="1384" name="VTuberSystemBase.CoreIpc.Tests.Editor.dll" fullname="D:/Personal/Repositries/VTuberSystemBase/Library/ScriptAssemblies/VTuberSystemBase.CoreIpc.Tests.Editor.dll" runstate="Runnable" testcasecount="353" result="Passed" start-time="2026-04-25 07:55:50Z" end-time="2026-04-25 07:57:27Z" duration="96.708300" total="353" passed="353" failed="0" inconclusive="0" skipped="0" asserts="0">
      <properties>
        <property name="_PID" value="61304" />
        <property name="_APPDOMAIN" value="Unity Child Domain" />
        <property name="platform" value="EditMode" />
        <property name="EditorOnly" value="True" />
      </properties>
      <test-suite type="TestSuite" id="1385" name="VTuberSystemBase" fullname="VTuberSystemBase" runstate="Runnable" testcasecount="353" result="Passed" start-time="2026-04-25 07:55:50Z" end-time="2026-04-25 07:57:27Z" duration="96.707873" total="353" passed="353" failed="0" inconclusive="0" skipped="0" asserts="0">
        <properties />
        <test-suite type="TestSuite" id="1386" name="CoreIpc" fullname="VTuberSystemBase.CoreIpc" runstate="Runnable" testcasecount="353" result="Passed" start-time="2026-04-25 07:55:50Z" end-time="2026-04-25 07:57:27Z" duration="96.707659" total="353" passed="353" failed="0" inconclusive="0" skipped="0" asserts="0">
          <properties />
          <test-suite type="TestSuite" id="1387" name="Tests" fullname="VTuberSystemBase.CoreIpc.Tests" runstate="Runnable" testcasecount="353" result="Passed" start-time="2026-04-25 07:55:50Z" end-time="2026-04-25 07:57:27Z" duration="96.707438" total="353" passed="353" failed="0" inconclusive="0" skipped="0" asserts="0">
            <properties />
            <test-suite type="TestSuite" id="1388" name="Editor" fullname="VTuberSystemBase.CoreIpc.Tests.Editor" runstate="Runnable" testcasecount="353" result="Passed" start-time="2026-04-25 07:55:50Z" end-time="2026-04-25 07:57:27Z" duration="96.706680" total="353" passed="353" failed="0" inconclusive="0" skipped="0" asserts="0">
              <properties />
              <test-suite type="TestFixture" id="1004" name="AbstractInterfaceContractTests" fullname="VTuberSystemBase.CoreIpc.Tests.Editor.AbstractInterfaceContractTests" classname="VTuberSystemBase.CoreIpc.Tests.Editor.AbstractInterfaceContractTests" runstate="Runnable" testcasecount="14" result="Passed" start-time="2026-04-25 07:55:50Z" end-time="2026-04-25 07:55:50Z" duration="0.025643" total="14" passed="14" failed="0" inconclusive="0" skipped="0" asserts="0">
                <properties />
                <test-case id="1006" name="AbstractionsAssembly_HasNoForwardReferenceToNonStdAssemblies" fullname="VTuberSystemBase.CoreIpc.Tests.Editor.AbstractInterfaceContractTests.AbstractionsAssembly_HasNoForwardReferenceToNonStdAssemblies" methodname="AbstractionsAssembly_HasNoForwardReferenceToNonStdAssemblies" classname="VTuberSystemBase.CoreIpc.Tests.Editor.AbstractInterfaceContractTests" runstate="Runnable" seed="1442956327" result="Passed" start-time="2026-04-25 07:55:50Z" end-time="2026-04-25 07:55:50Z" duration="0.006588" asserts="0">
                  <properties>
                    <property name="retryIteration" value="0" />
                    <property name="repeatIteration" value="0" />
                  </properties>
                </test-case>
                <test-case id="1005" name="AllAbstractContracts_AreDefinedInAbstractionsAssembly" fullname="VTuberSystemBase.CoreIpc.Tests.Editor.AbstractInterfaceContractTests.AllAbstractContracts_AreDefinedInAbstractionsAssembly" methodname="AllAbstractContracts_AreDefinedInAbstractionsAssembly" classname="VTuberSystemBase.CoreIpc.Tests.Editor.AbstractInterfaceContractTests" runstate="Runnable" seed="2065373249" result="Passed" start-time="2026-04-25 07:55:50Z" end-time="2026-04-25 07:55:50Z" duration="0.001988" asserts="0">
                  <properties>
                    <property name="retryIteration" value="0" />
                    <property name="repeatIteration" value="0" />
                  </properties>
                </test-case>
                <test-case id="1017" name="ClientBindOptions_PreservesHostPortAndConnectTimeout" fullname="VTuberSystemBase.CoreIpc.Tests.Editor.AbstractInterfaceContractTests.ClientBindOptions_PreservesHostPortAndConnectTimeout" methodname="ClientBindOptions_PreservesHostPortAndConnectTimeout" classname="VTuberSystemBase.CoreIpc.Tests.Editor.AbstractInterfaceContractTests" runstate="Runnable" seed="23785580" result="Passed" start-time="2026-04-25 07:55:50Z" end-time="2026-04-25 07:55:50Z" duration="0.001458" asserts="0">
                  <properties>
                    <property name="retryIteration" value="0" />
                    <property name="repeatIteration" value="0" />
                  </properties>
                </test-case>
                <test-case id="1014" name="DiagnosticsSnapshot_PreservesConstructorArguments" fullname="VTuberSystemBase.CoreIpc.Tests.Editor.AbstractInterfaceContractTests.DiagnosticsSnapshot_PreservesConstructorArguments" methodname="DiagnosticsSnapshot_PreservesConstructorArguments" classname="VTuberSystemBase.CoreIpc.Tests.Editor.AbstractInterfaceContractTests" runstate="Runnable" seed="964598950" result="Passed" start-time="2026-04-25 07:55:50Z" end-time="2026-04-25 07:55:50Z" duration="0.000763" asserts="0">
                  <properties>
                    <property name="retryIteration" value="0" />
                    <property name="repeatIteration" value="0" />
                  </properties>
                </test-case>
                <test-case id="1018" name="IAuthenticationHandler_DeclaresAuthenticateAsync" fullname="VTuberSystemBase.CoreIpc.Tests.Editor.AbstractInterfaceContractTests.IAuthenticationHandler_DeclaresAuthenticateAsync" methodname="IAuthenticationHandler_DeclaresAuthenticateAsync" classname="VTuberSystemBase.CoreIpc.Tests.Editor.AbstractInterfaceContractTests" runstate="Runnable" seed="1358309266" result="Passed" start-time="2026-04-25 07:55:50Z" end-time="2026-04-25 07:55:50Z" duration="0.001152" asserts="0">
                  <properties>
                    <property name="retryIteration" value="0" />
                    <property name="repeatIteration" value="0" />
                  </properties>
                </test-case>
                <test-case id="1011" name="IClientConnection_DeclaresSendReceiveAndIsAsyncDisposable" fullname="VTuberSystemBase.CoreIpc.Tests.Editor.AbstractInterfaceContractTests.IClientConnection_DeclaresSendReceiveAndIsAsyncDisposable" methodname="IClientConnection_DeclaresSendReceiveAndIsAsyncDisposable" classname="VTuberSystemBase.CoreIpc.Tests.Editor.AbstractInterfaceContractTests" runstate="Runnable" seed="522699965" result="Passed" start-time="2026-04-25 07:55:50Z" end-time="2026-04-25 07:55:50Z" duration="0.000283" asserts="0">
                  <properties>
                    <property name="retryIteration" value="0" />
                    <property name="repeatIteration" value="0" />
                  </properties>
                </test-case>
                <test-case id="1013" name="IConnectionDiagnostics_DeclaresAllPropertiesAndStateChangedEvent" fullname="VTuberSystemBase.CoreIpc.Tests.Editor.AbstractInterfaceContractTests.IConnectionDiagnostics_DeclaresAllPropertiesAndStateChangedEvent" methodname="IConnectionDiagnostics_DeclaresAllPropertiesAndStateChangedEvent" classname="VTuberSystemBase.CoreIpc.Tests.Editor.AbstractInterfaceContractTests" runstate="Runnable" seed="202843378" result="Passed" start-time="2026-04-25 07:55:50Z" end-time="2026-04-25 07:55:50Z" duration="0.001006" asserts="0">
                  <properties>
                    <property name="retryIteration" value="0" />
                    <property name="repeatIteration" value="0" />
                  </properties>
                </test-case>
                <test-case id="1007" name="ICoreIpcBus_DeclaresAllRequiredMembers" fullname="VTuberSystemBase.CoreIpc.Tests.Editor.AbstractInterfaceContractTests.ICoreIpcBus_DeclaresAllRequiredMembers" methodname="ICoreIpcBus_DeclaresAllRequiredMembers" classname="VTuberSystemBase.CoreIpc.Tests.Editor.AbstractInterfaceContractTests" runstate="Runnable" seed="2041994624" result="Passed" start-time="2026-04-25 07:55:50Z" end-time="2026-04-25 07:55:50Z" duration="0.000410" asserts="0">
                  <properties>
                    <property name="retryIteration" value="0" />
                    <property name="repeatIteration" value="0" />
                  </properties>
                </test-case>
                <test-case id="1009" name="ICoreIpcRuntime_DeclaresLifecycleMembersAndExtendsIDisposable" fullname="VTuberSystemBase.CoreIpc.Tests.Editor.AbstractInterfaceContractTests.ICoreIpcRuntime_DeclaresLifecycleMembersAndExtendsIDisposable" methodname="ICoreIpcRuntime_DeclaresLifecycleMembersAndExtendsIDisposable" classname="VTuberSystemBase.CoreIpc.Tests.Editor.AbstractInterfaceContractTests" runstate="Runnable" seed="2109609979" result="Passed" start-time="2026-04-25 07:55:50Z" end-time="2026-04-25 07:55:50Z" duration="0.000270" asserts="0">
                  <properties>
                    <property name="retryIteration" value="0" />
                    <property name="repeatIteration" value="0" />
                  </properties>
                </test-case>
                <test-case id="1012" name="IMessageCodec_DeclaresEncodeAndDecode" fullname="VTuberSystemBase.CoreIpc.Tests.Editor.AbstractInterfaceContractTests.IMessageCodec_DeclaresEncodeAndDecode" methodname="IMessageCodec_DeclaresEncodeAndDecode" classname="VTuberSystemBase.CoreIpc.Tests.Editor.AbstractInterfaceContractTests" runstate="Runnable" seed="1735800294" result="Passed" start-time="2026-04-25 07:55:50Z" end-time="2026-04-25 07:55:50Z" duration="0.000209" asserts="0">
                  <properties>
                    <property name="retryIteration" value="0" />
                    <property name="repeatIteration" value="0" />
                  </properties>
                </test-case>
                <test-case id="1008" name="ISubscriptionToken_ExtendsIDisposable" fullname="VTuberSystemBase.CoreIpc.Tests.Editor.AbstractInterfaceContractTests.ISubscriptionToken_ExtendsIDisposable" methodname="ISubscriptionToken_ExtendsIDisposable" classname="VTuberSystemBase.CoreIpc.Tests.Editor.AbstractInterfaceContractTests" runstate="Runnable" seed="32824010" result="Passed" start-time="2026-04-25 07:55:50Z" end-time="2026-04-25 07:55:50Z" duration="0.000101" asserts="0">
                  <properties>
                    <property name="retryIteration" value="0" />
                    <property name="repeatIteration" value="0" />
                  </properties>
                </test-case>
                <test-case id="1010" name="ITransportAdapter_DeclaresServerAndClientFactoriesAndIsAsyncDisposable" fullname="VTuberSystemBase.CoreIpc.Tests.Editor.AbstractInterfaceContractTests.ITransportAdapter_DeclaresServerAndClientFactoriesAndIsAsyncDisposable" methodname="ITransportAdapter_DeclaresServerAndClientFactoriesAndIsAsyncDisposable" classname="VTuberSystemBase.CoreIpc.Tests.Editor.AbstractInterfaceContractTests" runstate="Runnable" seed="2019089265" result="Passed" start-time="2026-04-25 07:55:50Z" end-time="2026-04-25 07:55:50Z" duration="0.000226" asserts="0">
                  <properties>
                    <property name="retryIteration" value="0" />
                    <property name="repeatIteration" value="0" />
                  </properties>
                </test-case>
                <test-case id="1015" name="RequestOptions_PreservesTimeout" fullname="VTuberSystemBase.CoreIpc.Tests.Editor.AbstractInterfaceContractTests.RequestOptions_PreservesTimeout" methodname="RequestOptions_PreservesTimeout" classname="VTuberSystemBase.CoreIpc.Tests.Editor.AbstractInterfaceContractTests" runstate="Runnable" seed="1223367440" result="Passed" start-time="2026-04-25 07:55:50Z" end-time="2026-04-25 07:55:50Z" duration="0.000360" asserts="0">
                  <properties>
                    <property name="retryIteration" value="0" />
                    <property name="repeatIteration" value="0" />
                  </properties>
                </test-case>
                <test-case id="1016" name="ServerBindOptions_PreservesHostAndPort" fullname="VTuberSystemBase.CoreIpc.Tests.Editor.AbstractInterfaceContractTests.ServerBindOptions_PreservesHostAndPort" methodname="ServerBindOptions_PreservesHostAndPort" classname="VTuberSystemBase.CoreIpc.Tests.Editor.AbstractInterfaceContractTests" runstate="Runnable" seed="1294774394" result="Passed" start-time="2026-04-25 07:55:50Z" end-time="2026-04-25 07:55:50Z" duration="0.000196" asserts="0">
                  <properties>
                    <property name="retryIteration" value="0" />
                    <property name="repeatIteration" value="0" />
                  </properties>
                </test-case>
              </test-suite>
              <test-suite type="TestFixture" id="1019" name="ClientSessionManagerTests" fullname="VTuberSystemBase.CoreIpc.Tests.Editor.ClientSessionManagerTests" classname="VTuberSystemBase.CoreIpc.Tests.Editor.ClientSessionManagerTests" runstate="Runnable" testcasecount="9" result="Passed" start-time="2026-04-25 07:55:50Z" end-time="2026-04-25 07:55:51Z" duration="0.514242" total="9" passed="9" failed="0" inconclusive="0" skipped="0" asserts="0">
                <properties />
                <test-case id="1027" name="Constructor_NullBackoff_Throws" fullname="VTuberSystemBase.CoreIpc.Tests.Editor.ClientSessionManagerTests.Constructor_NullBackoff_Throws" methodname="Constructor_NullBackoff_Throws" classname="VTuberSystemBase.CoreIpc.Tests.Editor.ClientSessionManagerTests" runstate="Runnable" seed="437380425" result="Passed" start-time="2026-04-25 07:55:50Z" end-time="2026-04-25 07:55:50Z" duration="0.001796" asserts="0">
                  <properties>
                    <property name="retryIteration" value="0" />
                    <property name="repeatIteration" value="0" />
                  </properties>
                </test-case>
                <test-case id="1026" name="Constructor_NullStateMachine_Throws" fullname="VTuberSystemBase.CoreIpc.Tests.Editor.ClientSessionManagerTests.Constructor_NullStateMachine_Throws" methodname="Constructor_NullStateMachine_Throws" classname="VTuberSystemBase.CoreIpc.Tests.Editor.ClientSessionManagerTests" runstate="Runnable" seed="27926170" result="Passed" start-time="2026-04-25 07:55:50Z" end-time="2026-04-25 07:55:50Z" duration="0.000327" asserts="0">
                  <properties>
                    <property name="retryIteration" value="0" />
                    <property name="repeatIteration" value="0" />
                  </properties>
                </test-case>
                <test-case id="1025" name="Constructor_NullTransport_Throws" fullname="VTuberSystemBase.CoreIpc.Tests.Editor.ClientSessionManagerTests.Constructor_NullTransport_Throws" methodname="Constructor_NullTransport_Throws" classname="VTuberSystemBase.CoreIpc.Tests.Editor.ClientSessionManagerTests" runstate="Runnable" seed="1319843130" result="Passed" start-time="2026-04-25 07:55:50Z" end-time="2026-04-25 07:55:50Z" duration="0.000173" asserts="0">
                  <properties>
                    <property name="retryIteration" value="0" />
                    <property name="repeatIteration" value="0" />
                  </properties>
                </test-case>
                <test-case id="1024" name="ReceivedFrames_AreForwardedToCallback" fullname="VTuberSystemBase.CoreIpc.Tests.Editor.ClientSessionManagerTests.ReceivedFrames_AreForwardedToCallback" methodname="ReceivedFrames_AreForwardedToCallback" classname="VTuberSystemBase.CoreIpc.Tests.Editor.ClientSessionManagerTests" runstate="Runnable" seed="1228202589" result="Passed" start-time="2026-04-25 07:55:50Z" end-time="2026-04-25 07:55:50Z" duration="0.160193" asserts="0">
                  <properties>
                    <property name="retryIteration" value="0" />
                    <property name="repeatIteration" value="0" />
                  </properties>
                </test-case>
                <test-case id="1020" name="Scenario1_ConnectSucceeds_TransitionsToConnected" fullname="VTuberSystemBase.CoreIpc.Tests.Editor.ClientSessionManagerTests.Scenario1_ConnectSucceeds_TransitionsToConnected" methodname="Scenario1_ConnectSucceeds_TransitionsToConnected" classname="VTuberSystemBase.CoreIpc.Tests.Editor.ClientSessionManagerTests" runstate="Runnable" seed="940745921" result="Passed" start-time="2026-04-25 07:55:50Z" end-time="2026-04-25 07:55:50Z" duration="0.099656" asserts="0">
                  <properties>
                    <property name="retryIteration" value="0" />
                    <property name="repeatIteration" value="0" />
                  </properties>
                </test-case>
                <test-case id="1021" name="Scenario2_DropAfterConnected_RecoversThroughReconnecting" fullname="VTuberSystemBase.CoreIpc.Tests.Editor.ClientSessionManagerTests.Scenario2_DropAfterConnected_RecoversThroughReconnecting" methodname="Scenario2_DropAfterConnected_RecoversThroughReconnecting" classname="VTuberSystemBase.CoreIpc.Tests.Editor.ClientSessionManagerTests" runstate="Runnable" seed="604102227" result="Passed" start-time="2026-04-25 07:55:50Z" end-time="2026-04-25 07:55:51Z" duration="0.099899" asserts="0">
                  <properties>
                    <property name="retryIteration" value="0" />
                    <property name="repeatIteration" value="0" />
                  </properties>
                </test-case>
                <test-case id="1022" name="Scenario3_AttemptsExceedMax_TransitionsToPermanentlyDisconnected" fullname="VTuberSystemBase.CoreIpc.Tests.Editor.ClientSessionManagerTests.Scenario3_AttemptsExceedMax_TransitionsToPermanentlyDisconnected" methodname="Scenario3_AttemptsExceedMax_TransitionsToPermanentlyDisconnected" classname="VTuberSystemBase.CoreIpc.Tests.Editor.ClientSessionManagerTests" runstate="Runnable" seed="402256030" result="Passed" start-time="2026-04-25 07:55:51Z" end-time="2026-04-25 07:55:51Z" duration="0.050145" asserts="0">
                  <properties>
                    <property name="retryIteration" value="0" />
                    <property name="repeatIteration" value="0" />
                  </properties>
                </test-case>
                <test-case id="1023" name="Scenario4_ShutdownDuringReconnect_StopsRetriesAndCleanlyDisconnects" fullname="VTuberSystemBase.CoreIpc.Tests.Editor.ClientSessionManagerTests.Scenario4_ShutdownDuringReconnect_StopsRetriesAndCleanlyDisconnects" methodname="Scenario4_ShutdownDuringReconnect_StopsRetriesAndCleanlyDisconnects" classname="VTuberSystemBase.CoreIpc.Tests.Editor.ClientSessionManagerTests" runstate="Runnable" seed="1321763140" result="Passed" start-time="2026-04-25 07:55:51Z" end-time="2026-04-25 07:55:51Z" duration="0.049951" asserts="0">
                  <properties>
                    <property name="retryIteration" value="0" />
                    <property name="repeatIteration" value="0" />
                  </properties>
                </test-case>
                <test-case id="1028" name="StartAsync_CalledTwice_Throws" fullname="VTuberSystemBase.CoreIpc.Tests.Editor.ClientSessionManagerTests.StartAsync_CalledTwice_Throws" methodname="StartAsync_CalledTwice_Throws" classname="VTuberSystemBase.CoreIpc.Tests.Editor.ClientSessionManagerTests" runstate="Runnable" seed="1232474953" result="Passed" start-time="2026-04-25 07:55:51Z" end-time="2026-04-25 07:55:51Z" duration="0.049580" asserts="0">
                  <properties>
                    <property name="retryIteration" value="0" />
                    <property name="repeatIteration" value="0" />
                  </properties>
                </test-case>
              </test-suite>
              <test-suite type="TestFixture" id="1029" name="ConnectionStateMachineTests" fullname="VTuberSystemBase.CoreIpc.Tests.Editor.ConnectionStateMachineTests" classname="VTuberSystemBase.CoreIpc.Tests.Editor.ConnectionStateMachineTests" runstate="Runnable" testcasecount="21" result="Passed" start-time="2026-04-25 07:55:51Z" end-time="2026-04-25 07:55:51Z" duration="0.011179" total="21" passed="21" failed="0" inconclusive="0" skipped="0" asserts="0">
                <properties />
                <test-case id="1039" name="AfterShutdown_DisconnectedToConnecting_IsSuppressed_AndLogsWarning" fullname="VTuberSystemBase.CoreIpc.Tests.Editor.ConnectionStateMachineTests.AfterShutdown_DisconnectedToConnecting_IsSuppressed_AndLogsWarning" methodname="AfterShutdown_DisconnectedToConnecting_IsSuppressed_AndLogsWarning" classname="VTuberSystemBase.CoreIpc.Tests.Editor.ConnectionStateMachineTests" runstate="Runnable" seed="1493598109" result="Passed" start-time="2026-04-25 07:55:51Z" end-time="2026-04-25 07:55:51Z" duration="0.001041" asserts="0">
                  <properties>
                    <property name="retryIteration" value="0" />
                    <property name="repeatIteration" value="0" />
                  </properties>
                </test-case>
                <test-case id="1050" name="FullReconnectScenario_DropAndRecover_FiresExpectedSequence" fullname="VTuberSystemBase.CoreIpc.Tests.Editor.ConnectionStateMachineTests.FullReconnectScenario_DropAndRecover_FiresExpectedSequence" methodname="FullReconnectScenario_DropAndRecover_FiresExpectedSequence" classname="VTuberSystemBase.CoreIpc.Tests.Editor.ConnectionStateMachineTests" runstate="Runnable" seed="399599500" result="Passed" start-time="2026-04-25 07:55:51Z" end-time="2026-04-25 07:55:51Z" duration="0.001260" asserts="0">
                  <properties>
                    <property name="retryIteration" value="0" />
                    <property name="repeatIteration" value="0" />
                  </properties>
                </test-case>
                <test-case id="1030" name="InitialState_IsDisconnected_AndShutdownNotRequested" fullname="VTuberSystemBase.CoreIpc.Tests.Editor.ConnectionStateMachineTests.InitialState_IsDisconnected_AndShutdownNotRequested" methodname="InitialState_IsDisconnected_AndShutdownNotRequested" classname="VTuberSystemBase.CoreIpc.Tests.Editor.ConnectionStateMachineTests" runstate="Runnable" seed="2067546021" result="Passed" start-time="2026-04-25 07:55:51Z" end-time="2026-04-25 07:55:51Z" duration="0.000131" asserts="0">
                  <properties>
                    <property name="retryIteration" value="0" />
                    <property name="repeatIteration" value="0" />
                  </properties>
                </test-case>
                <test-case id="1043" name="InvalidTransition_ConnectedToConnecting_IsIgnored_AndLogsWarning" fullname="VTuberSystemBase.CoreIpc.Tests.Editor.ConnectionStateMachineTests.InvalidTransition_ConnectedToConnecting_IsIgnored_AndLogsWarning" methodname="InvalidTransition_ConnectedToConnecting_IsIgnored_AndLogsWarning" classname="VTuberSystemBase.CoreIpc.Tests.Editor.ConnectionStateMachineTests" runstate="Runnable" seed="2050259126" result="Passed" start-time="2026-04-25 07:55:51Z" end-time="2026-04-25 07:55:51Z" duration="0.000214" asserts="0">
                  <properties>
                    <property name="retryIteration" value="0" />
                    <property name="repeatIteration" value="0" />
                  </properties>
                </test-case>
                <test-case id="1042" name="InvalidTransition_DisconnectedToConnected_IsIgnored_AndLogsWarning" fullname="VTuberSystemBase.CoreIpc.Tests.Editor.ConnectionStateMachineTests.InvalidTransition_DisconnectedToConnected_IsIgnored_AndLogsWarning" methodname="InvalidTransition_DisconnectedToConnected_IsIgnored_AndLogsWarning" classname="VTuberSystemBase.CoreIpc.Tests.Editor.ConnectionStateMachineTests" runstate="Runnable" seed="47300755" result="Passed" start-time="2026-04-25 07:55:51Z" end-time="2026-04-25 07:55:51Z" duration="0.000213" asserts="0">
                  <properties>
                    <property name="retryIteration" value="0" />
                    <property name="repeatIteration" value="0" />
                  </properties>
                </test-case>
                <test-case id="1045" name="InvalidTransition_DoesNotThrow" fullname="VTuberSystemBase.CoreIpc.Tests.Editor.ConnectionStateMachineTests.InvalidTransition_DoesNotThrow" methodname="InvalidTransition_DoesNotThrow" classname="VTuberSystemBase.CoreIpc.Tests.Editor.ConnectionStateMachineTests" runstate="Runnable" seed="1917632253" result="Passed" start-time="2026-04-25 07:55:51Z" end-time="2026-04-25 07:55:51Z" duration="0.000637" asserts="0">
                  <properties>
                    <property name="retryIteration" value="0" />
                    <property name="repeatIteration" value="0" />
                  </properties>
                </test-case>
                <test-case id="1044" name="InvalidTransition_PermanentlyDisconnectedToConnecting_IsIgnored" fullname="VTuberSystemBase.CoreIpc.Tests.Editor.ConnectionStateMachineTests.InvalidTransition_PermanentlyDisconnectedToConnecting_IsIgnored" methodname="InvalidTransition_PermanentlyDisconnectedToConnecting_IsIgnored" classname="VTuberSystemBase.CoreIpc.Tests.Editor.ConnectionStateMachineTests" runstate="Runnable" seed="1406485006" result="Passed" start-time="2026-04-25 07:55:51Z" end-time="2026-04-25 07:55:51Z" duration="0.000184" asserts="0">
                  <properties>
                    <property name="retryIteration" value="0" />
                    <property name="repeatIteration" value="0" />
                  </properties>
                </test-case>
                <test-case id="1031" name="Path1_Disconnected_To_Connecting_Succeeds" fullname="VTuberSystemBase.CoreIpc.Tests.Editor.ConnectionStateMachineTests.Path1_Disconnected_To_Connecting_Succeeds" methodname="Path1_Disconnected_To_Connecting_Succeeds" classname="VTuberSystemBase.CoreIpc.Tests.Editor.ConnectionStateMachineTests" runstate="Runnable" seed="2095933918" result="Passed" start-time="2026-04-25 07:55:51Z" end-time="2026-04-25 07:55:51Z" duration="0.000224" asserts="0">
                  <properties>
                    <property name="retryIteration" value="0" />
                    <property name="repeatIteration" value="0" />
                  </properties>
                </test-case>
                <test-case id="1032" name="Path2_Connecting_To_Connected_Succeeds" fullname="VTuberSystemBase.CoreIpc.Tests.Editor.ConnectionStateMachineTests.Path2_Connecting_To_Connected_Succeeds" methodname="Path2_Connecting_To_Connected_Succeeds" classname="VTuberSystemBase.CoreIpc.Tests.Editor.ConnectionStateMachineTests" runstate="Runnable" seed="1225925409" result="Passed" start-time="2026-04-25 07:55:51Z" end-time="2026-04-25 07:55:51Z" duration="0.000172" asserts="0">
                  <properties>
                    <property name="retryIteration" value="0" />
                    <property name="repeatIteration" value="0" />
                  </properties>
                </test-case>
                <test-case id="1033" name="Path3_Connecting_To_Disconnected_OnHandshakeFailure_Succeeds" fullname="VTuberSystemBase.CoreIpc.Tests.Editor.ConnectionStateMachineTests.Path3_Connecting_To_Disconnected_OnHandshakeFailure_Succeeds" methodname="Path3_Connecting_To_Disconnected_OnHandshakeFailure_Succeeds" classname="VTuberSystemBase.CoreIpc.Tests.Editor.ConnectionStateMachineTests" runstate="Runnable" seed="516229352" result="Passed" start-time="2026-04-25 07:55:51Z" end-time="2026-04-25 07:55:51Z" duration="0.000178" asserts="0">
                  <properties>
                    <property name="retryIteration" value="0" />
                    <property name="repeatIteration" value="0" />
                  </properties>
                </test-case>
                <test-case id="1034" name="Path4_Connected_To_Reconnecting_OnSocketDrop_Succeeds" fullname="VTuberSystemBase.CoreIpc.Tests.Editor.ConnectionStateMachineTests.Path4_Connected_To_Reconnecting_OnSocketDrop_Succeeds" methodname="Path4_Connected_To_Reconnecting_OnSocketDrop_Succeeds" classname="VTuberSystemBase.CoreIpc.Tests.Editor.ConnectionStateMachineTests" runstate="Runnable" seed="1194427787" result="Passed" start-time="2026-04-25 07:55:51Z" end-time="2026-04-25 07:55:51Z" duration="0.000173" asserts="0">
                  <properties>
                    <property name="retryIteration" value="0" />
                    <property name="repeatIteration" value="0" />
                  </properties>
                </test-case>
                <test-case id="1035" name="Path5_Reconnecting_To_Connecting_OnBackoffExpired_Succeeds" fullname="VTuberSystemBase.CoreIpc.Tests.Editor.ConnectionStateMachineTests.Path5_Reconnecting_To_Connecting_OnBackoffExpired_Succeeds" methodname="Path5_Reconnecting_To_Connecting_OnBackoffExpired_Succeeds" classname="VTuberSystemBase.CoreIpc.Tests.Editor.ConnectionStateMachineTests" runstate="Runnable" seed="696349395" result="Passed" start-time="2026-04-25 07:55:51Z" end-time="2026-04-25 07:55:51Z" duration="0.000203" asserts="0">
                  <properties>
                    <property name="retryIteration" value="0" />
                    <property name="repeatIteration" value="0" />
                  </properties>
                </test-case>
                <test-case id="1036" name="Path6_Reconnecting_To_PermanentlyDisconnected_OnMaxAttempts_Succeeds" fullname="VTuberSystemBase.CoreIpc.Tests.Editor.ConnectionStateMachineTests.Path6_Reconnecting_To_PermanentlyDisconnected_OnMaxAttempts_Succeeds" methodname="Path6_Reconnecting_To_PermanentlyDisconnected_OnMaxAttempts_Succeeds" classname="VTuberSystemBase.CoreIpc.Tests.Editor.ConnectionStateMachineTests" runstate="Runnable" seed="527725900" result="Passed" start-time="2026-04-25 07:55:51Z" end-time="2026-04-25 07:55:51Z" duration="0.000198" asserts="0">
                  <properties>
                    <property name="retryIteration" value="0" />
                    <property name="repeatIteration" value="0" />
                  </properties>
                </test-case>
                <test-case id="1037" name="Path7_Connected_To_Disconnected_OnShutdown_SetsFlag" fullname="VTuberSystemBase.CoreIpc.Tests.Editor.ConnectionStateMachineTests.Path7_Connected_To_Disconnected_OnShutdown_SetsFlag" methodname="Path7_Connected_To_Disconnected_OnShutdown_SetsFlag" classname="VTuberSystemBase.CoreIpc.Tests.Editor.ConnectionStateMachineTests" runstate="Runnable" seed="180211277" result="Passed" start-time="2026-04-25 07:55:51Z" end-time="2026-04-25 07:55:51Z" duration="0.000186" asserts="0">
                  <properties>
                    <property name="retryIteration" value="0" />
                    <property name="repeatIteration" value="0" />
                  </properties>
                </test-case>
                <test-case id="1038" name="Path8_Reconnecting_To_Disconnected_OnShutdown_SetsFlag" fullname="VTuberSystemBase.CoreIpc.Tests.Editor.ConnectionStateMachineTests.Path8_Reconnecting_To_Disconnected_OnShutdown_SetsFlag" methodname="Path8_Reconnecting_To_Disconnected_OnShutdown_SetsFlag" classname="VTuberSystemBase.CoreIpc.Tests.Editor.ConnectionStateMachineTests" runstate="Runnable" seed="1095080256" result="Passed" start-time="2026-04-25 07:55:51Z" end-time="2026-04-25 07:55:51Z" duration="0.000186" asserts="0">
                  <properties>
                    <property name="retryIteration" value="0" />
                    <property name="repeatIteration" value="0" />
                  </properties>
                </test-case>
                <test-case id="1046" name="SameStateTransition_IsNoOp_NoEvent_NoWarning" fullname="VTuberSystemBase.CoreIpc.Tests.Editor.ConnectionStateMachineTests.SameStateTransition_IsNoOp_NoEvent_NoWarning" methodname="SameStateTransition_IsNoOp_NoEvent_NoWarning" classname="VTuberSystemBase.CoreIpc.Tests.Editor.ConnectionStateMachineTests" runstate="Runnable" seed="527967408" result="Passed" start-time="2026-04-25 07:55:51Z" end-time="2026-04-25 07:55:51Z" duration="0.000180" asserts="0">
                  <properties>
                    <property name="retryIteration" value="0" />
                    <property name="repeatIteration" value="0" />
                  </properties>
                </test-case>
                <test-case id="1040" name="Shutdown_FromDisconnected_OnlySetsFlag_AndDoesNotFireEvent" fullname="VTuberSystemBase.CoreIpc.Tests.Editor.ConnectionStateMachineTests.Shutdown_FromDisconnected_OnlySetsFlag_AndDoesNotFireEvent" methodname="Shutdown_FromDisconnected_OnlySetsFlag_AndDoesNotFireEvent" classname="VTuberSystemBase.CoreIpc.Tests.Editor.ConnectionStateMachineTests" runstate="Runnable" seed="104305937" result="Passed" start-time="2026-04-25 07:55:51Z" end-time="2026-04-25 07:55:51Z" duration="0.000224" asserts="0">
                  <properties>
                    <property name="retryIteration" value="0" />
                    <property name="repeatIteration" value="0" />
                  </properties>
                </test-case>
                <test-case id="1041" name="Shutdown_TargetingNonDisconnected_IsRejected_AndLogsWarning" fullname="VTuberSystemBase.CoreIpc.Tests.Editor.ConnectionStateMachineTests.Shutdown_TargetingNonDisconnected_IsRejected_AndLogsWarning" methodname="Shutdown_TargetingNonDisconnected_IsRejected_AndLogsWarning" classname="VTuberSystemBase.CoreIpc.Tests.Editor.ConnectionStateMachineTests" runstate="Runnable" seed="1361012324" result="Passed" start-time="2026-04-25 07:55:51Z" end-time="2026-04-25 07:55:51Z" duration="0.000198" asserts="0">
                  <properties>
                    <property name="retryIteration" value="0" />
                    <property name="repeatIteration" value="0" />
                  </properties>
                </test-case>
                <test-case id="1048" name="StateChanged_DeliversPreviousAndCurrentInOrder" fullname="VTuberSystemBase.CoreIpc.Tests.Editor.ConnectionStateMachineTests.StateChanged_DeliversPreviousAndCurrentInOrder" methodname="StateChanged_DeliversPreviousAndCurrentInOrder" classname="VTuberSystemBase.CoreIpc.Tests.Editor.ConnectionStateMachineTests" runstate="Runnable" seed="484426061" result="Passed" start-time="2026-04-25 07:55:51Z" end-time="2026-04-25 07:55:51Z" duration="0.000234" asserts="0">
                  <properties>
                    <property name="retryIteration" value="0" />
                    <property name="repeatIteration" value="0" />
                  </properties>
                </test-case>
                <test-case id="1047" name="StateChanged_FiresExactlyOncePerTransition" fullname="VTuberSystemBase.CoreIpc.Tests.Editor.ConnectionStateMachineTests.StateChanged_FiresExactlyOncePerTransition" methodname="StateChanged_FiresExactlyOncePerTransition" classname="VTuberSystemBase.CoreIpc.Tests.Editor.ConnectionStateMachineTests" runstate="Runnable" seed="1907169352" result="Passed" start-time="2026-04-25 07:55:51Z" end-time="2026-04-25 07:55:51Z" duration="0.000180" asserts="0">
                  <properties>
                    <property name="retryIteration" value="0" />
                    <property name="repeatIteration" value="0" />
                  </properties>
                </test-case>
                <test-case id="1049" name="StateChanged_MultipleSubscribers_AllReceiveTransition" fullname="VTuberSystemBase.CoreIpc.Tests.Editor.ConnectionStateMachineTests.StateChanged_MultipleSubscribers_AllReceiveTransition" methodname="StateChanged_MultipleSubscribers_AllReceiveTransition" classname="VTuberSystemBase.CoreIpc.Tests.Editor.ConnectionStateMachineTests" runstate="Runnable" seed="2101878440" result="Passed" start-time="2026-04-25 07:55:51Z" end-time="2026-04-25 07:55:51Z" duration="0.000270" asserts="0">
                  <properties>
                    <property name="retryIteration" value="0" />
                    <property name="repeatIteration" value="0" />
                  </properties>
                </test-case>
              </test-suite>
              <test-suite type="TestFixture" id="1051" name="CoreIpcBusTests" fullname="VTuberSystemBase.CoreIpc.Tests.Editor.CoreIpcBusTests" classname="VTuberSystemBase.CoreIpc.Tests.Editor.CoreIpcBusTests" runstate="Runnable" testcasecount="24" result="Passed" start-time="2026-04-25 07:55:51Z" end-time="2026-04-25 07:55:51Z" duration="0.286469" total="24" passed="24" failed="0" inconclusive="0" skipped="0" asserts="0">
                <properties />
                <test-case id="1053" name="Ctor_NullCodec_Throws" fullname="VTuberSystemBase.CoreIpc.Tests.Editor.CoreIpcBusTests.Ctor_NullCodec_Throws" methodname="Ctor_NullCodec_Throws" classname="VTuberSystemBase.CoreIpc.Tests.Editor.CoreIpcBusTests" runstate="Runnable" seed="1109985483" result="Passed" start-time="2026-04-25 07:55:51Z" end-time="2026-04-25 07:55:51Z" duration="0.001139" asserts="0">
                  <properties>
                    <property name="retryIteration" value="0" />
                    <property name="repeatIteration" value="0" />
                  </properties>
                </test-case>
                <test-case id="1052" name="Ctor_NullOptions_Throws" fullname="VTuberSystemBase.CoreIpc.Tests.Editor.CoreIpcBusTests.Ctor_NullOptions_Throws" methodname="Ctor_NullOptions_Throws" classname="VTuberSystemBase.CoreIpc.Tests.Editor.CoreIpcBusTests" runstate="Runnable" seed="1234172881" result="Passed" start-time="2026-04-25 07:55:51Z" end-time="2026-04-25 07:55:51Z" duration="0.008587" asserts="0">
                  <properties>
                    <property name="retryIteration" value="0" />
                    <property name="repeatIteration" value="0" />
                  </properties>
                </test-case>
                <test-case id="1054" name="Ctor_NullOutbound_Throws" fullname="VTuberSystemBase.CoreIpc.Tests.Editor.CoreIpcBusTests.Ctor_NullOutbound_Throws" methodname="Ctor_NullOutbound_Throws" classname="VTuberSystemBase.CoreIpc.Tests.Editor.CoreIpcBusTests" runstate="Runnable" seed="256291844" result="Passed" start-time="2026-04-25 07:55:51Z" end-time="2026-04-25 07:55:51Z" duration="0.000226" asserts="0">
                  <properties>
                    <property name="retryIteration" value="0" />
                    <property name="repeatIteration" value="0" />
                  </properties>
                </test-case>
                <test-case id="1055" name="Diagnostics_ReturnsInjectedInstance" fullname="VTuberSystemBase.CoreIpc.Tests.Editor.CoreIpcBusTests.Diagnostics_ReturnsInjectedInstance" methodname="Diagnostics_ReturnsInjectedInstance" classname="VTuberSystemBase.CoreIpc.Tests.Editor.CoreIpcBusTests" runstate="Runnable" seed="971487364" result="Passed" start-time="2026-04-25 07:55:51Z" end-time="2026-04-25 07:55:51Z" duration="0.001210" asserts="0">
                  <properties>
                    <property name="retryIteration" value="0" />
                    <property name="repeatIteration" value="0" />
                  </properties>
                </test-case>
                <test-case id="1063" name="PublishEvent_AtOrUnderLimit_Succeeds_ButOverLimit_Fails" fullname="VTuberSystemBase.CoreIpc.Tests.Editor.CoreIpcBusTests.PublishEvent_AtOrUnderLimit_Succeeds_ButOverLimit_Fails" methodname="PublishEvent_AtOrUnderLimit_Succeeds_ButOverLimit_Fails" classname="VTuberSystemBase.CoreIpc.Tests.Editor.CoreIpcBusTests" runstate="Runnable" seed="1787729763" result="Passed" start-time="2026-04-25 07:55:51Z" end-time="2026-04-25 07:55:51Z" duration="0.042914" asserts="0">
                  <properties>
                    <property name="retryIteration" value="0" />
                    <property name="repeatIteration" value="0" />
                  </properties>
                </test-case>
                <test-case id="1065" name="PublishEvent_Success_SendsEncodedEventEnvelope" fullname="VTuberSystemBase.CoreIpc.Tests.Editor.CoreIpcBusTests.PublishEvent_Success_SendsEncodedEventEnvelope" methodname="PublishEvent_Success_SendsEncodedEventEnvelope" classname="VTuberSystemBase.CoreIpc.Tests.Editor.CoreIpcBusTests" runstate="Runnable" seed="1942890817" result="Passed" start-time="2026-04-25 07:55:51Z" end-time="2026-04-25 07:55:51Z" duration="0.008783" asserts="0">
                  <properties>
                    <property name="retryIteration" value="0" />
                    <property name="repeatIteration" value="0" />
                  </properties>
                </test-case>
                <test-case id="1057" name="PublishEvent_WhenNotConnected_ReturnsNotConnected" fullname="VTuberSystemBase.CoreIpc.Tests.Editor.CoreIpcBusTests.PublishEvent_WhenNotConnected_ReturnsNotConnected" methodname="PublishEvent_WhenNotConnected_ReturnsNotConnected" classname="VTuberSystemBase.CoreIpc.Tests.Editor.CoreIpcBusTests" runstate="Runnable" seed="659966895" result="Passed" start-time="2026-04-25 07:55:51Z" end-time="2026-04-25 07:55:51Z" duration="0.000282" asserts="0">
                  <properties>
                    <property name="retryIteration" value="0" />
                    <property name="repeatIteration" value="0" />
                  </properties>
                </test-case>
                <test-case id="1060" name="PublishEvent_WithNullTopic_ReturnsInvalidTopic" fullname="VTuberSystemBase.CoreIpc.Tests.Editor.CoreIpcBusTests.PublishEvent_WithNullTopic_ReturnsInvalidTopic" methodname="PublishEvent_WithNullTopic_ReturnsInvalidTopic" classname="VTuberSystemBase.CoreIpc.Tests.Editor.CoreIpcBusTests" runstate="Runnable" seed="305623850" result="Passed" start-time="2026-04-25 07:55:51Z" end-time="2026-04-25 07:55:51Z" duration="0.000416" asserts="0">
                  <properties>
                    <property name="retryIteration" value="0" />
                    <property name="repeatIteration" value="0" />
                  </properties>
                </test-case>
                <test-case id="1064" name="PublishState_Success_SendsEncodedStateEnvelope" fullname="VTuberSystemBase.CoreIpc.Tests.Editor.CoreIpcBusTests.PublishState_Success_SendsEncodedStateEnvelope" methodname="PublishState_Success_SendsEncodedStateEnvelope" classname="VTuberSystemBase.CoreIpc.Tests.Editor.CoreIpcBusTests" runstate="Runnable" seed="542502975" result="Passed" start-time="2026-04-25 07:55:51Z" end-time="2026-04-25 07:55:51Z" duration="0.001252" asserts="0">
                  <properties>
                    <property name="retryIteration" value="0" />
                    <property name="repeatIteration" value="0" />
                  </properties>
                </test-case>
                <test-case id="1056" name="PublishState_WhenNotConnected_ReturnsNotConnected" fullname="VTuberSystemBase.CoreIpc.Tests.Editor.CoreIpcBusTests.PublishState_WhenNotConnected_ReturnsNotConnected" methodname="PublishState_WhenNotConnected_ReturnsNotConnected" classname="VTuberSystemBase.CoreIpc.Tests.Editor.CoreIpcBusTests" runstate="Runnable" seed="16304229" result="Passed" start-time="2026-04-25 07:55:51Z" end-time="2026-04-25 07:55:51Z" duration="0.000196" asserts="0">
                  <properties>
                    <property name="retryIteration" value="0" />
                    <property name="repeatIteration" value="0" />
                  </properties>
                </test-case>
                <test-case id="1059" name="PublishState_WithEmptyTopic_ReturnsInvalidTopic" fullname="VTuberSystemBase.CoreIpc.Tests.Editor.CoreIpcBusTests.PublishState_WithEmptyTopic_ReturnsInvalidTopic" methodname="PublishState_WithEmptyTopic_ReturnsInvalidTopic" classname="VTuberSystemBase.CoreIpc.Tests.Editor.CoreIpcBusTests" runstate="Runnable" seed="1957695290" result="Passed" start-time="2026-04-25 07:55:51Z" end-time="2026-04-25 07:55:51Z" duration="0.000184" asserts="0">
                  <properties>
                    <property name="retryIteration" value="0" />
                    <property name="repeatIteration" value="0" />
                  </properties>
                </test-case>
                <test-case id="1062" name="PublishState_WithOversizedPayload_ReturnsSizeLimitExceeded" fullname="VTuberSystemBase.CoreIpc.Tests.Editor.CoreIpcBusTests.PublishState_WithOversizedPayload_ReturnsSizeLimitExceeded" methodname="PublishState_WithOversizedPayload_ReturnsSizeLimitExceeded" classname="VTuberSystemBase.CoreIpc.Tests.Editor.CoreIpcBusTests" runstate="Runnable" seed="209295768" result="Passed" start-time="2026-04-25 07:55:51Z" end-time="2026-04-25 07:55:51Z" duration="0.001823" asserts="0">
                  <properties>
                    <property name="retryIteration" value="0" />
                    <property name="repeatIteration" value="0" />
                  </properties>
                </test-case>
                <test-case id="1075" name="RegisterRequestHandler_NullArgs_Throws" fullname="VTuberSystemBase.CoreIpc.Tests.Editor.CoreIpcBusTests.RegisterRequestHandler_NullArgs_Throws" methodname="RegisterRequestHandler_NullArgs_Throws" classname="VTuberSystemBase.CoreIpc.Tests.Editor.CoreIpcBusTests" runstate="Runnable" seed="946056955" result="Passed" start-time="2026-04-25 07:55:51Z" end-time="2026-04-25 07:55:51Z" duration="0.000526" asserts="0">
                  <properties>
                    <property name="retryIteration" value="0" />
                    <property name="repeatIteration" value="0" />
                  </properties>
                </test-case>
                <test-case id="1074" name="RegisterRequestHandler_RegistersUnderRequestKind_AndSendsResponseEnvelope" fullname="VTuberSystemBase.CoreIpc.Tests.Editor.CoreIpcBusTests.RegisterRequestHandler_RegistersUnderRequestKind_AndSendsResponseEnvelope" methodname="RegisterRequestHandler_RegistersUnderRequestKind_AndSendsResponseEnvelope" classname="VTuberSystemBase.CoreIpc.Tests.Editor.CoreIpcBusTests" runstate="Runnable" seed="2119480790" result="Passed" start-time="2026-04-25 07:55:51Z" end-time="2026-04-25 07:55:51Z" duration="0.006997" asserts="0">
                  <properties>
                    <property name="retryIteration" value="0" />
                    <property name="repeatIteration" value="0" />
                  </properties>
                </test-case>
                <test-case id="1066" name="RequestAsync_AllocatesCorrelationId_AndSendsRequestEnvelope" fullname="VTuberSystemBase.CoreIpc.Tests.Editor.CoreIpcBusTests.RequestAsync_AllocatesCorrelationId_AndSendsRequestEnvelope" methodname="RequestAsync_AllocatesCorrelationId_AndSendsRequestEnvelope" classname="VTuberSystemBase.CoreIpc.Tests.Editor.CoreIpcBusTests" runstate="Runnable" seed="1391008568" result="Passed" start-time="2026-04-25 07:55:51Z" end-time="2026-04-25 07:55:51Z" duration="0.097188" asserts="0">
                  <properties>
                    <property name="retryIteration" value="0" />
                    <property name="repeatIteration" value="0" />
                  </properties>
                </test-case>
                <test-case id="1067" name="RequestAsync_NoResponse_ReturnsRequestTimeout" fullname="VTuberSystemBase.CoreIpc.Tests.Editor.CoreIpcBusTests.RequestAsync_NoResponse_ReturnsRequestTimeout" methodname="RequestAsync_NoResponse_ReturnsRequestTimeout" classname="VTuberSystemBase.CoreIpc.Tests.Editor.CoreIpcBusTests" runstate="Runnable" seed="781647772" result="Passed" start-time="2026-04-25 07:55:51Z" end-time="2026-04-25 07:55:51Z" duration="0.099990" asserts="0">
                  <properties>
                    <property name="retryIteration" value="0" />
                    <property name="repeatIteration" value="0" />
                  </properties>
                </test-case>
                <test-case id="1068" name="RequestAsync_SendThrows_FailsPending_AndReturnsTransportFailure" fullname="VTuberSystemBase.CoreIpc.Tests.Editor.CoreIpcBusTests.RequestAsync_SendThrows_FailsPending_AndReturnsTransportFailure" methodname="RequestAsync_SendThrows_FailsPending_AndReturnsTransportFailure" classname="VTuberSystemBase.CoreIpc.Tests.Editor.CoreIpcBusTests" runstate="Runnable" seed="1608347897" result="Passed" start-time="2026-04-25 07:55:51Z" end-time="2026-04-25 07:55:51Z" duration="0.002513" asserts="0">
                  <properties>
                    <property name="retryIteration" value="0" />
                    <property name="repeatIteration" value="0" />
                  </properties>
                </test-case>
                <test-case id="1058" name="RequestAsync_WhenNotConnected_ReturnsNotConnected" fullname="VTuberSystemBase.CoreIpc.Tests.Editor.CoreIpcBusTests.RequestAsync_WhenNotConnected_ReturnsNotConnected" methodname="RequestAsync_WhenNotConnected_ReturnsNotConnected" classname="VTuberSystemBase.CoreIpc.Tests.Editor.CoreIpcBusTests" runstate="Runnable" seed="987537717" result="Passed" start-time="2026-04-25 07:55:51Z" end-time="2026-04-25 07:55:51Z" duration="0.000969" asserts="0">
                  <properties>
                    <property name="retryIteration" value="0" />
                    <property name="repeatIteration" value="0" />
                  </properties>
                </test-case>
                <test-case id="1061" name="RequestAsync_WithEmptyTopic_ReturnsInvalidTopic" fullname="VTuberSystemBase.CoreIpc.Tests.Editor.CoreIpcBusTests.RequestAsync_WithEmptyTopic_ReturnsInvalidTopic" methodname="RequestAsync_WithEmptyTopic_ReturnsInvalidTopic" classname="VTuberSystemBase.CoreIpc.Tests.Editor.CoreIpcBusTests" runstate="Runnable" seed="2107021786" result="Passed" start-time="2026-04-25 07:55:51Z" end-time="2026-04-25 07:55:51Z" duration="0.000831" asserts="0">
                  <properties>
                    <property name="retryIteration" value="0" />
                    <property name="repeatIteration" value="0" />
                  </properties>
                </test-case>
                <test-case id="1071" name="Subscribe_DisposeToken_RemovesRegistration" fullname="VTuberSystemBase.CoreIpc.Tests.Editor.CoreIpcBusTests.Subscribe_DisposeToken_RemovesRegistration" methodname="Subscribe_DisposeToken_RemovesRegistration" classname="VTuberSystemBase.CoreIpc.Tests.Editor.CoreIpcBusTests" runstate="Runnable" seed="1696178388" result="Passed" start-time="2026-04-25 07:55:51Z" end-time="2026-04-25 07:55:51Z" duration="0.000432" asserts="0">
                  <properties>
                    <property name="retryIteration" value="0" />
                    <property name="repeatIteration" value="0" />
                  </properties>
                </test-case>
                <test-case id="1073" name="Subscribe_NullHandler_Throws" fullname="VTuberSystemBase.CoreIpc.Tests.Editor.CoreIpcBusTests.Subscribe_NullHandler_Throws" methodname="Subscribe_NullHandler_Throws" classname="VTuberSystemBase.CoreIpc.Tests.Editor.CoreIpcBusTests" runstate="Runnable" seed="1828652116" result="Passed" start-time="2026-04-25 07:55:51Z" end-time="2026-04-25 07:55:51Z" duration="0.000335" asserts="0">
                  <properties>
                    <property name="retryIteration" value="0" />
                    <property name="repeatIteration" value="0" />
                  </properties>
                </test-case>
                <test-case id="1072" name="Subscribe_NullTopicOrEmpty_Throws" fullname="VTuberSystemBase.CoreIpc.Tests.Editor.CoreIpcBusTests.Subscribe_NullTopicOrEmpty_Throws" methodname="Subscribe_NullTopicOrEmpty_Throws" classname="VTuberSystemBase.CoreIpc.Tests.Editor.CoreIpcBusTests" runstate="Runnable" seed="1202193605" result="Passed" start-time="2026-04-25 07:55:51Z" end-time="2026-04-25 07:55:51Z" duration="0.000320" asserts="0">
                  <properties>
                    <property name="retryIteration" value="0" />
                    <property name="repeatIteration" value="0" />
                  </properties>
                </test-case>
                <test-case id="1070" name="SubscribeEvent_DelegatesToRegistry_AndDispatchInvokesHandler" fullname="VTuberSystemBase.CoreIpc.Tests.Editor.CoreIpcBusTests.SubscribeEvent_DelegatesToRegistry_AndDispatchInvokesHandler" methodname="SubscribeEvent_DelegatesToRegistry_AndDispatchInvokesHandler" classname="VTuberSystemBase.CoreIpc.Tests.Editor.CoreIpcBusTests" runstate="Runnable" seed="1582506314" result="Passed" start-time="2026-04-25 07:55:51Z" end-time="2026-04-25 07:55:51Z" duration="0.003745" asserts="0">
                  <properties>
                    <property name="retryIteration" value="0" />
                    <property name="repeatIteration" value="0" />
                  </properties>
                </test-case>
                <test-case id="1069" name="SubscribeState_DelegatesToRegistry_AndDispatchInvokesHandlerWithDeserializedPayload" fullname="VTuberSystemBase.CoreIpc.Tests.Editor.CoreIpcBusTests.SubscribeState_DelegatesToRegistry_AndDispatchInvokesHandlerWithDeserializedPayload" methodname="SubscribeState_DelegatesToRegistry_AndDispatchInvokesHandlerWithDeserializedPayload" classname="VTuberSystemBase.CoreIpc.Tests.Editor.CoreIpcBusTests" runstate="Runnable" seed="835114240" result="Passed" start-time="2026-04-25 07:55:51Z" end-time="2026-04-25 07:55:51Z" duration="0.001572" asserts="0">
                  <properties>
                    <property name="retryIteration" value="0" />
                    <property name="repeatIteration" value="0" />
                  </properties>
                </test-case>
              </test-suite>
              <test-suite type="TestFixture" id="1076" name="CoreIpcConfigLoaderTests" fullname="VTuberSystemBase.CoreIpc.Tests.Editor.CoreIpcConfigLoaderTests" classname="VTuberSystemBase.CoreIpc.Tests.Editor.CoreIpcConfigLoaderTests" runstate="Runnable" testcasecount="10" result="Passed" start-time="2026-04-25 07:55:51Z" end-time="2026-04-25 07:55:51Z" duration="0.018699" total="10" passed="10" failed="0" inconclusive="0" skipped="0" asserts="0">
                <properties />
                <test-case id="1084" name="GetDefaultAppDataPath_IncludesVTuberSystemBaseSubdirectory" fullname="VTuberSystemBase.CoreIpc.Tests.Editor.CoreIpcConfigLoaderTests.GetDefaultAppDataPath_IncludesVTuberSystemBaseSubdirectory" methodname="GetDefaultAppDataPath_IncludesVTuberSystemBaseSubdirectory" classname="VTuberSystemBase.CoreIpc.Tests.Editor.CoreIpcConfigLoaderTests" runstate="Runnable" seed="69024712" result="Passed" start-time="2026-04-25 07:55:51Z" end-time="2026-04-25 07:55:51Z" duration="0.001440" asserts="0">
                  <properties>
                    <property name="retryIteration" value="0" />
                    <property name="repeatIteration" value="0" />
                  </properties>
                </test-case>
                <test-case id="1085" name="GetDefaultStreamingAssetsPath_EndsWithExpectedFileName" fullname="VTuberSystemBase.CoreIpc.Tests.Editor.CoreIpcConfigLoaderTests.GetDefaultStreamingAssetsPath_EndsWithExpectedFileName" methodname="GetDefaultStreamingAssetsPath_EndsWithExpectedFileName" classname="VTuberSystemBase.CoreIpc.Tests.Editor.CoreIpcConfigLoaderTests" runstate="Runnable" seed="1290532776" result="Passed" start-time="2026-04-25 07:55:51Z" end-time="2026-04-25 07:55:51Z" duration="0.000361" asserts="0">
                  <properties>
                    <property name="retryIteration" value="0" />
                    <property name="repeatIteration" value="0" />
                  </properties>
                </test-case>
                <test-case id="1081" name="Load_AppliesThreeLayerPrecedence_AppDataWinsThenStreamingThenResource" fullname="VTuberSystemBase.CoreIpc.Tests.Editor.CoreIpcConfigLoaderTests.Load_AppliesThreeLayerPrecedence_AppDataWinsThenStreamingThenResource" methodname="Load_AppliesThreeLayerPrecedence_AppDataWinsThenStreamingThenResource" classname="VTuberSystemBase.CoreIpc.Tests.Editor.CoreIpcConfigLoaderTests" runstate="Runnable" seed="887739403" result="Passed" start-time="2026-04-25 07:55:51Z" end-time="2026-04-25 07:55:51Z" duration="0.002248" asserts="0">
                  <properties>
                    <property name="retryIteration" value="0" />
                    <property name="repeatIteration" value="0" />
                  </properties>
                </test-case>
                <test-case id="1086" name="Load_NullContext_Throws" fullname="VTuberSystemBase.CoreIpc.Tests.Editor.CoreIpcConfigLoaderTests.Load_NullContext_Throws" methodname="Load_NullContext_Throws" classname="VTuberSystemBase.CoreIpc.Tests.Editor.CoreIpcConfigLoaderTests" runstate="Runnable" seed="666578226" result="Passed" start-time="2026-04-25 07:55:51Z" end-time="2026-04-25 07:55:51Z" duration="0.000215" asserts="0">
                  <properties>
                    <property name="retryIteration" value="0" />
                    <property name="repeatIteration" value="0" />
                  </properties>
                </test-case>
                <test-case id="1082" name="Load_PartialOverride_PreservesUnspecifiedFieldsFromLowerLayer" fullname="VTuberSystemBase.CoreIpc.Tests.Editor.CoreIpcConfigLoaderTests.Load_PartialOverride_PreservesUnspecifiedFieldsFromLowerLayer" methodname="Load_PartialOverride_PreservesUnspecifiedFieldsFromLowerLayer" classname="VTuberSystemBase.CoreIpc.Tests.Editor.CoreIpcConfigLoaderTests" runstate="Runnable" seed="284244156" result="Passed" start-time="2026-04-25 07:55:51Z" end-time="2026-04-25 07:55:51Z" duration="0.000458" asserts="0">
                  <properties>
                    <property name="retryIteration" value="0" />
                    <property name="repeatIteration" value="0" />
                  </properties>
                </test-case>
                <test-case id="1080" name="Load_WithAppDataJsonOnly_AppliesPortChange" fullname="VTuberSystemBase.CoreIpc.Tests.Editor.CoreIpcConfigLoaderTests.Load_WithAppDataJsonOnly_AppliesPortChange" methodname="Load_WithAppDataJsonOnly_AppliesPortChange" classname="VTuberSystemBase.CoreIpc.Tests.Editor.CoreIpcConfigLoaderTests" runstate="Runnable" seed="136080231" result="Passed" start-time="2026-04-25 07:55:51Z" end-time="2026-04-25 07:55:51Z" duration="0.000264" asserts="0">
                  <properties>
                    <property name="retryIteration" value="0" />
                    <property name="repeatIteration" value="0" />
                  </properties>
                </test-case>
                <test-case id="1077" name="Load_WithEmptyContext_ReturnsEmbeddedDefaults" fullname="VTuberSystemBase.CoreIpc.Tests.Editor.CoreIpcConfigLoaderTests.Load_WithEmptyContext_ReturnsEmbeddedDefaults" methodname="Load_WithEmptyContext_ReturnsEmbeddedDefaults" classname="VTuberSystemBase.CoreIpc.Tests.Editor.CoreIpcConfigLoaderTests" runstate="Runnable" seed="899260148" result="Passed" start-time="2026-04-25 07:55:51Z" end-time="2026-04-25 07:55:51Z" duration="0.000221" asserts="0">
                  <properties>
                    <property name="retryIteration" value="0" />
                    <property name="repeatIteration" value="0" />
                  </properties>
                </test-case>
                <test-case id="1083" name="Load_WithInvalidJson_FallsBackToPriorLayerWithoutThrowing" fullname="VTuberSystemBase.CoreIpc.Tests.Editor.CoreIpcConfigLoaderTests.Load_WithInvalidJson_FallsBackToPriorLayerWithoutThrowing" methodname="Load_WithInvalidJson_FallsBackToPriorLayerWithoutThrowing" classname="VTuberSystemBase.CoreIpc.Tests.Editor.CoreIpcConfigLoaderTests" runstate="Runnable" seed="31001426" result="Passed" start-time="2026-04-25 07:55:51Z" end-time="2026-04-25 07:55:51Z" duration="0.010228" asserts="0">
                  <properties>
                    <property name="retryIteration" value="0" />
                    <property name="repeatIteration" value="0" />
                  </properties>
                  <output><![CDATA[[CoreIpcConfigLoader] Invalid JSON from %AppData%: 'n' is an invalid start of a property name. Expected a '"'. LineNumber: 0 | BytePositionInLine: 2.
]]></output>
                </test-case>
                <test-case id="1078" name="Load_WithResourcesAssetOnly_AppliesAssetValues" fullname="VTuberSystemBase.CoreIpc.Tests.Editor.CoreIpcConfigLoaderTests.Load_WithResourcesAssetOnly_AppliesAssetValues" methodname="Load_WithResourcesAssetOnly_AppliesAssetValues" classname="VTuberSystemBase.CoreIpc.Tests.Editor.CoreIpcConfigLoaderTests" runstate="Runnable" seed="1282558038" result="Passed" start-time="2026-04-25 07:55:51Z" end-time="2026-04-25 07:55:51Z" duration="0.000386" asserts="0">
                  <properties>
                    <property name="retryIteration" value="0" />
                    <property name="repeatIteration" value="0" />
                  </properties>
                </test-case>
                <test-case id="1079" name="Load_WithStreamingAssetsJsonOnly_OverridesDefaultsForSpecifiedFields" fullname="VTuberSystemBase.CoreIpc.Tests.Editor.CoreIpcConfigLoaderTests.Load_WithStreamingAssetsJsonOnly_OverridesDefaultsForSpecifiedFields" methodname="Load_WithStreamingAssetsJsonOnly_OverridesDefaultsForSpecifiedFields" classname="VTuberSystemBase.CoreIpc.Tests.Editor.CoreIpcConfigLoaderTests" runstate="Runnable" seed="1888851807" result="Passed" start-time="2026-04-25 07:55:51Z" end-time="2026-04-25 07:55:51Z" duration="0.000457" asserts="0">
                  <properties>
                    <property name="retryIteration" value="0" />
                    <property name="repeatIteration" value="0" />
                  </properties>
                </test-case>
              </test-suite>
              <test-suite type="TestFixture" id="1087" name="CoreIpcDiagnosticsTests" fullname="VTuberSystemBase.CoreIpc.Tests.Editor.CoreIpcDiagnosticsTests" classname="VTuberSystemBase.CoreIpc.Tests.Editor.CoreIpcDiagnosticsTests" runstate="Runnable" testcasecount="15" result="Passed" start-time="2026-04-25 07:55:51Z" end-time="2026-04-25 07:55:51Z" duration="0.010697" total="15" passed="15" failed="0" inconclusive="0" skipped="0" asserts="0">
                <properties />
                <test-case id="1094" name="ConnectionStateChanged_DoesNotFireForInvalidTransition" fullname="VTuberSystemBase.CoreIpc.Tests.Editor.CoreIpcDiagnosticsTests.ConnectionStateChanged_DoesNotFireForInvalidTransition" methodname="ConnectionStateChanged_DoesNotFireForInvalidTransition" classname="VTuberSystemBase.CoreIpc.Tests.Editor.CoreIpcDiagnosticsTests" runstate="Runnable" seed="54249467" result="Passed" start-time="2026-04-25 07:55:51Z" end-time="2026-04-25 07:55:51Z" duration="0.000774" asserts="0">
                  <properties>
                    <property name="retryIteration" value="0" />
                    <property name="repeatIteration" value="0" />
                  </properties>
                </test-case>
                <test-case id="1093" name="ConnectionStateChanged_DoesNotFireForNoOpTransition" fullname="VTuberSystemBase.CoreIpc.Tests.Editor.CoreIpcDiagnosticsTests.ConnectionStateChanged_DoesNotFireForNoOpTransition" methodname="ConnectionStateChanged_DoesNotFireForNoOpTransition" classname="VTuberSystemBase.CoreIpc.Tests.Editor.CoreIpcDiagnosticsTests" runstate="Runnable" seed="127091061" result="Passed" start-time="2026-04-25 07:55:51Z" end-time="2026-04-25 07:55:51Z" duration="0.000198" asserts="0">
                  <properties>
                    <property name="retryIteration" value="0" />
                    <property name="repeatIteration" value="0" />
                  </properties>
                </test-case>
                <test-case id="1092" name="ConnectionStateChanged_FiresOncePerTransition" fullname="VTuberSystemBase.CoreIpc.Tests.Editor.CoreIpcDiagnosticsTests.ConnectionStateChanged_FiresOncePerTransition" methodname="ConnectionStateChanged_FiresOncePerTransition" classname="VTuberSystemBase.CoreIpc.Tests.Editor.CoreIpcDiagnosticsTests" runstate="Runnable" seed="755339868" result="Passed" start-time="2026-04-25 07:55:51Z" end-time="2026-04-25 07:55:51Z" duration="0.000379" asserts="0">
                  <properties>
                    <property name="retryIteration" value="0" />
                    <property name="repeatIteration" value="0" />
                  </properties>
                </test-case>
                <test-case id="1095" name="ConnectionStateChanged_MultipleSubscribers_AllReceiveEachEvent" fullname="VTuberSystemBase.CoreIpc.Tests.Editor.CoreIpcDiagnosticsTests.ConnectionStateChanged_MultipleSubscribers_AllReceiveEachEvent" methodname="ConnectionStateChanged_MultipleSubscribers_AllReceiveEachEvent" classname="VTuberSystemBase.CoreIpc.Tests.Editor.CoreIpcDiagnosticsTests" runstate="Runnable" seed="1349409397" result="Passed" start-time="2026-04-25 07:55:51Z" end-time="2026-04-25 07:55:51Z" duration="0.000263" asserts="0">
                  <properties>
                    <property name="retryIteration" value="0" />
                    <property name="repeatIteration" value="0" />
                  </properties>
                </test-case>
                <test-case id="1090" name="CurrentState_ReflectsStateMachine" fullname="VTuberSystemBase.CoreIpc.Tests.Editor.CoreIpcDiagnosticsTests.CurrentState_ReflectsStateMachine" methodname="CurrentState_ReflectsStateMachine" classname="VTuberSystemBase.CoreIpc.Tests.Editor.CoreIpcDiagnosticsTests" runstate="Runnable" seed="327095060" result="Passed" start-time="2026-04-25 07:55:51Z" end-time="2026-04-25 07:55:51Z" duration="0.000183" asserts="0">
                  <properties>
                    <property name="retryIteration" value="0" />
                    <property name="repeatIteration" value="0" />
                  </properties>
                </test-case>
                <test-case id="1089" name="DefaultProviders_ReturnZero" fullname="VTuberSystemBase.CoreIpc.Tests.Editor.CoreIpcDiagnosticsTests.DefaultProviders_ReturnZero" methodname="DefaultProviders_ReturnZero" classname="VTuberSystemBase.CoreIpc.Tests.Editor.CoreIpcDiagnosticsTests" runstate="Runnable" seed="308633789" result="Passed" start-time="2026-04-25 07:55:51Z" end-time="2026-04-25 07:55:51Z" duration="0.000243" asserts="0">
                  <properties>
                    <property name="retryIteration" value="0" />
                    <property name="repeatIteration" value="0" />
                  </properties>
                </test-case>
                <test-case id="1100" name="Dispose_IsIdempotent" fullname="VTuberSystemBase.CoreIpc.Tests.Editor.CoreIpcDiagnosticsTests.Dispose_IsIdempotent" methodname="Dispose_IsIdempotent" classname="VTuberSystemBase.CoreIpc.Tests.Editor.CoreIpcDiagnosticsTests" runstate="Runnable" seed="1110531841" result="Passed" start-time="2026-04-25 07:55:51Z" end-time="2026-04-25 07:55:51Z" duration="0.000188" asserts="0">
                  <properties>
                    <property name="retryIteration" value="0" />
                    <property name="repeatIteration" value="0" />
                  </properties>
                </test-case>
                <test-case id="1099" name="Dispose_UnsubscribesFromStateMachine" fullname="VTuberSystemBase.CoreIpc.Tests.Editor.CoreIpcDiagnosticsTests.Dispose_UnsubscribesFromStateMachine" methodname="Dispose_UnsubscribesFromStateMachine" classname="VTuberSystemBase.CoreIpc.Tests.Editor.CoreIpcDiagnosticsTests" runstate="Runnable" seed="1232006670" result="Passed" start-time="2026-04-25 07:55:51Z" end-time="2026-04-25 07:55:51Z" duration="0.000187" asserts="0">
                  <properties>
                    <property name="retryIteration" value="0" />
                    <property name="repeatIteration" value="0" />
                  </properties>
                </test-case>
                <test-case id="1102" name="IConnectionDiagnosticsEvent_IsBackedByStateMachine" fullname="VTuberSystemBase.CoreIpc.Tests.Editor.CoreIpcDiagnosticsTests.IConnectionDiagnosticsEvent_IsBackedByStateMachine" methodname="IConnectionDiagnosticsEvent_IsBackedByStateMachine" classname="VTuberSystemBase.CoreIpc.Tests.Editor.CoreIpcDiagnosticsTests" runstate="Runnable" seed="404674670" result="Passed" start-time="2026-04-25 07:55:51Z" end-time="2026-04-25 07:55:51Z" duration="0.000223" asserts="0">
                  <properties>
                    <property name="retryIteration" value="0" />
                    <property name="repeatIteration" value="0" />
                  </properties>
                </test-case>
                <test-case id="1101" name="ImplementsIConnectionDiagnostics" fullname="VTuberSystemBase.CoreIpc.Tests.Editor.CoreIpcDiagnosticsTests.ImplementsIConnectionDiagnostics" methodname="ImplementsIConnectionDiagnostics" classname="VTuberSystemBase.CoreIpc.Tests.Editor.CoreIpcDiagnosticsTests" runstate="Runnable" seed="324374521" result="Passed" start-time="2026-04-25 07:55:51Z" end-time="2026-04-25 07:55:51Z" duration="0.000142" asserts="0">
                  <properties>
                    <property name="retryIteration" value="0" />
                    <property name="repeatIteration" value="0" />
                  </properties>
                </test-case>
                <test-case id="1091" name="LiveProviders_AreInvokedEachAccess" fullname="VTuberSystemBase.CoreIpc.Tests.Editor.CoreIpcDiagnosticsTests.LiveProviders_AreInvokedEachAccess" methodname="LiveProviders_AreInvokedEachAccess" classname="VTuberSystemBase.CoreIpc.Tests.Editor.CoreIpcDiagnosticsTests" runstate="Runnable" seed="839737220" result="Passed" start-time="2026-04-25 07:55:51Z" end-time="2026-04-25 07:55:51Z" duration="0.000309" asserts="0">
                  <properties>
                    <property name="retryIteration" value="0" />
                    <property name="repeatIteration" value="0" />
                  </properties>
                </test-case>
                <test-case id="1088" name="NullStateMachine_Throws" fullname="VTuberSystemBase.CoreIpc.Tests.Editor.CoreIpcDiagnosticsTests.NullStateMachine_Throws" methodname="NullStateMachine_Throws" classname="VTuberSystemBase.CoreIpc.Tests.Editor.CoreIpcDiagnosticsTests" runstate="Runnable" seed="1859582135" result="Passed" start-time="2026-04-25 07:55:51Z" end-time="2026-04-25 07:55:51Z" duration="0.000222" asserts="0">
                  <properties>
                    <property name="retryIteration" value="0" />
                    <property name="repeatIteration" value="0" />
                  </properties>
                </test-case>
                <test-case id="1098" name="TakeSnapshot_DefaultNow_IsRecent" fullname="VTuberSystemBase.CoreIpc.Tests.Editor.CoreIpcDiagnosticsTests.TakeSnapshot_DefaultNow_IsRecent" methodname="TakeSnapshot_DefaultNow_IsRecent" classname="VTuberSystemBase.CoreIpc.Tests.Editor.CoreIpcDiagnosticsTests" runstate="Runnable" seed="1868364444" result="Passed" start-time="2026-04-25 07:55:51Z" end-time="2026-04-25 07:55:51Z" duration="0.002918" asserts="0">
                  <properties>
                    <property name="retryIteration" value="0" />
                    <property name="repeatIteration" value="0" />
                  </properties>
                </test-case>
                <test-case id="1097" name="TakeSnapshot_IsImmutableValueRecord" fullname="VTuberSystemBase.CoreIpc.Tests.Editor.CoreIpcDiagnosticsTests.TakeSnapshot_IsImmutableValueRecord" methodname="TakeSnapshot_IsImmutableValueRecord" classname="VTuberSystemBase.CoreIpc.Tests.Editor.CoreIpcDiagnosticsTests" runstate="Runnable" seed="61722244" result="Passed" start-time="2026-04-25 07:55:51Z" end-time="2026-04-25 07:55:51Z" duration="0.000221" asserts="0">
                  <properties>
                    <property name="retryIteration" value="0" />
                    <property name="repeatIteration" value="0" />
                  </properties>
                </test-case>
                <test-case id="1096" name="TakeSnapshot_ReturnsConsistentValues" fullname="VTuberSystemBase.CoreIpc.Tests.Editor.CoreIpcDiagnosticsTests.TakeSnapshot_ReturnsConsistentValues" methodname="TakeSnapshot_ReturnsConsistentValues" classname="VTuberSystemBase.CoreIpc.Tests.Editor.CoreIpcDiagnosticsTests" runstate="Runnable" seed="1522515923" result="Passed" start-time="2026-04-25 07:55:51Z" end-time="2026-04-25 07:55:51Z" duration="0.000385" asserts="0">
                  <properties>
                    <property name="retryIteration" value="0" />
                    <property name="repeatIteration" value="0" />
                  </properties>
                </test-case>
              </test-suite>
              <test-suite type="TestFixture" id="1103" name="CoreIpcErrorVariantsTests" fullname="VTuberSystemBase.CoreIpc.Tests.Editor.CoreIpcErrorVariantsTests" classname="VTuberSystemBase.CoreIpc.Tests.Editor.CoreIpcErrorVariantsTests" runstate="Runnable" testcasecount="4" result="Passed" start-time="2026-04-25 07:55:51Z" end-time="2026-04-25 07:55:51Z" duration="0.002598" total="4" passed="4" failed="0" inconclusive="0" skipped="0" asserts="0">
                <properties />
                <test-case id="1104" name="AllVariants_AreSubtypesOfCoreIpcError_AndCarryStableCodes" fullname="VTuberSystemBase.CoreIpc.Tests.Editor.CoreIpcErrorVariantsTests.AllVariants_AreSubtypesOfCoreIpcError_AndCarryStableCodes" methodname="AllVariants_AreSubtypesOfCoreIpcError_AndCarryStableCodes" classname="VTuberSystemBase.CoreIpc.Tests.Editor.CoreIpcErrorVariantsTests" runstate="Runnable" seed="1872087852" result="Passed" start-time="2026-04-25 07:55:51Z" end-time="2026-04-25 07:55:51Z" duration="0.000652" asserts="0">
                  <properties>
                    <property name="retryIteration" value="0" />
                    <property name="repeatIteration" value="0" />
                  </properties>
                </test-case>
                <test-case id="1107" name="Records_WithSamePayload_AreEqual" fullname="VTuberSystemBase.CoreIpc.Tests.Editor.CoreIpcErrorVariantsTests.Records_WithSamePayload_AreEqual" methodname="Records_WithSamePayload_AreEqual" classname="VTuberSystemBase.CoreIpc.Tests.Editor.CoreIpcErrorVariantsTests" runstate="Runnable" seed="2022499816" result="Passed" start-time="2026-04-25 07:55:51Z" end-time="2026-04-25 07:55:51Z" duration="0.000343" asserts="0">
                  <properties>
                    <property name="retryIteration" value="0" />
                    <property name="repeatIteration" value="0" />
                  </properties>
                </test-case>
                <test-case id="1106" name="RequestTimeout_PreservesElapsed" fullname="VTuberSystemBase.CoreIpc.Tests.Editor.CoreIpcErrorVariantsTests.RequestTimeout_PreservesElapsed" methodname="RequestTimeout_PreservesElapsed" classname="VTuberSystemBase.CoreIpc.Tests.Editor.CoreIpcErrorVariantsTests" runstate="Runnable" seed="2112957434" result="Passed" start-time="2026-04-25 07:55:51Z" end-time="2026-04-25 07:55:51Z" duration="0.000260" asserts="0">
                  <properties>
                    <property name="retryIteration" value="0" />
                    <property name="repeatIteration" value="0" />
                  </properties>
                </test-case>
                <test-case id="1105" name="SizeLimitExceeded_PreservesActualAndLimit" fullname="VTuberSystemBase.CoreIpc.Tests.Editor.CoreIpcErrorVariantsTests.SizeLimitExceeded_PreservesActualAndLimit" methodname="SizeLimitExceeded_PreservesActualAndLimit" classname="VTuberSystemBase.CoreIpc.Tests.Editor.CoreIpcErrorVariantsTests" runstate="Runnable" seed="892421644" result="Passed" start-time="2026-04-25 07:55:51Z" end-time="2026-04-25 07:55:51Z" duration="0.000144" asserts="0">
                  <properties>
                    <property name="retryIteration" value="0" />
                    <property name="repeatIteration" value="0" />
                  </properties>
                </test-case>
              </test-suite>
              <test-suite type="TestFixture" id="1108" name="CoreIpcLoggerTests" fullname="VTuberSystemBase.CoreIpc.Tests.Editor.CoreIpcLoggerTests" classname="VTuberSystemBase.CoreIpc.Tests.Editor.CoreIpcLoggerTests" runstate="Runnable" testcasecount="16" result="Passed" start-time="2026-04-25 07:55:51Z" end-time="2026-04-25 07:55:51Z" duration="0.006476" total="16" passed="16" failed="0" inconclusive="0" skipped="0" asserts="0">
                <properties />
                <test-case id="1115" name="AllConvenienceMethods_AtTraceLevel_RouteToCorrectLevels" fullname="VTuberSystemBase.CoreIpc.Tests.Editor.CoreIpcLoggerTests.AllConvenienceMethods_AtTraceLevel_RouteToCorrectLevels" methodname="AllConvenienceMethods_AtTraceLevel_RouteToCorrectLevels" classname="VTuberSystemBase.CoreIpc.Tests.Editor.CoreIpcLoggerTests" runstate="Runnable" seed="1045215740" result="Passed" start-time="2026-04-25 07:55:51Z" end-time="2026-04-25 07:55:51Z" duration="0.000859" asserts="0">
                  <properties>
                    <property name="retryIteration" value="0" />
                    <property name="repeatIteration" value="0" />
                  </properties>
                </test-case>
                <test-case id="1110" name="DefaultMinimumLevel_IsInfo" fullname="VTuberSystemBase.CoreIpc.Tests.Editor.CoreIpcLoggerTests.DefaultMinimumLevel_IsInfo" methodname="DefaultMinimumLevel_IsInfo" classname="VTuberSystemBase.CoreIpc.Tests.Editor.CoreIpcLoggerTests" runstate="Runnable" seed="868582620" result="Passed" start-time="2026-04-25 07:55:51Z" end-time="2026-04-25 07:55:51Z" duration="0.000212" asserts="0">
                  <properties>
                    <property name="retryIteration" value="0" />
                    <property name="repeatIteration" value="0" />
                  </properties>
                </test-case>
                <test-case id="1124" name="FormatConnectionEvent_StaticHelper_ProducesStableShape" fullname="VTuberSystemBase.CoreIpc.Tests.Editor.CoreIpcLoggerTests.FormatConnectionEvent_StaticHelper_ProducesStableShape" methodname="FormatConnectionEvent_StaticHelper_ProducesStableShape" classname="VTuberSystemBase.CoreIpc.Tests.Editor.CoreIpcLoggerTests" runstate="Runnable" seed="1563416020" result="Passed" start-time="2026-04-25 07:55:51Z" end-time="2026-04-25 07:55:51Z" duration="0.000322" asserts="0">
                  <properties>
[...]
                  <properties>
                    <property name="retryIteration" value="0" />
                    <property name="repeatIteration" value="0" />
                  </properties>
                </test-case>
                <test-case id="1351" name="RoundTrip_Pong_Masked" fullname="VTuberSystemBase.CoreIpc.Tests.Editor.WebSocketFrameCodecTests.RoundTrip_Pong_Masked" methodname="RoundTrip_Pong_Masked" classname="VTuberSystemBase.CoreIpc.Tests.Editor.WebSocketFrameCodecTests" runstate="Runnable" seed="1694623867" result="Passed" start-time="2026-04-25 07:56:25Z" end-time="2026-04-25 07:56:25Z" duration="0.000936" asserts="0">
                  <properties>
                    <property name="retryIteration" value="0" />
                    <property name="repeatIteration" value="0" />
                  </properties>
                </test-case>
                <test-case id="1345" name="RoundTrip_Text_ClientToServer_Masked" fullname="VTuberSystemBase.CoreIpc.Tests.Editor.WebSocketFrameCodecTests.RoundTrip_Text_ClientToServer_Masked" methodname="RoundTrip_Text_ClientToServer_Masked" classname="VTuberSystemBase.CoreIpc.Tests.Editor.WebSocketFrameCodecTests" runstate="Runnable" seed="946524842" result="Passed" start-time="2026-04-25 07:56:25Z" end-time="2026-04-25 07:56:25Z" duration="0.000900" asserts="0">
                  <properties>
                    <property name="retryIteration" value="0" />
                    <property name="repeatIteration" value="0" />
                  </properties>
                </test-case>
                <test-case id="1346" name="RoundTrip_Text_LargePayload_OverSixteenBitBoundary" fullname="VTuberSystemBase.CoreIpc.Tests.Editor.WebSocketFrameCodecTests.RoundTrip_Text_LargePayload_OverSixteenBitBoundary" methodname="RoundTrip_Text_LargePayload_OverSixteenBitBoundary" classname="VTuberSystemBase.CoreIpc.Tests.Editor.WebSocketFrameCodecTests" runstate="Runnable" seed="976432683" result="Passed" start-time="2026-04-25 07:56:25Z" end-time="2026-04-25 07:56:25Z" duration="0.001483" asserts="0">
                  <properties>
                    <property name="retryIteration" value="0" />
                    <property name="repeatIteration" value="0" />
                  </properties>
                </test-case>
                <test-case id="1344" name="RoundTrip_Text_ServerToClient_Unmasked" fullname="VTuberSystemBase.CoreIpc.Tests.Editor.WebSocketFrameCodecTests.RoundTrip_Text_ServerToClient_Unmasked" methodname="RoundTrip_Text_ServerToClient_Unmasked" classname="VTuberSystemBase.CoreIpc.Tests.Editor.WebSocketFrameCodecTests" runstate="Runnable" seed="285622046" result="Passed" start-time="2026-04-25 07:56:25Z" end-time="2026-04-25 07:56:25Z" duration="0.000910" asserts="0">
                  <properties>
                    <property name="retryIteration" value="0" />
                    <property name="repeatIteration" value="0" />
                  </properties>
                </test-case>
                <test-case id="1360" name="RsvBitsSet_ReturnsProtocolError" fullname="VTuberSystemBase.CoreIpc.Tests.Editor.WebSocketFrameCodecTests.RsvBitsSet_ReturnsProtocolError" methodname="RsvBitsSet_ReturnsProtocolError" classname="VTuberSystemBase.CoreIpc.Tests.Editor.WebSocketFrameCodecTests" runstate="Runnable" seed="1476862872" result="Passed" start-time="2026-04-25 07:56:25Z" end-time="2026-04-25 07:56:25Z" duration="0.000802" asserts="0">
                  <properties>
                    <property name="retryIteration" value="0" />
                    <property name="repeatIteration" value="0" />
                  </properties>
                </test-case>
                <test-case id="1354" name="Server_Reading_Unmasked_FrameFromClient_ReturnsMaskRequired" fullname="VTuberSystemBase.CoreIpc.Tests.Editor.WebSocketFrameCodecTests.Server_Reading_Unmasked_FrameFromClient_ReturnsMaskRequired" methodname="Server_Reading_Unmasked_FrameFromClient_ReturnsMaskRequired" classname="VTuberSystemBase.CoreIpc.Tests.Editor.WebSocketFrameCodecTests" runstate="Runnable" seed="853463523" result="Passed" start-time="2026-04-25 07:56:25Z" end-time="2026-04-25 07:56:25Z" duration="0.000881" asserts="0">
                  <properties>
                    <property name="retryIteration" value="0" />
                    <property name="repeatIteration" value="0" />
                  </properties>
                </test-case>
                <test-case id="1356" name="SinglePayload_OverLimit_ReturnsMessageTooBig" fullname="VTuberSystemBase.CoreIpc.Tests.Editor.WebSocketFrameCodecTests.SinglePayload_OverLimit_ReturnsMessageTooBig" methodname="SinglePayload_OverLimit_ReturnsMessageTooBig" classname="VTuberSystemBase.CoreIpc.Tests.Editor.WebSocketFrameCodecTests" runstate="Runnable" seed="1035026290" result="Passed" start-time="2026-04-25 07:56:25Z" end-time="2026-04-25 07:56:25Z" duration="0.000821" asserts="0">
                  <properties>
                    <property name="retryIteration" value="0" />
                    <property name="repeatIteration" value="0" />
                  </properties>
                </test-case>
                <test-case id="1358" name="TextFrame_WithInvalidUtf8_ReturnsInvalidUtf8" fullname="VTuberSystemBase.CoreIpc.Tests.Editor.WebSocketFrameCodecTests.TextFrame_WithInvalidUtf8_ReturnsInvalidUtf8" methodname="TextFrame_WithInvalidUtf8_ReturnsInvalidUtf8" classname="VTuberSystemBase.CoreIpc.Tests.Editor.WebSocketFrameCodecTests" runstate="Runnable" seed="252597096" result="Passed" start-time="2026-04-25 07:56:25Z" end-time="2026-04-25 07:56:25Z" duration="0.000868" asserts="0">
                  <properties>
                    <property name="retryIteration" value="0" />
                    <property name="repeatIteration" value="0" />
                  </properties>
                </test-case>
                <test-case id="1359" name="UnknownOpcode_ReturnsProtocolError" fullname="VTuberSystemBase.CoreIpc.Tests.Editor.WebSocketFrameCodecTests.UnknownOpcode_ReturnsProtocolError" methodname="UnknownOpcode_ReturnsProtocolError" classname="VTuberSystemBase.CoreIpc.Tests.Editor.WebSocketFrameCodecTests" runstate="Runnable" seed="757365874" result="Passed" start-time="2026-04-25 07:56:25Z" end-time="2026-04-25 07:56:25Z" duration="0.000895" asserts="0">
                  <properties>
                    <property name="retryIteration" value="0" />
                    <property name="repeatIteration" value="0" />
                  </properties>
                </test-case>
                <test-case id="1364" name="Writer_FragmentedControlFrame_Throws" fullname="VTuberSystemBase.CoreIpc.Tests.Editor.WebSocketFrameCodecTests.Writer_FragmentedControlFrame_Throws" methodname="Writer_FragmentedControlFrame_Throws" classname="VTuberSystemBase.CoreIpc.Tests.Editor.WebSocketFrameCodecTests" runstate="Runnable" seed="1504746394" result="Passed" start-time="2026-04-25 07:56:25Z" end-time="2026-04-25 07:56:25Z" duration="0.000744" asserts="0">
                  <properties>
                    <property name="retryIteration" value="0" />
                    <property name="repeatIteration" value="0" />
                  </properties>
                </test-case>
                <test-case id="1365" name="Writer_OversizedControlFrame_Throws" fullname="VTuberSystemBase.CoreIpc.Tests.Editor.WebSocketFrameCodecTests.Writer_OversizedControlFrame_Throws" methodname="Writer_OversizedControlFrame_Throws" classname="VTuberSystemBase.CoreIpc.Tests.Editor.WebSocketFrameCodecTests" runstate="Runnable" seed="540326504" result="Passed" start-time="2026-04-25 07:56:25Z" end-time="2026-04-25 07:56:25Z" duration="0.001893" asserts="0">
                  <properties>
                    <property name="retryIteration" value="0" />
                    <property name="repeatIteration" value="0" />
                  </properties>
                </test-case>
                <test-case id="1366" name="Writer_UnknownOpcode_Throws" fullname="VTuberSystemBase.CoreIpc.Tests.Editor.WebSocketFrameCodecTests.Writer_UnknownOpcode_Throws" methodname="Writer_UnknownOpcode_Throws" classname="VTuberSystemBase.CoreIpc.Tests.Editor.WebSocketFrameCodecTests" runstate="Runnable" seed="216507841" result="Passed" start-time="2026-04-25 07:56:25Z" end-time="2026-04-25 07:56:25Z" duration="0.000573" asserts="0">
                  <properties>
                    <property name="retryIteration" value="0" />
                    <property name="repeatIteration" value="0" />
                  </properties>
                </test-case>
              </test-suite>
              <test-suite type="TestFixture" id="1369" name="WebSocketServerTests" fullname="VTuberSystemBase.CoreIpc.Tests.Editor.WebSocketServerTests" classname="VTuberSystemBase.CoreIpc.Tests.Editor.WebSocketServerTests" runstate="Runnable" testcasecount="5" result="Passed" start-time="2026-04-25 07:56:25Z" end-time="2026-04-25 07:56:26Z" duration="0.973830" total="5" passed="5" failed="0" inconclusive="0" skipped="0" asserts="0">
                <properties />
                <test-case id="1372" name="ClientWebSocket_CanConnectExchangeTextAndDisconnect" fullname="VTuberSystemBase.CoreIpc.Tests.Editor.WebSocketServerTests.ClientWebSocket_CanConnectExchangeTextAndDisconnect" methodname="ClientWebSocket_CanConnectExchangeTextAndDisconnect" classname="VTuberSystemBase.CoreIpc.Tests.Editor.WebSocketServerTests" runstate="Runnable" seed="282560811" result="Passed" start-time="2026-04-25 07:56:25Z" end-time="2026-04-25 07:56:25Z" duration="0.266544" asserts="0">
                  <properties>
                    <property name="retryIteration" value="0" />
                    <property name="repeatIteration" value="0" />
                  </properties>
                </test-case>
                <test-case id="1373" name="MultipleClients_CanConnectAndReceiveBroadcast" fullname="VTuberSystemBase.CoreIpc.Tests.Editor.WebSocketServerTests.MultipleClients_CanConnectAndReceiveBroadcast" methodname="MultipleClients_CanConnectAndReceiveBroadcast" classname="VTuberSystemBase.CoreIpc.Tests.Editor.WebSocketServerTests" runstate="Runnable" seed="2123699272" result="Passed" start-time="2026-04-25 07:56:25Z" end-time="2026-04-25 07:56:26Z" duration="0.651499" asserts="0">
                  <properties>
                    <property name="retryIteration" value="0" />
                    <property name="repeatIteration" value="0" />
                  </properties>
                </test-case>
                <test-case id="1371" name="StartAsync_OnAlreadyBoundPort_ReturnsPortInUseError" fullname="VTuberSystemBase.CoreIpc.Tests.Editor.WebSocketServerTests.StartAsync_OnAlreadyBoundPort_ReturnsPortInUseError" methodname="StartAsync_OnAlreadyBoundPort_ReturnsPortInUseError" classname="VTuberSystemBase.CoreIpc.Tests.Editor.WebSocketServerTests" runstate="Runnable" seed="2005864189" result="Passed" start-time="2026-04-25 07:56:26Z" end-time="2026-04-25 07:56:26Z" duration="0.001649" asserts="0">
                  <properties>
                    <property name="retryIteration" value="0" />
                    <property name="repeatIteration" value="0" />
                  </properties>
                </test-case>
                <test-case id="1370" name="StartAsync_OnAvailablePort_Succeeds" fullname="VTuberSystemBase.CoreIpc.Tests.Editor.WebSocketServerTests.StartAsync_OnAvailablePort_Succeeds" methodname="StartAsync_OnAvailablePort_Succeeds" classname="VTuberSystemBase.CoreIpc.Tests.Editor.WebSocketServerTests" runstate="Runnable" seed="186930597" result="Passed" start-time="2026-04-25 07:56:26Z" end-time="2026-04-25 07:56:26Z" duration="0.048096" asserts="0">
                  <properties>
                    <property name="retryIteration" value="0" />
                    <property name="repeatIteration" value="0" />
                  </properties>
                </test-case>
                <test-case id="1374" name="StopAsync_AfterStart_DisposesListenerAndDoesNotThrow" fullname="VTuberSystemBase.CoreIpc.Tests.Editor.WebSocketServerTests.StopAsync_AfterStart_DisposesListenerAndDoesNotThrow" methodname="StopAsync_AfterStart_DisposesListenerAndDoesNotThrow" classname="VTuberSystemBase.CoreIpc.Tests.Editor.WebSocketServerTests" runstate="Runnable" seed="310872579" result="Passed" start-time="2026-04-25 07:56:26Z" end-time="2026-04-25 07:56:26Z" duration="0.004669" asserts="0">
                  <properties>
                    <property name="retryIteration" value="0" />
                    <property name="repeatIteration" value="0" />
                  </properties>
                </test-case>
              </test-suite>
              <test-suite type="TestFixture" id="1375" name="WebSocketTransportAdapterTests" fullname="VTuberSystemBase.CoreIpc.Tests.Editor.WebSocketTransportAdapterTests" classname="VTuberSystemBase.CoreIpc.Tests.Editor.WebSocketTransportAdapterTests" runstate="Runnable" testcasecount="8" result="Passed" start-time="2026-04-25 07:56:26Z" end-time="2026-04-25 07:57:27Z" duration="61.152177" total="8" passed="8" failed="0" inconclusive="0" skipped="0" asserts="0">
                <properties />
                <test-case id="1380" name="ConnectClientAsync_AgainstAdapterServer_Succeeds" fullname="VTuberSystemBase.CoreIpc.Tests.Editor.WebSocketTransportAdapterTests.ConnectClientAsync_AgainstAdapterServer_Succeeds" methodname="ConnectClientAsync_AgainstAdapterServer_Succeeds" classname="VTuberSystemBase.CoreIpc.Tests.Editor.WebSocketTransportAdapterTests" runstate="Runnable" seed="856050601" result="Passed" start-time="2026-04-25 07:56:26Z" end-time="2026-04-25 07:56:56Z" duration="30.044289" asserts="0">
                  <properties>
                    <property name="retryIteration" value="0" />
                    <property name="repeatIteration" value="0" />
                  </properties>
                </test-case>
                <test-case id="1381" name="ConnectClientAsync_NoServer_ThrowsTransportException" fullname="VTuberSystemBase.CoreIpc.Tests.Editor.WebSocketTransportAdapterTests.ConnectClientAsync_NoServer_ThrowsTransportException" methodname="ConnectClientAsync_NoServer_ThrowsTransportException" classname="VTuberSystemBase.CoreIpc.Tests.Editor.WebSocketTransportAdapterTests" runstate="Runnable" seed="752690036" result="Passed" start-time="2026-04-25 07:56:56Z" end-time="2026-04-25 07:56:57Z" duration="1.052197" asserts="0">
                  <properties>
                    <property name="retryIteration" value="0" />
                    <property name="repeatIteration" value="0" />
                  </properties>
                </test-case>
                <test-case id="1376" name="Constructor_NullCodec_ThrowsArgumentNull" fullname="VTuberSystemBase.CoreIpc.Tests.Editor.WebSocketTransportAdapterTests.Constructor_NullCodec_ThrowsArgumentNull" methodname="Constructor_NullCodec_ThrowsArgumentNull" classname="VTuberSystemBase.CoreIpc.Tests.Editor.WebSocketTransportAdapterTests" runstate="Runnable" seed="752553231" result="Passed" start-time="2026-04-25 07:56:57Z" end-time="2026-04-25 07:56:57Z" duration="0.000396" asserts="0">
                  <properties>
                    <property name="retryIteration" value="0" />
                    <property name="repeatIteration" value="0" />
                  </properties>
                </test-case>
                <test-case id="1383" name="DisposeAsync_IsIdempotent_AndReleasesPort" fullname="VTuberSystemBase.CoreIpc.Tests.Editor.WebSocketTransportAdapterTests.DisposeAsync_IsIdempotent_AndReleasesPort" methodname="DisposeAsync_IsIdempotent_AndReleasesPort" classname="VTuberSystemBase.CoreIpc.Tests.Editor.WebSocketTransportAdapterTests" runstate="Runnable" seed="1699807434" result="Passed" start-time="2026-04-25 07:56:57Z" end-time="2026-04-25 07:56:57Z" duration="0.003154" asserts="0">
                  <properties>
                    <property name="retryIteration" value="0" />
                    <property name="repeatIteration" value="0" />
                  </properties>
                  <reason>
                    <message><![CDATA[]]></message>
                  </reason>
                </test-case>
                <test-case id="1382" name="SendReceive_AcrossAdapter_RoundTripsTextPayload" fullname="VTuberSystemBase.CoreIpc.Tests.Editor.WebSocketTransportAdapterTests.SendReceive_AcrossAdapter_RoundTripsTextPayload" methodname="SendReceive_AcrossAdapter_RoundTripsTextPayload" classname="VTuberSystemBase.CoreIpc.Tests.Editor.WebSocketTransportAdapterTests" runstate="Runnable" seed="1937336143" result="Passed" start-time="2026-04-25 07:56:57Z" end-time="2026-04-25 07:57:27Z" duration="30.041241" asserts="0">
                  <properties>
                    <property name="retryIteration" value="0" />
                    <property name="repeatIteration" value="0" />
                  </properties>
                </test-case>
                <test-case id="1377" name="StartServerAsync_OnFreePort_TransitionsToRunning" fullname="VTuberSystemBase.CoreIpc.Tests.Editor.WebSocketTransportAdapterTests.StartServerAsync_OnFreePort_TransitionsToRunning" methodname="StartServerAsync_OnFreePort_TransitionsToRunning" classname="VTuberSystemBase.CoreIpc.Tests.Editor.WebSocketTransportAdapterTests" runstate="Runnable" seed="721082273" result="Passed" start-time="2026-04-25 07:57:27Z" end-time="2026-04-25 07:57:27Z" duration="0.003414" asserts="0">
                  <properties>
                    <property name="retryIteration" value="0" />
                    <property name="repeatIteration" value="0" />
                  </properties>
                </test-case>
                <test-case id="1379" name="StartServerAsync_OnHeldPort_ThrowsTransportExceptionWithPortInUse" fullname="VTuberSystemBase.CoreIpc.Tests.Editor.WebSocketTransportAdapterTests.StartServerAsync_OnHeldPort_ThrowsTransportExceptionWithPortInUse" methodname="StartServerAsync_OnHeldPort_ThrowsTransportExceptionWithPortInUse" classname="VTuberSystemBase.CoreIpc.Tests.Editor.WebSocketTransportAdapterTests" runstate="Runnable" seed="337260101" result="Passed" start-time="2026-04-25 07:57:27Z" end-time="2026-04-25 07:57:27Z" duration="0.002164" asserts="0">
                  <properties>
                    <property name="retryIteration" value="0" />
                    <property name="repeatIteration" value="0" />
                  </properties>
                </test-case>
                <test-case id="1378" name="StartServerAsync_TwiceOnSameInstance_ThrowsInvalidOperation" fullname="VTuberSystemBase.CoreIpc.Tests.Editor.WebSocketTransportAdapterTests.StartServerAsync_TwiceOnSameInstance_ThrowsInvalidOperation" methodname="StartServerAsync_TwiceOnSameInstance_ThrowsInvalidOperation" classname="VTuberSystemBase.CoreIpc.Tests.Editor.WebSocketTransportAdapterTests" runstate="Runnable" seed="1984366238" result="Passed" start-time="2026-04-25 07:57:27Z" end-time="2026-04-25 07:57:27Z" duration="0.003220" asserts="0">
                  <properties>
                    <property name="retryIteration" value="0" />
                    <property name="repeatIteration" value="0" />
                  </properties>
                  <output><![CDATA[Saving results to: .kiro/specs/core-ipc-foundation/run-logs/task-7.1-editmode-results.xml
]]></output>
                </test-case>
              </test-suite>
            </test-suite>
          </test-suite>
        </test-suite>
      </test-suite>
    </test-suite>
  </test-suite>
</test-run>