<?xml version="1.0" encoding="utf-8"?>
<test-run id="2" testcasecount="207" result="Passed" total="207" passed="207" failed="0" inconclusive="0" skipped="0" asserts="0" engine-version="3.5.0.0" clr-version="4.0.30319.42000" start-time="2026-04-25 04:40:53Z" end-time="2026-04-25 04:40:55Z" duration="2.0428147">
  <test-suite type="TestSuite" id="1000" name="VTuberSystemBase" fullname="VTuberSystemBase" runstate="Runnable" testcasecount="207" result="Passed" start-time="2026-04-25 04:40:53Z" end-time="2026-04-25 04:40:55Z" duration="2.042815" total="207" passed="207" failed="0" inconclusive="0" skipped="0" asserts="0">
    <properties>
      <property name="platform" value="EditMode" />
    </properties>
    <test-suite type="Assembly" id="1225" name="VTuberSystemBase.CoreIpc.Tests.Editor.dll" fullname="D:/Personal/Repositries/VTuberSystemBase/Library/ScriptAssemblies/VTuberSystemBase.CoreIpc.Tests.Editor.dll" runstate="Runnable" testcasecount="207" result="Passed" start-time="2026-04-25 04:40:53Z" end-time="2026-04-25 04:40:55Z" duration="2.037131" total="207" passed="207" failed="0" inconclusive="0" skipped="0" asserts="0">
      <properties>
        <property name="_PID" value="53872" />
        <property name="_APPDOMAIN" value="Unity Child Domain" />
        <property name="platform" value="EditMode" />
        <property name="EditorOnly" value="True" />
      </properties>
      <test-suite type="TestSuite" id="1226" name="VTuberSystemBase" fullname="VTuberSystemBase" runstate="Runnable" testcasecount="207" result="Passed" start-time="2026-04-25 04:40:53Z" end-time="2026-04-25 04:40:55Z" duration="2.036647" total="207" passed="207" failed="0" inconclusive="0" skipped="0" asserts="0">
        <properties />
        <test-suite type="TestSuite" id="1227" name="CoreIpc" fullname="VTuberSystemBase.CoreIpc" runstate="Runnable" testcasecount="207" result="Passed" start-time="2026-04-25 04:40:53Z" end-time="2026-04-25 04:40:55Z" duration="2.036436" total="207" passed="207" failed="0" inconclusive="0" skipped="0" asserts="0">
          <properties />
          <test-suite type="TestSuite" id="1228" name="Tests" fullname="VTuberSystemBase.CoreIpc.Tests" runstate="Runnable" testcasecount="207" result="Passed" start-time="2026-04-25 04:40:53Z" end-time="2026-04-25 04:40:55Z" duration="2.036231" total="207" passed="207" failed="0" inconclusive="0" skipped="0" asserts="0">
            <properties />
            <test-suite type="TestSuite" id="1229" name="Editor" fullname="VTuberSystemBase.CoreIpc.Tests.Editor" runstate="Runnable" testcasecount="207" result="Passed" start-time="2026-04-25 04:40:53Z" end-time="2026-04-25 04:40:55Z" duration="2.035830" total="207" passed="207" failed="0" inconclusive="0" skipped="0" asserts="0">
              <properties />
              <test-suite type="TestFixture" id="1004" name="AbstractInterfaceContractTests" fullname="VTuberSystemBase.CoreIpc.Tests.Editor.AbstractInterfaceContractTests" classname="VTuberSystemBase.CoreIpc.Tests.Editor.AbstractInterfaceContractTests" runstate="Runnable" testcasecount="14" result="Passed" start-time="2026-04-25 04:40:53Z" end-time="2026-04-25 04:40:53Z" duration="0.027489" total="14" passed="14" failed="0" inconclusive="0" skipped="0" asserts="0">
                <properties />
                <test-case id="1006" name="AbstractionsAssembly_HasNoForwardReferenceToNonStdAssemblies" fullname="VTuberSystemBase.CoreIpc.Tests.Editor.AbstractInterfaceContractTests.AbstractionsAssembly_HasNoForwardReferenceToNonStdAssemblies" methodname="AbstractionsAssembly_HasNoForwardReferenceToNonStdAssemblies" classname="VTuberSystemBase.CoreIpc.Tests.Editor.AbstractInterfaceContractTests" runstate="Runnable" seed="1283728122" result="Passed" start-time="2026-04-25 04:40:53Z" end-time="2026-04-25 04:40:53Z" duration="0.006290" asserts="0">
                  <properties>
                    <property name="retryIteration" value="0" />
                    <property name="repeatIteration" value="0" />
                  </properties>
                </test-case>
                <test-case id="1005" name="AllAbstractContracts_AreDefinedInAbstractionsAssembly" fullname="VTuberSystemBase.CoreIpc.Tests.Editor.AbstractInterfaceContractTests.AllAbstractContracts_AreDefinedInAbstractionsAssembly" methodname="AllAbstractContracts_AreDefinedInAbstractionsAssembly" classname="VTuberSystemBase.CoreIpc.Tests.Editor.AbstractInterfaceContractTests" runstate="Runnable" seed="1959531757" result="Passed" start-time="2026-04-25 04:40:53Z" end-time="2026-04-25 04:40:53Z" duration="0.002781" asserts="0">
                  <properties>
                    <property name="retryIteration" value="0" />
                    <property name="repeatIteration" value="0" />
                  </properties>
                </test-case>
                <test-case id="1017" name="ClientBindOptions_PreservesHostPortAndConnectTimeout" fullname="VTuberSystemBase.CoreIpc.Tests.Editor.AbstractInterfaceContractTests.ClientBindOptions_PreservesHostPortAndConnectTimeout" methodname="ClientBindOptions_PreservesHostPortAndConnectTimeout" classname="VTuberSystemBase.CoreIpc.Tests.Editor.AbstractInterfaceContractTests" runstate="Runnable" seed="1725475144" result="Passed" start-time="2026-04-25 04:40:53Z" end-time="2026-04-25 04:40:53Z" duration="0.002285" asserts="0">
                  <properties>
                    <property name="retryIteration" value="0" />
                    <property name="repeatIteration" value="0" />
                  </properties>
                </test-case>
                <test-case id="1014" name="DiagnosticsSnapshot_PreservesConstructorArguments" fullname="VTuberSystemBase.CoreIpc.Tests.Editor.AbstractInterfaceContractTests.DiagnosticsSnapshot_PreservesConstructorArguments" methodname="DiagnosticsSnapshot_PreservesConstructorArguments" classname="VTuberSystemBase.CoreIpc.Tests.Editor.AbstractInterfaceContractTests" runstate="Runnable" seed="1738960888" result="Passed" start-time="2026-04-25 04:40:53Z" end-time="2026-04-25 04:40:53Z" duration="0.000667" asserts="0">
                  <properties>
                    <property name="retryIteration" value="0" />
                    <property name="repeatIteration" value="0" />
                  </properties>
                </test-case>
                <test-case id="1018" name="IAuthenticationHandler_DeclaresAuthenticateAsync" fullname="VTuberSystemBase.CoreIpc.Tests.Editor.AbstractInterfaceContractTests.IAuthenticationHandler_DeclaresAuthenticateAsync" methodname="IAuthenticationHandler_DeclaresAuthenticateAsync" classname="VTuberSystemBase.CoreIpc.Tests.Editor.AbstractInterfaceContractTests" runstate="Runnable" seed="929130125" result="Passed" start-time="2026-04-25 04:40:53Z" end-time="2026-04-25 04:40:53Z" duration="0.001191" asserts="0">
                  <properties>
                    <property name="retryIteration" value="0" />
                    <property name="repeatIteration" value="0" />
                  </properties>
                </test-case>
                <test-case id="1011" name="IClientConnection_DeclaresSendReceiveAndIsAsyncDisposable" fullname="VTuberSystemBase.CoreIpc.Tests.Editor.AbstractInterfaceContractTests.IClientConnection_DeclaresSendReceiveAndIsAsyncDisposable" methodname="IClientConnection_DeclaresSendReceiveAndIsAsyncDisposable" classname="VTuberSystemBase.CoreIpc.Tests.Editor.AbstractInterfaceContractTests" runstate="Runnable" seed="1586207018" result="Passed" start-time="2026-04-25 04:40:53Z" end-time="2026-04-25 04:40:53Z" duration="0.000275" asserts="0">
                  <properties>
                    <property name="retryIteration" value="0" />
                    <property name="repeatIteration" value="0" />
                  </properties>
                </test-case>
                <test-case id="1013" name="IConnectionDiagnostics_DeclaresAllPropertiesAndStateChangedEvent" fullname="VTuberSystemBase.CoreIpc.Tests.Editor.AbstractInterfaceContractTests.IConnectionDiagnostics_DeclaresAllPropertiesAndStateChangedEvent" methodname="IConnectionDiagnostics_DeclaresAllPropertiesAndStateChangedEvent" classname="VTuberSystemBase.CoreIpc.Tests.Editor.AbstractInterfaceContractTests" runstate="Runnable" seed="371441947" result="Passed" start-time="2026-04-25 04:40:53Z" end-time="2026-04-25 04:40:53Z" duration="0.001135" asserts="0">
                  <properties>
                    <property name="retryIteration" value="0" />
                    <property name="repeatIteration" value="0" />
                  </properties>
                </test-case>
                <test-case id="1007" name="ICoreIpcBus_DeclaresAllRequiredMembers" fullname="VTuberSystemBase.CoreIpc.Tests.Editor.AbstractInterfaceContractTests.ICoreIpcBus_DeclaresAllRequiredMembers" methodname="ICoreIpcBus_DeclaresAllRequiredMembers" classname="VTuberSystemBase.CoreIpc.Tests.Editor.AbstractInterfaceContractTests" runstate="Runnable" seed="98497383" result="Passed" start-time="2026-04-25 04:40:53Z" end-time="2026-04-25 04:40:53Z" duration="0.000404" asserts="0">
                  <properties>
                    <property name="retryIteration" value="0" />
                    <property name="repeatIteration" value="0" />
                  </properties>
                </test-case>
                <test-case id="1009" name="ICoreIpcRuntime_DeclaresLifecycleMembersAndExtendsIDisposable" fullname="VTuberSystemBase.CoreIpc.Tests.Editor.AbstractInterfaceContractTests.ICoreIpcRuntime_DeclaresLifecycleMembersAndExtendsIDisposable" methodname="ICoreIpcRuntime_DeclaresLifecycleMembersAndExtendsIDisposable" classname="VTuberSystemBase.CoreIpc.Tests.Editor.AbstractInterfaceContractTests" runstate="Runnable" seed="429791986" result="Passed" start-time="2026-04-25 04:40:53Z" end-time="2026-04-25 04:40:53Z" duration="0.000251" asserts="0">
                  <properties>
                    <property name="retryIteration" value="0" />
                    <property name="repeatIteration" value="0" />
                  </properties>
                </test-case>
                <test-case id="1012" name="IMessageCodec_DeclaresEncodeAndDecode" fullname="VTuberSystemBase.CoreIpc.Tests.Editor.AbstractInterfaceContractTests.IMessageCodec_DeclaresEncodeAndDecode" methodname="IMessageCodec_DeclaresEncodeAndDecode" classname="VTuberSystemBase.CoreIpc.Tests.Editor.AbstractInterfaceContractTests" runstate="Runnable" seed="2037203572" result="Passed" start-time="2026-04-25 04:40:53Z" end-time="2026-04-25 04:40:53Z" duration="0.000302" asserts="0">
                  <properties>
                    <property name="retryIteration" value="0" />
                    <property name="repeatIteration" value="0" />
                  </properties>
                </test-case>
                <test-case id="1008" name="ISubscriptionToken_ExtendsIDisposable" fullname="VTuberSystemBase.CoreIpc.Tests.Editor.AbstractInterfaceContractTests.ISubscriptionToken_ExtendsIDisposable" methodname="ISubscriptionToken_ExtendsIDisposable" classname="VTuberSystemBase.CoreIpc.Tests.Editor.AbstractInterfaceContractTests" runstate="Runnable" seed="1155712301" result="Passed" start-time="2026-04-25 04:40:53Z" end-time="2026-04-25 04:40:53Z" duration="0.000111" asserts="0">
                  <properties>
                    <property name="retryIteration" value="0" />
                    <property name="repeatIteration" value="0" />
                  </properties>
                </test-case>
                <test-case id="1010" name="ITransportAdapter_DeclaresServerAndClientFactoriesAndIsAsyncDisposable" fullname="VTuberSystemBase.CoreIpc.Tests.Editor.AbstractInterfaceContractTests.ITransportAdapter_DeclaresServerAndClientFactoriesAndIsAsyncDisposable" methodname="ITransportAdapter_DeclaresServerAndClientFactoriesAndIsAsyncDisposable" classname="VTuberSystemBase.CoreIpc.Tests.Editor.AbstractInterfaceContractTests" runstate="Runnable" seed="436568628" result="Passed" start-time="2026-04-25 04:40:53Z" end-time="2026-04-25 04:40:53Z" duration="0.000229" asserts="0">
                  <properties>
                    <property name="retryIteration" value="0" />
                    <property name="repeatIteration" value="0" />
                  </properties>
                </test-case>
                <test-case id="1015" name="RequestOptions_PreservesTimeout" fullname="VTuberSystemBase.CoreIpc.Tests.Editor.AbstractInterfaceContractTests.RequestOptions_PreservesTimeout" methodname="RequestOptions_PreservesTimeout" classname="VTuberSystemBase.CoreIpc.Tests.Editor.AbstractInterfaceContractTests" runstate="Runnable" seed="849087268" result="Passed" start-time="2026-04-25 04:40:53Z" end-time="2026-04-25 04:40:53Z" duration="0.000205" asserts="0">
                  <properties>
                    <property name="retryIteration" value="0" />
                    <property name="repeatIteration" value="0" />
                  </properties>
                </test-case>
                <test-case id="1016" name="ServerBindOptions_PreservesHostAndPort" fullname="VTuberSystemBase.CoreIpc.Tests.Editor.AbstractInterfaceContractTests.ServerBindOptions_PreservesHostAndPort" methodname="ServerBindOptions_PreservesHostAndPort" classname="VTuberSystemBase.CoreIpc.Tests.Editor.AbstractInterfaceContractTests" runstate="Runnable" seed="122867892" result="Passed" start-time="2026-04-25 04:40:53Z" end-time="2026-04-25 04:40:53Z" duration="0.000188" asserts="0">
                  <properties>
                    <property name="retryIteration" value="0" />
                    <property name="repeatIteration" value="0" />
                  </properties>
                </test-case>
              </test-suite>
              <test-suite type="TestFixture" id="1019" name="ClientSessionManagerTests" fullname="VTuberSystemBase.CoreIpc.Tests.Editor.ClientSessionManagerTests" classname="VTuberSystemBase.CoreIpc.Tests.Editor.ClientSessionManagerTests" runstate="Runnable" testcasecount="9" result="Passed" start-time="2026-04-25 04:40:53Z" end-time="2026-04-25 04:40:54Z" duration="0.563280" total="9" passed="9" failed="0" inconclusive="0" skipped="0" asserts="0">
                <properties />
                <test-case id="1027" name="Constructor_NullBackoff_Throws" fullname="VTuberSystemBase.CoreIpc.Tests.Editor.ClientSessionManagerTests.Constructor_NullBackoff_Throws" methodname="Constructor_NullBackoff_Throws" classname="VTuberSystemBase.CoreIpc.Tests.Editor.ClientSessionManagerTests" runstate="Runnable" seed="112291714" result="Passed" start-time="2026-04-25 04:40:53Z" end-time="2026-04-25 04:40:53Z" duration="0.002175" asserts="0">
                  <properties>
                    <property name="retryIteration" value="0" />
                    <property name="repeatIteration" value="0" />
                  </properties>
                </test-case>
                <test-case id="1026" name="Constructor_NullStateMachine_Throws" fullname="VTuberSystemBase.CoreIpc.Tests.Editor.ClientSessionManagerTests.Constructor_NullStateMachine_Throws" methodname="Constructor_NullStateMachine_Throws" classname="VTuberSystemBase.CoreIpc.Tests.Editor.ClientSessionManagerTests" runstate="Runnable" seed="285361601" result="Passed" start-time="2026-04-25 04:40:53Z" end-time="2026-04-25 04:40:53Z" duration="0.000418" asserts="0">
                  <properties>
                    <property name="retryIteration" value="0" />
                    <property name="repeatIteration" value="0" />
                  </properties>
                </test-case>
                <test-case id="1025" name="Constructor_NullTransport_Throws" fullname="VTuberSystemBase.CoreIpc.Tests.Editor.ClientSessionManagerTests.Constructor_NullTransport_Throws" methodname="Constructor_NullTransport_Throws" classname="VTuberSystemBase.CoreIpc.Tests.Editor.ClientSessionManagerTests" runstate="Runnable" seed="2033602724" result="Passed" start-time="2026-04-25 04:40:53Z" end-time="2026-04-25 04:40:53Z" duration="0.000195" asserts="0">
                  <properties>
                    <property name="retryIteration" value="0" />
                    <property name="repeatIteration" value="0" />
                  </properties>
                </test-case>
                <test-case id="1024" name="ReceivedFrames_AreForwardedToCallback" fullname="VTuberSystemBase.CoreIpc.Tests.Editor.ClientSessionManagerTests.ReceivedFrames_AreForwardedToCallback" methodname="ReceivedFrames_AreForwardedToCallback" classname="VTuberSystemBase.CoreIpc.Tests.Editor.ClientSessionManagerTests" runstate="Runnable" seed="1609313397" result="Passed" start-time="2026-04-25 04:40:53Z" end-time="2026-04-25 04:40:53Z" duration="0.158535" asserts="0">
                  <properties>
                    <property name="retryIteration" value="0" />
                    <property name="repeatIteration" value="0" />
                  </properties>
                </test-case>
                <test-case id="1020" name="Scenario1_ConnectSucceeds_TransitionsToConnected" fullname="VTuberSystemBase.CoreIpc.Tests.Editor.ClientSessionManagerTests.Scenario1_ConnectSucceeds_TransitionsToConnected" methodname="Scenario1_ConnectSucceeds_TransitionsToConnected" classname="VTuberSystemBase.CoreIpc.Tests.Editor.ClientSessionManagerTests" runstate="Runnable" seed="1372878390" result="Passed" start-time="2026-04-25 04:40:53Z" end-time="2026-04-25 04:40:53Z" duration="0.099797" asserts="0">
                  <properties>
                    <property name="retryIteration" value="0" />
                    <property name="repeatIteration" value="0" />
                  </properties>
                </test-case>
                <test-case id="1021" name="Scenario2_DropAfterConnected_RecoversThroughReconnecting" fullname="VTuberSystemBase.CoreIpc.Tests.Editor.ClientSessionManagerTests.Scenario2_DropAfterConnected_RecoversThroughReconnecting" methodname="Scenario2_DropAfterConnected_RecoversThroughReconnecting" classname="VTuberSystemBase.CoreIpc.Tests.Editor.ClientSessionManagerTests" runstate="Runnable" seed="1373589451" result="Passed" start-time="2026-04-25 04:40:53Z" end-time="2026-04-25 04:40:53Z" duration="0.099941" asserts="0">
                  <properties>
                    <property name="retryIteration" value="0" />
                    <property name="repeatIteration" value="0" />
                  </properties>
                </test-case>
                <test-case id="1022" name="Scenario3_AttemptsExceedMax_TransitionsToPermanentlyDisconnected" fullname="VTuberSystemBase.CoreIpc.Tests.Editor.ClientSessionManagerTests.Scenario3_AttemptsExceedMax_TransitionsToPermanentlyDisconnected" methodname="Scenario3_AttemptsExceedMax_TransitionsToPermanentlyDisconnected" classname="VTuberSystemBase.CoreIpc.Tests.Editor.ClientSessionManagerTests" runstate="Runnable" seed="1279795611" result="Passed" start-time="2026-04-25 04:40:53Z" end-time="2026-04-25 04:40:54Z" duration="0.100114" asserts="0">
                  <properties>
                    <property name="retryIteration" value="0" />
                    <property name="repeatIteration" value="0" />
                  </properties>
                </test-case>
                <test-case id="1023" name="Scenario4_ShutdownDuringReconnect_StopsRetriesAndCleanlyDisconnects" fullname="VTuberSystemBase.CoreIpc.Tests.Editor.ClientSessionManagerTests.Scenario4_ShutdownDuringReconnect_StopsRetriesAndCleanlyDisconnects" methodname="Scenario4_ShutdownDuringReconnect_StopsRetriesAndCleanlyDisconnects" classname="VTuberSystemBase.CoreIpc.Tests.Editor.ClientSessionManagerTests" runstate="Runnable" seed="50672214" result="Passed" start-time="2026-04-25 04:40:54Z" end-time="2026-04-25 04:40:54Z" duration="0.049982" asserts="0">
                  <properties>
                    <property name="retryIteration" value="0" />
                    <property name="repeatIteration" value="0" />
                  </properties>
                </test-case>
                <test-case id="1028" name="StartAsync_CalledTwice_Throws" fullname="VTuberSystemBase.CoreIpc.Tests.Editor.ClientSessionManagerTests.StartAsync_CalledTwice_Throws" methodname="StartAsync_CalledTwice_Throws" classname="VTuberSystemBase.CoreIpc.Tests.Editor.ClientSessionManagerTests" runstate="Runnable" seed="775070340" result="Passed" start-time="2026-04-25 04:40:54Z" end-time="2026-04-25 04:40:54Z" duration="0.049689" asserts="0">
                  <properties>
                    <property name="retryIteration" value="0" />
                    <property name="repeatIteration" value="0" />
                  </properties>
                </test-case>
              </test-suite>
              <test-suite type="TestFixture" id="1029" name="ConnectionStateMachineTests" fullname="VTuberSystemBase.CoreIpc.Tests.Editor.ConnectionStateMachineTests" classname="VTuberSystemBase.CoreIpc.Tests.Editor.ConnectionStateMachineTests" runstate="Runnable" testcasecount="21" result="Passed" start-time="2026-04-25 04:40:54Z" end-time="2026-04-25 04:40:54Z" duration="0.009802" total="21" passed="21" failed="0" inconclusive="0" skipped="0" asserts="0">
                <properties />
                <test-case id="1039" name="AfterShutdown_DisconnectedToConnecting_IsSuppressed_AndLogsWarning" fullname="VTuberSystemBase.CoreIpc.Tests.Editor.ConnectionStateMachineTests.AfterShutdown_DisconnectedToConnecting_IsSuppressed_AndLogsWarning" methodname="AfterShutdown_DisconnectedToConnecting_IsSuppressed_AndLogsWarning" classname="VTuberSystemBase.CoreIpc.Tests.Editor.ConnectionStateMachineTests" runstate="Runnable" seed="2121221437" result="Passed" start-time="2026-04-25 04:40:54Z" end-time="2026-04-25 04:40:54Z" duration="0.001088" asserts="0">
                  <properties>
                    <property name="retryIteration" value="0" />
                    <property name="repeatIteration" value="0" />
                  </properties>
                </test-case>
                <test-case id="1050" name="FullReconnectScenario_DropAndRecover_FiresExpectedSequence" fullname="VTuberSystemBase.CoreIpc.Tests.Editor.ConnectionStateMachineTests.FullReconnectScenario_DropAndRecover_FiresExpectedSequence" methodname="FullReconnectScenario_DropAndRecover_FiresExpectedSequence" classname="VTuberSystemBase.CoreIpc.Tests.Editor.ConnectionStateMachineTests" runstate="Runnable" seed="406661785" result="Passed" start-time="2026-04-25 04:40:54Z" end-time="2026-04-25 04:40:54Z" duration="0.001110" asserts="0">
                  <properties>
                    <property name="retryIteration" value="0" />
                    <property name="repeatIteration" value="0" />
                  </properties>
                </test-case>
                <test-case id="1030" name="InitialState_IsDisconnected_AndShutdownNotRequested" fullname="VTuberSystemBase.CoreIpc.Tests.Editor.ConnectionStateMachineTests.InitialState_IsDisconnected_AndShutdownNotRequested" methodname="InitialState_IsDisconnected_AndShutdownNotRequested" classname="VTuberSystemBase.CoreIpc.Tests.Editor.ConnectionStateMachineTests" runstate="Runnable" seed="226121997" result="Passed" start-time="2026-04-25 04:40:54Z" end-time="2026-04-25 04:40:54Z" duration="0.000134" asserts="0">
                  <properties>
                    <property name="retryIteration" value="0" />
                    <property name="repeatIteration" value="0" />
                  </properties>
                </test-case>
                <test-case id="1043" name="InvalidTransition_ConnectedToConnecting_IsIgnored_AndLogsWarning" fullname="VTuberSystemBase.CoreIpc.Tests.Editor.ConnectionStateMachineTests.InvalidTransition_ConnectedToConnecting_IsIgnored_AndLogsWarning" methodname="InvalidTransition_ConnectedToConnecting_IsIgnored_AndLogsWarning" classname="VTuberSystemBase.CoreIpc.Tests.Editor.ConnectionStateMachineTests" runstate="Runnable" seed="1787406331" result="Passed" start-time="2026-04-25 04:40:54Z" end-time="2026-04-25 04:40:54Z" duration="0.000242" asserts="0">
                  <properties>
                    <property name="retryIteration" value="0" />
                    <property name="repeatIteration" value="0" />
                  </properties>
                </test-case>
                <test-case id="1042" name="InvalidTransition_DisconnectedToConnected_IsIgnored_AndLogsWarning" fullname="VTuberSystemBase.CoreIpc.Tests.Editor.ConnectionStateMachineTests.InvalidTransition_DisconnectedToConnected_IsIgnored_AndLogsWarning" methodname="InvalidTransition_DisconnectedToConnected_IsIgnored_AndLogsWarning" classname="VTuberSystemBase.CoreIpc.Tests.Editor.ConnectionStateMachineTests" runstate="Runnable" seed="1254975900" result="Passed" start-time="2026-04-25 04:40:54Z" end-time="2026-04-25 04:40:54Z" duration="0.000189" asserts="0">
                  <properties>
                    <property name="retryIteration" value="0" />
                    <property name="repeatIteration" value="0" />
                  </properties>
                </test-case>
                <test-case id="1045" name="InvalidTransition_DoesNotThrow" fullname="VTuberSystemBase.CoreIpc.Tests.Editor.ConnectionStateMachineTests.InvalidTransition_DoesNotThrow" methodname="InvalidTransition_DoesNotThrow" classname="VTuberSystemBase.CoreIpc.Tests.Editor.ConnectionStateMachineTests" runstate="Runnable" seed="525989758" result="Passed" start-time="2026-04-25 04:40:54Z" end-time="2026-04-25 04:40:54Z" duration="0.000544" asserts="0">
                  <properties>
                    <property name="retryIteration" value="0" />
                    <property name="repeatIteration" value="0" />
                  </properties>
                </test-case>
                <test-case id="1044" name="InvalidTransition_PermanentlyDisconnectedToConnecting_IsIgnored" fullname="VTuberSystemBase.CoreIpc.Tests.Editor.ConnectionStateMachineTests.InvalidTransition_PermanentlyDisconnectedToConnecting_IsIgnored" methodname="InvalidTransition_PermanentlyDisconnectedToConnecting_IsIgnored" classname="VTuberSystemBase.CoreIpc.Tests.Editor.ConnectionStateMachineTests" runstate="Runnable" seed="1397943827" result="Passed" start-time="2026-04-25 04:40:54Z" end-time="2026-04-25 04:40:54Z" duration="0.000216" asserts="0">
                  <properties>
                    <property name="retryIteration" value="0" />
                    <property name="repeatIteration" value="0" />
                  </properties>
                </test-case>
                <test-case id="1031" name="Path1_Disconnected_To_Connecting_Succeeds" fullname="VTuberSystemBase.CoreIpc.Tests.Editor.ConnectionStateMachineTests.Path1_Disconnected_To_Connecting_Succeeds" methodname="Path1_Disconnected_To_Connecting_Succeeds" classname="VTuberSystemBase.CoreIpc.Tests.Editor.ConnectionStateMachineTests" runstate="Runnable" seed="1767154090" result="Passed" start-time="2026-04-25 04:40:54Z" end-time="2026-04-25 04:40:54Z" duration="0.000228" asserts="0">
                  <properties>
                    <property name="retryIteration" value="0" />
                    <property name="repeatIteration" value="0" />
                  </properties>
                </test-case>
                <test-case id="1032" name="Path2_Connecting_To_Connected_Succeeds" fullname="VTuberSystemBase.CoreIpc.Tests.Editor.ConnectionStateMachineTests.Path2_Connecting_To_Connected_Succeeds" methodname="Path2_Connecting_To_Connected_Succeeds" classname="VTuberSystemBase.CoreIpc.Tests.Editor.ConnectionStateMachineTests" runstate="Runnable" seed="24795404" result="Passed" start-time="2026-04-25 04:40:54Z" end-time="2026-04-25 04:40:54Z" duration="0.000180" asserts="0">
                  <properties>
                    <property name="retryIteration" value="0" />
                    <property name="repeatIteration" value="0" />
                  </properties>
                </test-case>
                <test-case id="1033" name="Path3_Connecting_To_Disconnected_OnHandshakeFailure_Succeeds" fullname="VTuberSystemBase.CoreIpc.Tests.Editor.ConnectionStateMachineTests.Path3_Connecting_To_Disconnected_OnHandshakeFailure_Succeeds" methodname="Path3_Connecting_To_Disconnected_OnHandshakeFailure_Succeeds" classname="VTuberSystemBase.CoreIpc.Tests.Editor.ConnectionStateMachineTests" runstate="Runnable" seed="50522859" result="Passed" start-time="2026-04-25 04:40:54Z" end-time="2026-04-25 04:40:54Z" duration="0.000189" asserts="0">
                  <properties>
                    <property name="retryIteration" value="0" />
                    <property name="repeatIteration" value="0" />
                  </properties>
                </test-case>
                <test-case id="1034" name="Path4_Connected_To_Reconnecting_OnSocketDrop_Succeeds" fullname="VTuberSystemBase.CoreIpc.Tests.Editor.ConnectionStateMachineTests.Path4_Connected_To_Reconnecting_OnSocketDrop_Succeeds" methodname="Path4_Connected_To_Reconnecting_OnSocketDrop_Succeeds" classname="VTuberSystemBase.CoreIpc.Tests.Editor.ConnectionStateMachineTests" runstate="Runnable" seed="1590852977" result="Passed" start-time="2026-04-25 04:40:54Z" end-time="2026-04-25 04:40:54Z" duration="0.000180" asserts="0">
                  <properties>
                    <property name="retryIteration" value="0" />
                    <property name="repeatIteration" value="0" />
                  </properties>
                </test-case>
                <test-case id="1035" name="Path5_Reconnecting_To_Connecting_OnBackoffExpired_Succeeds" fullname="VTuberSystemBase.CoreIpc.Tests.Editor.ConnectionStateMachineTests.Path5_Reconnecting_To_Connecting_OnBackoffExpired_Succeeds" methodname="Path5_Reconnecting_To_Connecting_OnBackoffExpired_Succeeds" classname="VTuberSystemBase.CoreIpc.Tests.Editor.ConnectionStateMachineTests" runstate="Runnable" seed="2005015281" result="Passed" start-time="2026-04-25 04:40:54Z" end-time="2026-04-25 04:40:54Z" duration="0.000256" asserts="0">
                  <properties>
                    <property name="retryIteration" value="0" />
                    <property name="repeatIteration" value="0" />
                  </properties>
                </test-case>
                <test-case id="1036" name="Path6_Reconnecting_To_PermanentlyDisconnected_OnMaxAttempts_Succeeds" fullname="VTuberSystemBase.CoreIpc.Tests.Editor.ConnectionStateMachineTests.Path6_Reconnecting_To_PermanentlyDisconnected_OnMaxAttempts_Succeeds" methodname="Path6_Reconnecting_To_PermanentlyDisconnected_OnMaxAttempts_Succeeds" classname="VTuberSystemBase.CoreIpc.Tests.Editor.ConnectionStateMachineTests" runstate="Runnable" seed="846228527" result="Passed" start-time="2026-04-25 04:40:54Z" end-time="2026-04-25 04:40:54Z" duration="0.000253" asserts="0">
                  <properties>
                    <property name="retryIteration" value="0" />
                    <property name="repeatIteration" value="0" />
                  </properties>
                </test-case>
                <test-case id="1037" name="Path7_Connected_To_Disconnected_OnShutdown_SetsFlag" fullname="VTuberSystemBase.CoreIpc.Tests.Editor.ConnectionStateMachineTests.Path7_Connected_To_Disconnected_OnShutdown_SetsFlag" methodname="Path7_Connected_To_Disconnected_OnShutdown_SetsFlag" classname="VTuberSystemBase.CoreIpc.Tests.Editor.ConnectionStateMachineTests" runstate="Runnable" seed="8724057" result="Passed" start-time="2026-04-25 04:40:54Z" end-time="2026-04-25 04:40:54Z" duration="0.000250" asserts="0">
                  <properties>
                    <property name="retryIteration" value="0" />
                    <property name="repeatIteration" value="0" />
                  </properties>
                </test-case>
                <test-case id="1038" name="Path8_Reconnecting_To_Disconnected_OnShutdown_SetsFlag" fullname="VTuberSystemBase.CoreIpc.Tests.Editor.ConnectionStateMachineTests.Path8_Reconnecting_To_Disconnected_OnShutdown_SetsFlag" methodname="Path8_Reconnecting_To_Disconnected_OnShutdown_SetsFlag" classname="VTuberSystemBase.CoreIpc.Tests.Editor.ConnectionStateMachineTests" runstate="Runnable" seed="1883359746" result="Passed" start-time="2026-04-25 04:40:54Z" end-time="2026-04-25 04:40:54Z" duration="0.000203" asserts="0">
                  <properties>
                    <property name="retryIteration" value="0" />
                    <property name="repeatIteration" value="0" />
                  </properties>
                </test-case>
                <test-case id="1046" name="SameStateTransition_IsNoOp_NoEvent_NoWarning" fullname="VTuberSystemBase.CoreIpc.Tests.Editor.ConnectionStateMachineTests.SameStateTransition_IsNoOp_NoEvent_NoWarning" methodname="SameStateTransition_IsNoOp_NoEvent_NoWarning" classname="VTuberSystemBase.CoreIpc.Tests.Editor.ConnectionStateMachineTests" runstate="Runnable" seed="2018500004" result="Passed" start-time="2026-04-25 04:40:54Z" end-time="2026-04-25 04:40:54Z" duration="0.000190" asserts="0">
                  <properties>
                    <property name="retryIteration" value="0" />
                    <property name="repeatIteration" value="0" />
                  </properties>
                </test-case>
                <test-case id="1040" name="Shutdown_FromDisconnected_OnlySetsFlag_AndDoesNotFireEvent" fullname="VTuberSystemBase.CoreIpc.Tests.Editor.ConnectionStateMachineTests.Shutdown_FromDisconnected_OnlySetsFlag_AndDoesNotFireEvent" methodname="Shutdown_FromDisconnected_OnlySetsFlag_AndDoesNotFireEvent" classname="VTuberSystemBase.CoreIpc.Tests.Editor.ConnectionStateMachineTests" runstate="Runnable" seed="52108277" result="Passed" start-time="2026-04-25 04:40:54Z" end-time="2026-04-25 04:40:54Z" duration="0.000172" asserts="0">
                  <properties>
                    <property name="retryIteration" value="0" />
                    <property name="repeatIteration" value="0" />
                  </properties>
                </test-case>
                <test-case id="1041" name="Shutdown_TargetingNonDisconnected_IsRejected_AndLogsWarning" fullname="VTuberSystemBase.CoreIpc.Tests.Editor.ConnectionStateMachineTests.Shutdown_TargetingNonDisconnected_IsRejected_AndLogsWarning" methodname="Shutdown_TargetingNonDisconnected_IsRejected_AndLogsWarning" classname="VTuberSystemBase.CoreIpc.Tests.Editor.ConnectionStateMachineTests" runstate="Runnable" seed="850332839" result="Passed" start-time="2026-04-25 04:40:54Z" end-time="2026-04-25 04:40:54Z" duration="0.000195" asserts="0">
                  <properties>
                    <property name="retryIteration" value="0" />
                    <property name="repeatIteration" value="0" />
                  </properties>
                </test-case>
                <test-case id="1048" name="StateChanged_DeliversPreviousAndCurrentInOrder" fullname="VTuberSystemBase.CoreIpc.Tests.Editor.ConnectionStateMachineTests.StateChanged_DeliversPreviousAndCurrentInOrder" methodname="StateChanged_DeliversPreviousAndCurrentInOrder" classname="VTuberSystemBase.CoreIpc.Tests.Editor.ConnectionStateMachineTests" runstate="Runnable" seed="1903427563" result="Passed" start-time="2026-04-25 04:40:54Z" end-time="2026-04-25 04:40:54Z" duration="0.000214" asserts="0">
                  <properties>
                    <property name="retryIteration" value="0" />
                    <property name="repeatIteration" value="0" />
                  </properties>
                </test-case>
                <test-case id="1047" name="StateChanged_FiresExactlyOncePerTransition" fullname="VTuberSystemBase.CoreIpc.Tests.Editor.ConnectionStateMachineTests.StateChanged_FiresExactlyOncePerTransition" methodname="StateChanged_FiresExactlyOncePerTransition" classname="VTuberSystemBase.CoreIpc.Tests.Editor.ConnectionStateMachineTests" runstate="Runnable" seed="1710293829" result="Passed" start-time="2026-04-25 04:40:54Z" end-time="2026-04-25 04:40:54Z" duration="0.000218" asserts="0">
                  <properties>
                    <property name="retryIteration" value="0" />
                    <property name="repeatIteration" value="0" />
                  </properties>
                </test-case>
                <test-case id="1049" name="StateChanged_MultipleSubscribers_AllReceiveTransition" fullname="VTuberSystemBase.CoreIpc.Tests.Editor.ConnectionStateMachineTests.StateChanged_MultipleSubscribers_AllReceiveTransition" methodname="StateChanged_MultipleSubscribers_AllReceiveTransition" classname="VTuberSystemBase.CoreIpc.Tests.Editor.ConnectionStateMachineTests" runstate="Runnable" seed="1767492984" result="Passed" start-time="2026-04-25 04:40:54Z" end-time="2026-04-25 04:40:54Z" duration="0.000269" asserts="0">
                  <properties>
                    <property name="retryIteration" value="0" />
                    <property name="repeatIteration" value="0" />
                  </properties>
                </test-case>
              </test-suite>
              <test-suite type="TestFixture" id="1051" name="CoreIpcBusTests" fullname="VTuberSystemBase.CoreIpc.Tests.Editor.CoreIpcBusTests" classname="VTuberSystemBase.CoreIpc.Tests.Editor.CoreIpcBusTests" runstate="Runnable" testcasecount="24" result="Passed" start-time="2026-04-25 04:40:54Z" end-time="2026-04-25 04:40:54Z" duration="0.286815" total="24" passed="24" failed="0" inconclusive="0" skipped="0" asserts="0">
                <properties />
                <test-case id="1053" name="Ctor_NullCodec_Throws" fullname="VTuberSystemBase.CoreIpc.Tests.Editor.CoreIpcBusTests.Ctor_NullCodec_Throws" methodname="Ctor_NullCodec_Throws" classname="VTuberSystemBase.CoreIpc.Tests.Editor.CoreIpcBusTests" runstate="Runnable" seed="1991723512" result="Passed" start-time="2026-04-25 04:40:54Z" end-time="2026-04-25 04:40:54Z" duration="0.001246" asserts="0">
                  <properties>
                    <property name="retryIteration" value="0" />
                    <property name="repeatIteration" value="0" />
                  </properties>
                </test-case>
                <test-case id="1052" name="Ctor_NullOptions_Throws" fullname="VTuberSystemBase.CoreIpc.Tests.Editor.CoreIpcBusTests.Ctor_NullOptions_Throws" methodname="Ctor_NullOptions_Throws" classname="VTuberSystemBase.CoreIpc.Tests.Editor.CoreIpcBusTests" runstate="Runnable" seed="1644854425" result="Passed" start-time="2026-04-25 04:40:54Z" end-time="2026-04-25 04:40:54Z" duration="0.007272" asserts="0">
                  <properties>
                    <property name="retryIteration" value="0" />
                    <property name="repeatIteration" value="0" />
                  </properties>
                </test-case>
                <test-case id="1054" name="Ctor_NullOutbound_Throws" fullname="VTuberSystemBase.CoreIpc.Tests.Editor.CoreIpcBusTests.Ctor_NullOutbound_Throws" methodname="Ctor_NullOutbound_Throws" classname="VTuberSystemBase.CoreIpc.Tests.Editor.CoreIpcBusTests" runstate="Runnable" seed="1057476157" result="Passed" start-time="2026-04-25 04:40:54Z" end-time="2026-04-25 04:40:54Z" duration="0.000248" asserts="0">
                  <properties>
                    <property name="retryIteration" value="0" />
                    <property name="repeatIteration" value="0" />
                  </properties>
                </test-case>
                <test-case id="1055" name="Diagnostics_ReturnsInjectedInstance" fullname="VTuberSystemBase.CoreIpc.Tests.Editor.CoreIpcBusTests.Diagnostics_ReturnsInjectedInstance" methodname="Diagnostics_ReturnsInjectedInstance" classname="VTuberSystemBase.CoreIpc.Tests.Editor.CoreIpcBusTests" runstate="Runnable" seed="1598146724" result="Passed" start-time="2026-04-25 04:40:54Z" end-time="2026-04-25 04:40:54Z" duration="0.001265" asserts="0">
                  <properties>
                    <property name="retryIteration" value="0" />
                    <property name="repeatIteration" value="0" />
                  </properties>
                </test-case>
                <test-case id="1063" name="PublishEvent_AtOrUnderLimit_Succeeds_ButOverLimit_Fails" fullname="VTuberSystemBase.CoreIpc.Tests.Editor.CoreIpcBusTests.PublishEvent_AtOrUnderLimit_Succeeds_ButOverLimit_Fails" methodname="PublishEvent_AtOrUnderLimit_Succeeds_ButOverLimit_Fails" classname="VTuberSystemBase.CoreIpc.Tests.Editor.CoreIpcBusTests" runstate="Runnable" seed="258063305" result="Passed" start-time="2026-04-25 04:40:54Z" end-time="2026-04-25 04:40:54Z" duration="0.044357" asserts="0">
                  <properties>
                    <property name="retryIteration" value="0" />
                    <property name="repeatIteration" value="0" />
                  </properties>
                </test-case>
                <test-case id="1065" name="PublishEvent_Success_SendsEncodedEventEnvelope" fullname="VTuberSystemBase.CoreIpc.Tests.Editor.CoreIpcBusTests.PublishEvent_Success_SendsEncodedEventEnvelope" methodname="PublishEvent_Success_SendsEncodedEventEnvelope" classname="VTuberSystemBase.CoreIpc.Tests.Editor.CoreIpcBusTests" runstate="Runnable" seed="1766595539" result="Passed" start-time="2026-04-25 04:40:54Z" end-time="2026-04-25 04:40:54Z" duration="0.010385" asserts="0">
                  <properties>
                    <property name="retryIteration" value="0" />
                    <property name="repeatIteration" value="0" />
                  </properties>
                </test-case>
                <test-case id="1057" name="PublishEvent_WhenNotConnected_ReturnsNotConnected" fullname="VTuberSystemBase.CoreIpc.Tests.Editor.CoreIpcBusTests.PublishEvent_WhenNotConnected_ReturnsNotConnected" methodname="PublishEvent_WhenNotConnected_ReturnsNotConnected" classname="VTuberSystemBase.CoreIpc.Tests.Editor.CoreIpcBusTests" runstate="Runnable" seed="1577348781" result="Passed" start-time="2026-04-25 04:40:54Z" end-time="2026-04-25 04:40:54Z" duration="0.000340" asserts="0">
                  <properties>
                    <property name="retryIteration" value="0" />
                    <property name="repeatIteration" value="0" />
                  </properties>
                </test-case>
                <test-case id="1060" name="PublishEvent_WithNullTopic_ReturnsInvalidTopic" fullname="VTuberSystemBase.CoreIpc.Tests.Editor.CoreIpcBusTests.PublishEvent_WithNullTopic_ReturnsInvalidTopic" methodname="PublishEvent_WithNullTopic_ReturnsInvalidTopic" classname="VTuberSystemBase.CoreIpc.Tests.Editor.CoreIpcBusTests" runstate="Runnable" seed="87156718" result="Passed" start-time="2026-04-25 04:40:54Z" end-time="2026-04-25 04:40:54Z" duration="0.000488" asserts="0">
                  <properties>
                    <property name="retryIteration" value="0" />
                    <property name="repeatIteration" value="0" />
                  </properties>
                </test-case>
                <test-case id="1064" name="PublishState_Success_SendsEncodedStateEnvelope" fullname="VTuberSystemBase.CoreIpc.Tests.Editor.CoreIpcBusTests.PublishState_Success_SendsEncodedStateEnvelope" methodname="PublishState_Success_SendsEncodedStateEnvelope" classname="VTuberSystemBase.CoreIpc.Tests.Editor.CoreIpcBusTests" runstate="Runnable" seed="1728941806" result="Passed" start-time="2026-04-25 04:40:54Z" end-time="2026-04-25 04:40:54Z" duration="0.001540" asserts="0">
                  <properties>
                    <property name="retryIteration" value="0" />
                    <property name="repeatIteration" value="0" />
                  </properties>
                </test-case>
                <test-case id="1056" name="PublishState_WhenNotConnected_ReturnsNotConnected" fullname="VTuberSystemBase.CoreIpc.Tests.Editor.CoreIpcBusTests.PublishState_WhenNotConnected_ReturnsNotConnected" methodname="PublishState_WhenNotConnected_ReturnsNotConnected" classname="VTuberSystemBase.CoreIpc.Tests.Editor.CoreIpcBusTests" runstate="Runnable" seed="199661792" result="Passed" start-time="2026-04-25 04:40:54Z" end-time="2026-04-25 04:40:54Z" duration="0.000261" asserts="0">
                  <properties>
                    <property name="retryIteration" value="0" />
                    <property name="repeatIteration" value="0" />
                  </properties>
                </test-case>
                <test-case id="1059" name="PublishState_WithEmptyTopic_ReturnsInvalidTopic" fullname="VTuberSystemBase.CoreIpc.Tests.Editor.CoreIpcBusTests.PublishState_WithEmptyTopic_ReturnsInvalidTopic" methodname="PublishState_WithEmptyTopic_ReturnsInvalidTopic" classname="VTuberSystemBase.CoreIpc.Tests.Editor.CoreIpcBusTests" runstate="Runnable" seed="1315091983" result="Passed" start-time="2026-04-25 04:40:54Z" end-time="2026-04-25 04:40:54Z" duration="0.000195" asserts="0">
                  <properties>
                    <property name="retryIteration" value="0" />
                    <property name="repeatIteration" value="0" />
                  </properties>
                </test-case>
                <test-case id="1062" name="PublishState_WithOversizedPayload_ReturnsSizeLimitExceeded" fullname="VTuberSystemBase.CoreIpc.Tests.Editor.CoreIpcBusTests.PublishState_WithOversizedPayload_ReturnsSizeLimitExceeded" methodname="PublishState_WithOversizedPayload_ReturnsSizeLimitExceeded" classname="VTuberSystemBase.CoreIpc.Tests.Editor.CoreIpcBusTests" runstate="Runnable" seed="1278165863" result="Passed" start-time="2026-04-25 04:40:54Z" end-time="2026-04-25 04:40:54Z" duration="0.001914" asserts="0">
                  <properties>
                    <property name="retryIteration" value="0" />
                    <property name="repeatIteration" value="0" />
                  </properties>
                </test-case>
                <test-case id="1075" name="RegisterRequestHandler_NullArgs_Throws" fullname="VTuberSystemBase.CoreIpc.Tests.Editor.CoreIpcBusTests.RegisterRequestHandler_NullArgs_Throws" methodname="RegisterRequestHandler_NullArgs_Throws" classname="VTuberSystemBase.CoreIpc.Tests.Editor.CoreIpcBusTests" runstate="Runnable" seed="1899848999" result="Passed" start-time="2026-04-25 04:40:54Z" end-time="2026-04-25 04:40:54Z" duration="0.000608" asserts="0">
                  <properties>
                    <property name="retryIteration" value="0" />
                    <property name="repeatIteration" value="0" />
                  </properties>
                </test-case>
                <test-case id="1074" name="RegisterRequestHandler_RegistersUnderRequestKind_AndSendsResponseEnvelope" fullname="VTuberSystemBase.CoreIpc.Tests.Editor.CoreIpcBusTests.RegisterRequestHandler_RegistersUnderRequestKind_AndSendsResponseEnvelope" methodname="RegisterRequestHandler_RegistersUnderRequestKind_AndSendsResponseEnvelope" classname="VTuberSystemBase.CoreIpc.Tests.Editor.CoreIpcBusTests" runstate="Runnable" seed="1183995941" result="Passed" start-time="2026-04-25 04:40:54Z" end-time="2026-04-25 04:40:54Z" duration="0.011459" asserts="0">
                  <properties>
                    <property name="retryIteration" value="0" />
                    <property name="repeatIteration" value="0" />
                  </properties>
                </test-case>
                <test-case id="1066" name="RequestAsync_AllocatesCorrelationId_AndSendsRequestEnvelope" fullname="VTuberSystemBase.CoreIpc.Tests.Editor.CoreIpcBusTests.RequestAsync_AllocatesCorrelationId_AndSendsRequestEnvelope" methodname="RequestAsync_AllocatesCorrelationId_AndSendsRequestEnvelope" classname="VTuberSystemBase.CoreIpc.Tests.Editor.CoreIpcBusTests" runstate="Runnable" seed="524753458" result="Passed" start-time="2026-04-25 04:40:54Z" end-time="2026-04-25 04:40:54Z" duration="0.089359" asserts="0">
                  <properties>
                    <property name="retryIteration" value="0" />
                    <property name="repeatIteration" value="0" />
                  </properties>
                </test-case>
                <test-case id="1067" name="RequestAsync_NoResponse_ReturnsRequestTimeout" fullname="VTuberSystemBase.CoreIpc.Tests.Editor.CoreIpcBusTests.RequestAsync_NoResponse_ReturnsRequestTimeout" methodname="RequestAsync_NoResponse_ReturnsRequestTimeout" classname="VTuberSystemBase.CoreIpc.Tests.Editor.CoreIpcBusTests" runstate="Runnable" seed="497372349" result="Passed" start-time="2026-04-25 04:40:54Z" end-time="2026-04-25 04:40:54Z" duration="0.099868" asserts="0">
                  <properties>
                    <property name="retryIteration" value="0" />
                    <property name="repeatIteration" value="0" />
                  </properties>
                </test-case>
                <test-case id="1068" name="RequestAsync_SendThrows_FailsPending_AndReturnsTransportFailure" fullname="VTuberSystemBase.CoreIpc.Tests.Editor.CoreIpcBusTests.RequestAsync_SendThrows_FailsPending_AndReturnsTransportFailure" methodname="RequestAsync_SendThrows_FailsPending_AndReturnsTransportFailure" classname="VTuberSystemBase.CoreIpc.Tests.Editor.CoreIpcBusTests" runstate="Runnable" seed="335947501" result="Passed" start-time="2026-04-25 04:40:54Z" end-time="2026-04-25 04:40:54Z" duration="0.002618" asserts="0">
                  <properties>
                    <property name="retryIteration" value="0" />
                    <property name="repeatIteration" value="0" />
                  </properties>
                </test-case>
                <test-case id="1058" name="RequestAsync_WhenNotConnected_ReturnsNotConnected" fullname="VTuberSystemBase.CoreIpc.Tests.Editor.CoreIpcBusTests.RequestAsync_WhenNotConnected_ReturnsNotConnected" methodname="RequestAsync_WhenNotConnected_ReturnsNotConnected" classname="VTuberSystemBase.CoreIpc.Tests.Editor.CoreIpcBusTests" runstate="Runnable" seed="1476292005" result="Passed" start-time="2026-04-25 04:40:54Z" end-time="2026-04-25 04:40:54Z" duration="0.000937" asserts="0">
                  <properties>
                    <property name="retryIteration" value="0" />
                    <property name="repeatIteration" value="0" />
                  </properties>
                </test-case>
                <test-case id="1061" name="RequestAsync_WithEmptyTopic_ReturnsInvalidTopic" fullname="VTuberSystemBase.CoreIpc.Tests.Editor.CoreIpcBusTests.RequestAsync_WithEmptyTopic_ReturnsInvalidTopic" methodname="RequestAsync_WithEmptyTopic_ReturnsInvalidTopic" classname="VTuberSystemBase.CoreIpc.Tests.Editor.CoreIpcBusTests" runstate="Runnable" seed="1801042900" result="Passed" start-time="2026-04-25 04:40:54Z" end-time="2026-04-25 04:40:54Z" duration="0.000858" asserts="0">
                  <properties>
                    <property name="retryIteration" value="0" />
                    <property name="repeatIteration" value="0" />
                  </properties>
                </test-case>
                <test-case id="1071" name="Subscribe_DisposeToken_RemovesRegistration" fullname="VTuberSystemBase.CoreIpc.Tests.Editor.CoreIpcBusTests.Subscribe_DisposeToken_RemovesRegistration" methodname="Subscribe_DisposeToken_RemovesRegistration" classname="VTuberSystemBase.CoreIpc.Tests.Editor.CoreIpcBusTests" runstate="Runnable" seed="722370512" result="Passed" start-time="2026-04-25 04:40:54Z" end-time="2026-04-25 04:40:54Z" duration="0.000567" asserts="0">
                  <properties>
                    <property name="retryIteration" value="0" />
                    <property name="repeatIteration" value="0" />
                  </properties>
                </test-case>
                <test-case id="1073" name="Subscribe_NullHandler_Throws" fullname="VTuberSystemBase.CoreIpc.Tests.Editor.CoreIpcBusTests.Subscribe_NullHandler_Throws" methodname="Subscribe_NullHandler_Throws" classname="VTuberSystemBase.CoreIpc.Tests.Editor.CoreIpcBusTests" runstate="Runnable" seed="298589916" result="Passed" start-time="2026-04-25 04:40:54Z" end-time="2026-04-25 04:40:54Z" duration="0.000625" asserts="0">
                  <properties>
                    <property name="retryIteration" value="0" />
                    <property name="repeatIteration" value="0" />
                  </properties>
                </test-case>
                <test-case id="1072" name="Subscribe_NullTopicOrEmpty_Throws" fullname="VTuberSystemBase.CoreIpc.Tests.Editor.CoreIpcBusTests.Subscribe_NullTopicOrEmpty_Throws" methodname="Subscribe_NullTopicOrEmpty_Throws" classname="VTuberSystemBase.CoreIpc.Tests.Editor.CoreIpcBusTests" runstate="Runnable" seed="183984308" result="Passed" start-time="2026-04-25 04:40:54Z" end-time="2026-04-25 04:40:54Z" duration="0.000415" asserts="0">
                  <properties>
                    <property name="retryIteration" value="0" />
                    <property name="repeatIteration" value="0" />
                  </properties>
                </test-case>
                <test-case id="1070" name="SubscribeEvent_DelegatesToRegistry_AndDispatchInvokesHandler" fullname="VTuberSystemBase.CoreIpc.Tests.Editor.CoreIpcBusTests.SubscribeEvent_DelegatesToRegistry_AndDispatchInvokesHandler" methodname="SubscribeEvent_DelegatesToRegistry_AndDispatchInvokesHandler" classname="VTuberSystemBase.CoreIpc.Tests.Editor.CoreIpcBusTests" runstate="Runnable" seed="215366765" result="Passed" start-time="2026-04-25 04:40:54Z" end-time="2026-04-25 04:40:54Z" duration="0.004113" asserts="0">
                  <properties>
                    <property name="retryIteration" value="0" />
                    <property name="repeatIteration" value="0" />
                  </properties>
                </test-case>
                <test-case id="1069" name="SubscribeState_DelegatesToRegistry_AndDispatchInvokesHandlerWithDeserializedPayload" fullname="VTuberSystemBase.CoreIpc.Tests.Editor.CoreIpcBusTests.SubscribeState_DelegatesToRegistry_AndDispatchInvokesHandlerWithDeserializedPayload" methodname="SubscribeState_DelegatesToRegistry_AndDispatchInvokesHandlerWithDeserializedPayload" classname="VTuberSystemBase.CoreIpc.Tests.Editor.CoreIpcBusTests" runstate="Runnable" seed="950246622" result="Passed" start-time="2026-04-25 04:40:54Z" end-time="2026-04-25 04:40:54Z" duration="0.001540" asserts="0">
                  <properties>
                    <property name="retryIteration" value="0" />
                    <property name="repeatIteration" value="0" />
                  </properties>
                </test-case>
              </test-suite>
              <test-suite type="TestFixture" id="1076" name="CoreIpcErrorVariantsTests" fullname="VTuberSystemBase.CoreIpc.Tests.Editor.CoreIpcErrorVariantsTests" classname="VTuberSystemBase.CoreIpc.Tests.Editor.CoreIpcErrorVariantsTests" runstate="Runnable" testcasecount="4" result="Passed" start-time="2026-04-25 04:40:54Z" end-time="2026-04-25 04:40:54Z" duration="0.002446" total="4" passed="4" failed="0" inconclusive="0" skipped="0" asserts="0">
                <properties />
                <test-case id="1077" name="AllVariants_AreSubtypesOfCoreIpcError_AndCarryStableCodes" fullname="VTuberSystemBase.CoreIpc.Tests.Editor.CoreIpcErrorVariantsTests.AllVariants_AreSubtypesOfCoreIpcError_AndCarryStableCodes" methodname="AllVariants_AreSubtypesOfCoreIpcError_AndCarryStableCodes" classname="VTuberSystemBase.CoreIpc.Tests.Editor.CoreIpcErrorVariantsTests" runstate="Runnable" seed="644136517" result="Passed" start-time="2026-04-25 04:40:54Z" end-time="2026-04-25 04:40:54Z" duration="0.000617" asserts="0">
                  <properties>
                    <property name="retryIteration" value="0" />
                    <property name="repeatIteration" value="0" />
                  </properties>
                </test-case>
                <test-case id="1080" name="Records_WithSamePayload_AreEqual" fullname="VTuberSystemBase.CoreIpc.Tests.Editor.CoreIpcErrorVariantsTests.Records_WithSamePayload_AreEqual" methodname="Records_WithSamePayload_AreEqual" classname="VTuberSystemBase.CoreIpc.Tests.Editor.CoreIpcErrorVariantsTests" runstate="Runnable" seed="975653014" result="Passed" start-time="2026-04-25 04:40:54Z" end-time="2026-04-25 04:40:54Z" duration="0.000357" asserts="0">
                  <properties>
                    <property name="retryIteration" value="0" />
                    <property name="repeatIteration" value="0" />
                  </properties>
                </test-case>
                <test-case id="1079" name="RequestTimeout_PreservesElapsed" fullname="VTuberSystemBase.CoreIpc.Tests.Editor.CoreIpcErrorVariantsTests.RequestTimeout_PreservesElapsed" methodname="RequestTimeout_PreservesElapsed" classname="VTuberSystemBase.CoreIpc.Tests.Editor.CoreIpcErrorVariantsTests" runstate="Runnable" seed="23853897" result="Passed" start-time="2026-04-25 04:40:54Z" end-time="2026-04-25 04:40:54Z" duration="0.000204" asserts="0">
                  <properties>
                    <property name="retryIteration" value="0" />
                    <property name="repeatIteration" value="0" />
                  </properties>
                </test-case>
                <test-case id="1078" name="SizeLimitExceeded_PreservesActualAndLimit" fullname="VTuberSystemBase.CoreIpc.Tests.Editor.CoreIpcErrorVariantsTests.SizeLimitExceeded_PreservesActualAndLimit" methodname="SizeLimitExceeded_PreservesActualAndLimit" classname="VTuberSystemBase.CoreIpc.Tests.Editor.CoreIpcErrorVariantsTests" runstate="Runnable" seed="1846710808" result="Passed" start-time="2026-04-25 04:40:54Z" end-time="2026-04-25 04:40:54Z" duration="0.000125" asserts="0">
                  <properties>
                    <property name="retryIteration" value="0" />
                    <property name="repeatIteration" value="0" />
                  </properties>
                </test-case>
              </test-suite>
              <test-suite type="TestFixture" id="1081" name="CoreIpcOptionsDefaultsTests" fullname="VTuberSystemBase.CoreIpc.Tests.Editor.CoreIpcOptionsDefaultsTests" classname="VTuberSystemBase.CoreIpc.Tests.Editor.CoreIpcOptionsDefaultsTests" runstate="Runnable" testcasecount="3" result="Passed" start-time="2026-04-25 04:40:54Z" end-time="2026-04-25 04:40:54Z" duration="0.001938" total="3" passed="3" failed="0" inconclusive="0" skipped="0" asserts="0">
                <properties />
                <test-case id="1082" name="DefaultInstance_ExposesContractDefaults" fullname="VTuberSystemBase.CoreIpc.Tests.Editor.CoreIpcOptionsDefaultsTests.DefaultInstance_ExposesContractDefaults" methodname="DefaultInstance_ExposesContractDefaults" classname="VTuberSystemBase.CoreIpc.Tests.Editor.CoreIpcOptionsDefaultsTests" runstate="Runnable" seed="1476100987" result="Passed" start-time="2026-04-25 04:40:54Z" end-time="2026-04-25 04:40:54Z" duration="0.000219" asserts="0">
                  <properties>
                    <property name="retryIteration" value="0" />
                    <property name="repeatIteration" value="0" />
                  </properties>
                </test-case>
                <test-case id="1083" name="DefaultInstance_ExposesReconnectAndLoggingDefaults" fullname="VTuberSystemBase.CoreIpc.Tests.Editor.CoreIpcOptionsDefaultsTests.DefaultInstance_ExposesReconnectAndLoggingDefaults" methodname="DefaultInstance_ExposesReconnectAndLoggingDefaults" classname="VTuberSystemBase.CoreIpc.Tests.Editor.CoreIpcOptionsDefaultsTests" runstate="Runnable" seed="849876481" result="Passed" start-time="2026-04-25 04:40:54Z" end-time="2026-04-25 04:40:54Z" duration="0.000620" asserts="0">
                  <properties>
                    <property name="retryIteration" value="0" />
                    <property name="repeatIteration" value="0" />
                  </properties>
                </test-case>
                <test-case id="1084" name="With_PartialOverride_PreservesOtherDefaults" fullname="VTuberSystemBase.CoreIpc.Tests.Editor.CoreIpcOptionsDefaultsTests.With_PartialOverride_PreservesOtherDefaults" methodname="With_PartialOverride_PreservesOtherDefaults" classname="VTuberSystemBase.CoreIpc.Tests.Editor.CoreIpcOptionsDefaultsTests" runstate="Runnable" seed="1257830802" result="Passed" start-time="2026-04-25 04:40:54Z" end-time="2026-04-25 04:40:54Z" duration="0.000208" asserts="0">
                  <properties>
                    <property name="retryIteration" value="0" />
                    <property name="repeatIteration" value="0" />
                  </properties>
                </test-case>
              </test-suite>
              <test-suite type="TestFixture" id="1085" name="IpcResultTests" fullname="VTuberSystemBase.CoreIpc.Tests.Editor.IpcResultTests" classname="VTuberSystemBase.CoreIpc.Tests.Editor.IpcResultTests" runstate="Runnable" testcasecount="5" result="Passed" start-time="2026-04-25 04:40:54Z" end-time="2026-04-25 04:40:54Z" duration="0.002064" total="5" passed="5" failed="0" inconclusive="0" skipped="0" asserts="0">
                <properties />
                <test-case id="1090" name="Fail_Generic_HasDefaultValueAndError" fullname="VTuberSystemBase.CoreIpc.Tests.Editor.IpcResultTests.Fail_Generic_HasDefaultValueAndError" methodname="Fail_Generic_HasDefaultValueAndError" classname="VTuberSystemBase.CoreIpc.Tests.Editor.IpcResultTests" runstate="Runnable" seed="1127523077" result="Passed" start-time="2026-04-25 04:40:54Z" end-time="2026-04-25 04:40:54Z" duration="0.000210" asserts="0">
                  <properties>
                    <property name="retryIteration" value="0" />
                    <property name="repeatIteration" value="0" />
                  </properties>
                </test-case>
                <test-case id="1087" name="Fail_NonGeneric_HasSuccessFalseAndError" fullname="VTuberSystemBase.CoreIpc.Tests.Editor.IpcResultTests.Fail_NonGeneric_HasSuccessFalseAndError" methodname="Fail_NonGeneric_HasSuccessFalseAndError" classname="VTuberSystemBase.CoreIpc.Tests.Editor.IpcResultTests" runstate="Runnable" seed="1836660566" result="Passed" start-time="2026-04-25 04:40:54Z" end-time="2026-04-25 04:40:54Z" duration="0.000131" asserts="0">
                  <properties>
                    <property name="retryIteration" value="0" />
                    <property name="repeatIteration" value="0" />
                  </properties>
                </test-case>
                <test-case id="1088" name="Fail_NonGeneric_NullError_Throws" fullname="VTuberSystemBase.CoreIpc.Tests.Editor.IpcResultTests.Fail_NonGeneric_NullError_Throws" methodname="Fail_NonGeneric_NullError_Throws" classname="VTuberSystemBase.CoreIpc.Tests.Editor.IpcResultTests" runstate="Runnable" seed="1618952344" result="Passed" start-time="2026-04-25 04:40:54Z" end-time="2026-04-25 04:40:54Z" duration="0.000245" asserts="0">
                  <properties>
                    <property name="retryIteration" value="0" />
                    <property name="repeatIteration" value="0" />
                  </properties>
                </test-case>
                <test-case id="1089" name="Ok_Generic_CarriesValue" fullname="VTuberSystemBase.CoreIpc.Tests.Editor.IpcResultTests.Ok_Generic_CarriesValue" methodname="Ok_Generic_CarriesValue" classname="VTuberSystemBase.CoreIpc.Tests.Editor.IpcResultTests" runstate="Runnable" seed="595349416" result="Passed" start-time="2026-04-25 04:40:54Z" end-time="2026-04-25 04:40:54Z" duration="0.000216" asserts="0">
                  <properties>
                    <property name="retryIteration" value="0" />
                    <property name="repeatIteration" value="0" />
                  </properties>
                </test-case>
                <test-case id="1086" name="Ok_NonGeneric_HasSuccessTrueAndNullError" fullname="VTuberSystemBase.CoreIpc.Tests.Editor.IpcResultTests.Ok_NonGeneric_HasSuccessTrueAndNullError" methodname="Ok_NonGeneric_HasSuccessTrueAndNullError" classname="VTuberSystemBase.CoreIpc.Tests.Editor.IpcResultTests" runstate="Runnable" seed="692112814" result="Passed" start-time="2026-04-25 04:40:54Z" end-time="2026-04-25 04:40:54Z" duration="0.000126" asserts="0">
                  <properties>
                    <property name="retryIteration" value="0" />
                    <property name="repeatIteration" value="0" />
                  </properties>
                </test-case>
              </test-suite>
              <test-suite type="TestFixture" id="1091" name="MainThreadDispatchQueueTests" fullname="VTuberSystemBase.CoreIpc.Tests.Editor.MainThreadDispatchQueueTests" classname="VTuberSystemBase.CoreIpc.Tests.Editor.MainThreadDispatchQueueTests" runstate="Runnable" testcasecount="16" result="Passed" start-time="2026-04-25 04:40:54Z" end-time="2026-04-25 04:40:54Z" duration="0.028500" total="16" passed="16" failed="0" inconclusive="0" skipped="0" asserts="0">
                <properties />
                <test-case id="1104" name="Constructor_RejectsNegativeWarningThreshold" fullname="VTuberSystemBase.CoreIpc.Tests.Editor.MainThreadDispatchQueueTests.Constructor_RejectsNegativeWarningThreshold" methodname="Constructor_RejectsNegativeWarningThreshold" classname="VTuberSystemBase.CoreIpc.Tests.Editor.MainThreadDispatchQueueTests" runstate="Runnable" seed="1037672255" result="Passed" start-time="2026-04-25 04:40:54Z" end-time="2026-04-25 04:40:54Z" duration="0.000311" asserts="0">
                  <properties>
                    <property name="retryIteration" value="0" />
                    <property name="repeatIteration" value="0" />
                  </properties>
                </test-case>
                <test-case id="1103" name="Constructor_RejectsNullOptions" fullname="VTuberSystemBase.CoreIpc.Tests.Editor.MainThreadDispatchQueueTests.Constructor_RejectsNullOptions" methodname="Constructor_RejectsNullOptions" classname="VTuberSystemBase.CoreIpc.Tests.Editor.MainThreadDispatchQueueTests" runstate="Runnable" seed="1664066683" result="Passed" start-time="2026-04-25 04:40:54Z" end-time="2026-04-25 04:40:54Z" duration="0.000186" asserts="0">
                  <properties>
                    <property name="retryIteration" value="0" />
                    <property name="repeatIteration" value="0" />
                  </properties>
                </test-case>
                <test-case id="1095" name="Enqueue_EventMessages_AcrossTopics_PreserveGlobalEnqueueOrder" fullname="VTuberSystemBase.CoreIpc.Tests.Editor.MainThreadDispatchQueueTests.Enqueue_EventMessages_AcrossTopics_PreserveGlobalEnqueueOrder" methodname="Enqueue_EventMessages_AcrossTopics_PreserveGlobalEnqueueOrder" classname="VTuberSystemBase.CoreIpc.Tests.Editor.MainThreadDispatchQueueTests" runstate="Runnable" seed="468926138" result="Passed" start-time="2026-04-25 04:40:54Z" end-time="2026-04-25 04:40:54Z" duration="0.002218" asserts="0">
                  <properties>
                    <property name="retryIteration" value="0" />
                    <property name="repeatIteration" value="0" />
                  </properties>
                </test-case>
                <test-case id="1094" name="Enqueue_EventMessages_PreserveFifoOrder_OnFlush" fullname="VTuberSystemBase.CoreIpc.Tests.Editor.MainThreadDispatchQueueTests.Enqueue_EventMessages_PreserveFifoOrder_OnFlush" methodname="Enqueue_EventMessages_PreserveFifoOrder_OnFlush" classname="VTuberSystemBase.CoreIpc.Tests.Editor.MainThreadDispatchQueueTests" runstate="Runnable" seed="991905" result="Passed" start-time="2026-04-25 04:40:54Z" end-time="2026-04-25 04:40:54Z" duration="0.007531" asserts="0">
                  <properties>
                    <property name="retryIteration" value="0" />
                    <property name="repeatIteration" value="0" />
                  </properties>
                </test-case>
                <test-case id="1099" name="Enqueue_EventQueue_AtExactlyThousandThreshold_DoesNotWarn" fullname="VTuberSystemBase.CoreIpc.Tests.Editor.MainThreadDispatchQueueTests.Enqueue_EventQueue_AtExactlyThousandThreshold_DoesNotWarn" methodname="Enqueue_EventQueue_AtExactlyThousandThreshold_DoesNotWarn" classname="VTuberSystemBase.CoreIpc.Tests.Editor.MainThreadDispatchQueueTests" runstate="Runnable" seed="2119904246" result="Passed" start-time="2026-04-25 04:40:54Z" end-time="2026-04-25 04:40:54Z" duration="0.003277" asserts="0">
                  <properties>
                    <property name="retryIteration" value="0" />
                    <property name="repeatIteration" value="0" />
                  </properties>
                </test-case>
                <test-case id="1098" name="Enqueue_EventQueue_OverThreshold_LogsWarningOnceWhenCrossing" fullname="VTuberSystemBase.CoreIpc.Tests.Editor.MainThreadDispatchQueueTests.Enqueue_EventQueue_OverThreshold_LogsWarningOnceWhenCrossing" methodname="Enqueue_EventQueue_OverThreshold_LogsWarningOnceWhenCrossing" classname="VTuberSystemBase.CoreIpc.Tests.Editor.MainThreadDispatchQueueTests" runstate="Runnable" seed="522690606" result="Passed" start-time="2026-04-25 04:40:54Z" end-time="2026-04-25 04:40:54Z" duration="0.000635" asserts="0">
                  <properties>
                    <property name="retryIteration" value="0" />
                    <property name="repeatIteration" value="0" />
                  </properties>
                </test-case>
                <test-case id="1106" name="Enqueue_FromMultipleThreads_StateRetainsLatestPerTopic_AndEventsArePreservedFifoPerTopic" fullname="VTuberSystemBase.CoreIpc.Tests.Editor.MainThreadDispatchQueueTests.Enqueue_FromMultipleThreads_StateRetainsLatestPerTopic_AndEventsArePreservedFifoPerTopic" methodname="Enqueue_FromMultipleThreads_StateRetainsLatestPerTopic_AndEventsArePreservedFifoPerTopic" classname="VTuberSystemBase.CoreIpc.Tests.Editor.MainThreadDispatchQueueTests" runstate="Runnable" seed="1940929523" result="Passed" start-time="2026-04-25 04:40:54Z" end-time="2026-04-25 04:40:54Z" duration="0.007866" asserts="0">
                  <properties>
                    <property name="retryIteration" value="0" />
                    <property name="repeatIteration" value="0" />
                  </properties>
                </test-case>
                <test-case id="1102" name="Enqueue_NullTopic_LogsWarningAndDrops" fullname="VTuberSystemBase.CoreIpc.Tests.Editor.MainThreadDispatchQueueTests.Enqueue_NullTopic_LogsWarningAndDrops" methodname="Enqueue_NullTopic_LogsWarningAndDrops" classname="VTuberSystemBase.CoreIpc.Tests.Editor.MainThreadDispatchQueueTests" runstate="Runnable" seed="1511024261" result="Passed" start-time="2026-04-25 04:40:54Z" end-time="2026-04-25 04:40:54Z" duration="0.000379" asserts="0">
                  <properties>
                    <property name="retryIteration" value="0" />
                    <property name="repeatIteration" value="0" />
                  </properties>
                </test-case>
                <test-case id="1101" name="Enqueue_RequestOrResponseKind_IsDroppedAndLoggedAsWarning" fullname="VTuberSystemBase.CoreIpc.Tests.Editor.MainThreadDispatchQueueTests.Enqueue_RequestOrResponseKind_IsDroppedAndLoggedAsWarning" methodname="Enqueue_RequestOrResponseKind_IsDroppedAndLoggedAsWarning" classname="VTuberSystemBase.CoreIpc.Tests.Editor.MainThreadDispatchQueueTests" runstate="Runnable" seed="688564867" result="Passed" start-time="2026-04-25 04:40:54Z" end-time="2026-04-25 04:40:54Z" duration="0.000302" asserts="0">
                  <properties>
                    <property name="retryIteration" value="0" />
                    <property name="repeatIteration" value="0" />
                  </properties>
                </test-case>
                <test-case id="1107" name="Enqueue_StateMessages_AreObservableImmediatelyViaStateSlotCount" fullname="VTuberSystemBase.CoreIpc.Tests.Editor.MainThreadDispatchQueueTests.Enqueue_StateMessages_AreObservableImmediatelyViaStateSlotCount" methodname="Enqueue_StateMessages_AreObservableImmediatelyViaStateSlotCount" classname="VTuberSystemBase.CoreIpc.Tests.Editor.MainThreadDispatchQueueTests" runstate="Runnable" seed="687609947" result="Passed" start-time="2026-04-25 04:40:54Z" end-time="2026-04-25 04:40:54Z" duration="0.000188" asserts="0">
                  <properties>
                    <property name="retryIteration" value="0" />
                    <property name="repeatIteration" value="0" />
                  </properties>
                </test-case>
                <test-case id="1093" name="Enqueue_StateMessages_MultipleTopics_DeliverLatestPerTopic" fullname="VTuberSystemBase.CoreIpc.Tests.Editor.MainThreadDispatchQueueTests.Enqueue_StateMessages_MultipleTopics_DeliverLatestPerTopic" methodname="Enqueue_StateMessages_MultipleTopics_DeliverLatestPerTopic" classname="VTuberSystemBase.CoreIpc.Tests.Editor.MainThreadDispatchQueueTests" runstate="Runnable" seed="1353855582" result="Passed" start-time="2026-04-25 04:40:54Z" end-time="2026-04-25 04:40:54Z" duration="0.000470" asserts="0">
                  <properties>
                    <property name="retryIteration" value="0" />
                    <property name="repeatIteration" value="0" />
                  </properties>
                </test-case>
                <test-case id="1092" name="Enqueue_StateMessages_SameTopic_CoalesceToLatestOnFlush" fullname="VTuberSystemBase.CoreIpc.Tests.Editor.MainThreadDispatchQueueTests.Enqueue_StateMessages_SameTopic_CoalesceToLatestOnFlush" methodname="Enqueue_StateMessages_SameTopic_CoalesceToLatestOnFlush" classname="VTuberSystemBase.CoreIpc.Tests.Editor.MainThreadDispatchQueueTests" runstate="Runnable" seed="911089752" result="Passed" start-time="2026-04-25 04:40:54Z" end-time="2026-04-25 04:40:54Z" duration="0.000403" asserts="0">
                  <properties>
                    <property name="retryIteration" value="0" />
                    <property name="repeatIteration" value="0" />
                  </properties>
                </test-case>
                <test-case id="1105" name="Flush_DeliversStateBatchBeforeEventBatch" fullname="VTuberSystemBase.CoreIpc.Tests.Editor.MainThreadDispatchQueueTests.Flush_DeliversStateBatchBeforeEventBatch" methodname="Flush_DeliversStateBatchBeforeEventBatch" classname="VTuberSystemBase.CoreIpc.Tests.Editor.MainThreadDispatchQueueTests" runstate="Runnable" seed="1281517619" result="Passed" start-time="2026-04-25 04:40:54Z" end-time="2026-04-25 04:40:54Z" duration="0.000414" asserts="0">
                  <properties>
                    <property name="retryIteration" value="0" />
                    <property name="repeatIteration" value="0" />
                  </properties>
                </test-case>
                <test-case id="1096" name="Flush_HandlerException_DoesNotStopSubsequentDeliveries" fullname="VTuberSystemBase.CoreIpc.Tests.Editor.MainThreadDispatchQueueTests.Flush_HandlerException_DoesNotStopSubsequentDeliveries" methodname="Flush_HandlerException_DoesNotStopSubsequentDeliveries" classname="VTuberSystemBase.CoreIpc.Tests.Editor.MainThreadDispatchQueueTests" runstate="Runnable" seed="225982812" result="Passed" start-time="2026-04-25 04:40:54Z" end-time="2026-04-25 04:40:54Z" duration="0.000579" asserts="0">
                  <properties>
                    <property name="retryIteration" value="0" />
                    <property name="repeatIteration" value="0" />
                  </properties>
                </test-case>
                <test-case id="1097" name="Flush_StateHandlerException_DoesNotStopEventDelivery" fullname="VTuberSystemBase.CoreIpc.Tests.Editor.MainThreadDispatchQueueTests.Flush_StateHandlerException_DoesNotStopEventDelivery" methodname="Flush_StateHandlerException_DoesNotStopEventDelivery" classname="VTuberSystemBase.CoreIpc.Tests.Editor.MainThreadDispatchQueueTests" runstate="Runnable" seed="945398327" result="Passed" start-time="2026-04-25 04:40:54Z" end-time="2026-04-25 04:40:54Z" duration="0.000511" asserts="0">
                  <properties>
                    <property name="retryIteration" value="0" />
                    <property name="repeatIteration" value="0" />
                  </properties>
                </test-case>
                <test-case id="1100" name="Flush_WithoutHandlerLookup_DrainsQueueWithoutThrowing" fullname="VTuberSystemBase.CoreIpc.Tests.Editor.MainThreadDispatchQueueTests.Flush_WithoutHandlerLookup_DrainsQueueWithoutThrowing" methodname="Flush_WithoutHandlerLookup_DrainsQueueWithoutThrowing" classname="VTuberSystemBase.CoreIpc.Tests.Editor.MainThreadDispatchQueueTests" runstate="Runnable" seed="1708404500" result="Passed" start-time="2026-04-25 04:40:54Z" end-time="2026-04-25 04:40:54Z" duration="0.000270" asserts="0">
                  <properties>
                    <property name="retryIteration" value="0" />
                    <property name="repeatIteration" value="0" />
                  </properties>
                </test-case>
              </test-suite>
              <test-suite type="TestFixture" id="1108" name="MessageEnvelopeAndEnumTypeTests" fullname="VTuberSystemBase.CoreIpc.Tests.Editor.MessageEnvelopeAndEnumTypeTests" classname="VTuberSystemBase.CoreIpc.Tests.Editor.MessageEnvelopeAndEnumTypeTests" runstate="Runnable" testcasecount="7" result="Passed" start-time="2026-04-25 04:40:54Z" end-time="2026-04-25 04:40:54Z" duration="0.004490" total="7" passed="7" failed="0" inconclusive="0" skipped="0" asserts="0">
                <properties />
                <test-case id="1110" name="ConnectionState_DefinesAllFiveStates" fullname="VTuberSystemBase.CoreIpc.Tests.Editor.MessageEnvelopeAndEnumTypeTests.ConnectionState_DefinesAllFiveStates" methodname="ConnectionState_DefinesAllFiveStates" classname="VTuberSystemBase.CoreIpc.Tests.Editor.MessageEnvelopeAndEnumTypeTests" runstate="Runnable" seed="1936306905" result="Passed" start-time="2026-04-25 04:40:54Z" end-time="2026-04-25 04:40:54Z" duration="0.000760" asserts="0">
                  <properties>
                    <property name="retryIteration" value="0" />
                    <property name="repeatIteration" value="0" />
                  </properties>
                </test-case>
                <test-case id="1114" name="MessageEnvelope_AllowsNullCorrelationIdForStateAndEvent" fullname="VTuberSystemBase.CoreIpc.Tests.Editor.MessageEnvelopeAndEnumTypeTests.MessageEnvelope_AllowsNullCorrelationIdForStateAndEvent" methodname="MessageEnvelope_AllowsNullCorrelationIdForStateAndEvent" classname="VTuberSystemBase.CoreIpc.Tests.Editor.MessageEnvelopeAndEnumTypeTests" runstate="Runnable" seed="34265286" result="Passed" start-time="2026-04-25 04:40:54Z" end-time="2026-04-25 04:40:54Z" duration="0.000137" asserts="0">
                  <properties>
                    <property name="retryIteration" value="0" />
                    <property name="repeatIteration" value="0" />
                  </properties>
                </test-case>
[...]
                    <property name="repeatIteration" value="0" />
                  </properties>
                </test-case>
                <test-case id="1208" name="Close_WithCodeAndReason_RoundTripsThroughReadMessage" fullname="VTuberSystemBase.CoreIpc.Tests.Editor.WebSocketFrameCodecTests.Close_WithCodeAndReason_RoundTripsThroughReadMessage" methodname="Close_WithCodeAndReason_RoundTripsThroughReadMessage" classname="VTuberSystemBase.CoreIpc.Tests.Editor.WebSocketFrameCodecTests" runstate="Runnable" seed="549937312" result="Passed" start-time="2026-04-25 04:40:55Z" end-time="2026-04-25 04:40:55Z" duration="0.001041" asserts="0">
                  <properties>
                    <property name="retryIteration" value="0" />
                    <property name="repeatIteration" value="0" />
                  </properties>
                </test-case>
                <test-case id="1217" name="ControlFrame_WithFinUnset_ReturnsProtocolError" fullname="VTuberSystemBase.CoreIpc.Tests.Editor.WebSocketFrameCodecTests.ControlFrame_WithFinUnset_ReturnsProtocolError" methodname="ControlFrame_WithFinUnset_ReturnsProtocolError" classname="VTuberSystemBase.CoreIpc.Tests.Editor.WebSocketFrameCodecTests" runstate="Runnable" seed="820523682" result="Passed" start-time="2026-04-25 04:40:55Z" end-time="2026-04-25 04:40:55Z" duration="0.000835" asserts="0">
                  <properties>
                    <property name="retryIteration" value="0" />
                    <property name="repeatIteration" value="0" />
                  </properties>
                </test-case>
                <test-case id="1218" name="ControlFrame_WithOversizedPayload_ReturnsProtocolError" fullname="VTuberSystemBase.CoreIpc.Tests.Editor.WebSocketFrameCodecTests.ControlFrame_WithOversizedPayload_ReturnsProtocolError" methodname="ControlFrame_WithOversizedPayload_ReturnsProtocolError" classname="VTuberSystemBase.CoreIpc.Tests.Editor.WebSocketFrameCodecTests" runstate="Runnable" seed="2107166735" result="Passed" start-time="2026-04-25 04:40:55Z" end-time="2026-04-25 04:40:55Z" duration="0.000798" asserts="0">
                  <properties>
                    <property name="retryIteration" value="0" />
                    <property name="repeatIteration" value="0" />
                  </properties>
                </test-case>
                <test-case id="1219" name="EmptyStream_ReturnsEndOfStream" fullname="VTuberSystemBase.CoreIpc.Tests.Editor.WebSocketFrameCodecTests.EmptyStream_ReturnsEndOfStream" methodname="EmptyStream_ReturnsEndOfStream" classname="VTuberSystemBase.CoreIpc.Tests.Editor.WebSocketFrameCodecTests" runstate="Runnable" seed="2133319152" result="Passed" start-time="2026-04-25 04:40:55Z" end-time="2026-04-25 04:40:55Z" duration="0.000789" asserts="0">
                  <properties>
                    <property name="retryIteration" value="0" />
                    <property name="repeatIteration" value="0" />
                  </properties>
                </test-case>
                <test-case id="1199" name="EncodeFrame_Masked_AppliesMaskAndSetsMaskBit" fullname="VTuberSystemBase.CoreIpc.Tests.Editor.WebSocketFrameCodecTests.EncodeFrame_Masked_AppliesMaskAndSetsMaskBit" methodname="EncodeFrame_Masked_AppliesMaskAndSetsMaskBit" classname="VTuberSystemBase.CoreIpc.Tests.Editor.WebSocketFrameCodecTests" runstate="Runnable" seed="1644247661" result="Passed" start-time="2026-04-25 04:40:55Z" end-time="2026-04-25 04:40:55Z" duration="0.001037" asserts="0">
                  <properties>
                    <property name="retryIteration" value="0" />
                    <property name="repeatIteration" value="0" />
                  </properties>
                </test-case>
                <test-case id="1198" name="EncodeFrame_Unmasked_LargePayload_UsesEightByteExtendedLength" fullname="VTuberSystemBase.CoreIpc.Tests.Editor.WebSocketFrameCodecTests.EncodeFrame_Unmasked_LargePayload_UsesEightByteExtendedLength" methodname="EncodeFrame_Unmasked_LargePayload_UsesEightByteExtendedLength" classname="VTuberSystemBase.CoreIpc.Tests.Editor.WebSocketFrameCodecTests" runstate="Runnable" seed="664710485" result="Passed" start-time="2026-04-25 04:40:55Z" end-time="2026-04-25 04:40:55Z" duration="0.001697" asserts="0">
                  <properties>
                    <property name="retryIteration" value="0" />
                    <property name="repeatIteration" value="0" />
                  </properties>
                </test-case>
                <test-case id="1197" name="EncodeFrame_Unmasked_MediumPayload_UsesTwoByteExtendedLength" fullname="VTuberSystemBase.CoreIpc.Tests.Editor.WebSocketFrameCodecTests.EncodeFrame_Unmasked_MediumPayload_UsesTwoByteExtendedLength" methodname="EncodeFrame_Unmasked_MediumPayload_UsesTwoByteExtendedLength" classname="VTuberSystemBase.CoreIpc.Tests.Editor.WebSocketFrameCodecTests" runstate="Runnable" seed="238422282" result="Passed" start-time="2026-04-25 04:40:55Z" end-time="2026-04-25 04:40:55Z" duration="0.000326" asserts="0">
                  <properties>
                    <property name="retryIteration" value="0" />
                    <property name="repeatIteration" value="0" />
                  </properties>
                </test-case>
                <test-case id="1196" name="EncodeFrame_Unmasked_ShortPayload_TwoByteHeader" fullname="VTuberSystemBase.CoreIpc.Tests.Editor.WebSocketFrameCodecTests.EncodeFrame_Unmasked_ShortPayload_TwoByteHeader" methodname="EncodeFrame_Unmasked_ShortPayload_TwoByteHeader" classname="VTuberSystemBase.CoreIpc.Tests.Editor.WebSocketFrameCodecTests" runstate="Runnable" seed="169078193" result="Passed" start-time="2026-04-25 04:40:55Z" end-time="2026-04-25 04:40:55Z" duration="0.000852" asserts="0">
                  <properties>
                    <property name="retryIteration" value="0" />
                    <property name="repeatIteration" value="0" />
                  </properties>
                </test-case>
                <test-case id="1204" name="Fragmented_Continuation_WithoutInitialFrame_IsProtocolError" fullname="VTuberSystemBase.CoreIpc.Tests.Editor.WebSocketFrameCodecTests.Fragmented_Continuation_WithoutInitialFrame_IsProtocolError" methodname="Fragmented_Continuation_WithoutInitialFrame_IsProtocolError" classname="VTuberSystemBase.CoreIpc.Tests.Editor.WebSocketFrameCodecTests" runstate="Runnable" seed="1570112087" result="Passed" start-time="2026-04-25 04:40:55Z" end-time="2026-04-25 04:40:55Z" duration="0.001065" asserts="0">
                  <properties>
                    <property name="retryIteration" value="0" />
                    <property name="repeatIteration" value="0" />
                  </properties>
                </test-case>
                <test-case id="1205" name="Fragmented_NewDataFrameInsteadOfContinuation_IsProtocolError" fullname="VTuberSystemBase.CoreIpc.Tests.Editor.WebSocketFrameCodecTests.Fragmented_NewDataFrameInsteadOfContinuation_IsProtocolError" methodname="Fragmented_NewDataFrameInsteadOfContinuation_IsProtocolError" classname="VTuberSystemBase.CoreIpc.Tests.Editor.WebSocketFrameCodecTests" runstate="Runnable" seed="178475961" result="Passed" start-time="2026-04-25 04:40:55Z" end-time="2026-04-25 04:40:55Z" duration="0.000970" asserts="0">
                  <properties>
                    <property name="retryIteration" value="0" />
                    <property name="repeatIteration" value="0" />
                  </properties>
                </test-case>
                <test-case id="1203" name="Fragmented_Text_AcrossThreeFrames_Reassembles" fullname="VTuberSystemBase.CoreIpc.Tests.Editor.WebSocketFrameCodecTests.Fragmented_Text_AcrossThreeFrames_Reassembles" methodname="Fragmented_Text_AcrossThreeFrames_Reassembles" classname="VTuberSystemBase.CoreIpc.Tests.Editor.WebSocketFrameCodecTests" runstate="Runnable" seed="344929662" result="Passed" start-time="2026-04-25 04:40:55Z" end-time="2026-04-25 04:40:55Z" duration="0.001264" asserts="0">
                  <properties>
                    <property name="retryIteration" value="0" />
                    <property name="repeatIteration" value="0" />
                  </properties>
                </test-case>
                <test-case id="1213" name="FragmentedPayload_AccumulatedOverLimit_ReturnsMessageTooBig" fullname="VTuberSystemBase.CoreIpc.Tests.Editor.WebSocketFrameCodecTests.FragmentedPayload_AccumulatedOverLimit_ReturnsMessageTooBig" methodname="FragmentedPayload_AccumulatedOverLimit_ReturnsMessageTooBig" classname="VTuberSystemBase.CoreIpc.Tests.Editor.WebSocketFrameCodecTests" runstate="Runnable" seed="882266594" result="Passed" start-time="2026-04-25 04:40:55Z" end-time="2026-04-25 04:40:55Z" duration="0.001128" asserts="0">
                  <properties>
                    <property name="retryIteration" value="0" />
                    <property name="repeatIteration" value="0" />
                  </properties>
                </test-case>
                <test-case id="1224" name="IsValidUtf8_InvalidSequence_ReturnsFalse" fullname="VTuberSystemBase.CoreIpc.Tests.Editor.WebSocketFrameCodecTests.IsValidUtf8_InvalidSequence_ReturnsFalse" methodname="IsValidUtf8_InvalidSequence_ReturnsFalse" classname="VTuberSystemBase.CoreIpc.Tests.Editor.WebSocketFrameCodecTests" runstate="Runnable" seed="399884779" result="Passed" start-time="2026-04-25 04:40:55Z" end-time="2026-04-25 04:40:55Z" duration="0.000718" asserts="0">
                  <properties>
                    <property name="retryIteration" value="0" />
                    <property name="repeatIteration" value="0" />
                  </properties>
                </test-case>
                <test-case id="1223" name="IsValidUtf8_ValidSequence_ReturnsTrue" fullname="VTuberSystemBase.CoreIpc.Tests.Editor.WebSocketFrameCodecTests.IsValidUtf8_ValidSequence_ReturnsTrue" methodname="IsValidUtf8_ValidSequence_ReturnsTrue" classname="VTuberSystemBase.CoreIpc.Tests.Editor.WebSocketFrameCodecTests" runstate="Runnable" seed="2019233885" result="Passed" start-time="2026-04-25 04:40:55Z" end-time="2026-04-25 04:40:55Z" duration="0.000173" asserts="0">
                  <properties>
                    <property name="retryIteration" value="0" />
                    <property name="repeatIteration" value="0" />
                  </properties>
                </test-case>
                <test-case id="1206" name="RoundTrip_Ping_Unmasked" fullname="VTuberSystemBase.CoreIpc.Tests.Editor.WebSocketFrameCodecTests.RoundTrip_Ping_Unmasked" methodname="RoundTrip_Ping_Unmasked" classname="VTuberSystemBase.CoreIpc.Tests.Editor.WebSocketFrameCodecTests" runstate="Runnable" seed="1264998895" result="Passed" start-time="2026-04-25 04:40:55Z" end-time="2026-04-25 04:40:55Z" duration="0.000973" asserts="0">
                  <properties>
                    <property name="retryIteration" value="0" />
                    <property name="repeatIteration" value="0" />
                  </properties>
                </test-case>
                <test-case id="1207" name="RoundTrip_Pong_Masked" fullname="VTuberSystemBase.CoreIpc.Tests.Editor.WebSocketFrameCodecTests.RoundTrip_Pong_Masked" methodname="RoundTrip_Pong_Masked" classname="VTuberSystemBase.CoreIpc.Tests.Editor.WebSocketFrameCodecTests" runstate="Runnable" seed="346509664" result="Passed" start-time="2026-04-25 04:40:55Z" end-time="2026-04-25 04:40:55Z" duration="0.000983" asserts="0">
                  <properties>
                    <property name="retryIteration" value="0" />
                    <property name="repeatIteration" value="0" />
                  </properties>
                </test-case>
                <test-case id="1201" name="RoundTrip_Text_ClientToServer_Masked" fullname="VTuberSystemBase.CoreIpc.Tests.Editor.WebSocketFrameCodecTests.RoundTrip_Text_ClientToServer_Masked" methodname="RoundTrip_Text_ClientToServer_Masked" classname="VTuberSystemBase.CoreIpc.Tests.Editor.WebSocketFrameCodecTests" runstate="Runnable" seed="412927543" result="Passed" start-time="2026-04-25 04:40:55Z" end-time="2026-04-25 04:40:55Z" duration="0.000976" asserts="0">
                  <properties>
                    <property name="retryIteration" value="0" />
                    <property name="repeatIteration" value="0" />
                  </properties>
                </test-case>
                <test-case id="1202" name="RoundTrip_Text_LargePayload_OverSixteenBitBoundary" fullname="VTuberSystemBase.CoreIpc.Tests.Editor.WebSocketFrameCodecTests.RoundTrip_Text_LargePayload_OverSixteenBitBoundary" methodname="RoundTrip_Text_LargePayload_OverSixteenBitBoundary" classname="VTuberSystemBase.CoreIpc.Tests.Editor.WebSocketFrameCodecTests" runstate="Runnable" seed="476843830" result="Passed" start-time="2026-04-25 04:40:55Z" end-time="2026-04-25 04:40:55Z" duration="0.001463" asserts="0">
                  <properties>
                    <property name="retryIteration" value="0" />
                    <property name="repeatIteration" value="0" />
                  </properties>
                </test-case>
                <test-case id="1200" name="RoundTrip_Text_ServerToClient_Unmasked" fullname="VTuberSystemBase.CoreIpc.Tests.Editor.WebSocketFrameCodecTests.RoundTrip_Text_ServerToClient_Unmasked" methodname="RoundTrip_Text_ServerToClient_Unmasked" classname="VTuberSystemBase.CoreIpc.Tests.Editor.WebSocketFrameCodecTests" runstate="Runnable" seed="1905390756" result="Passed" start-time="2026-04-25 04:40:55Z" end-time="2026-04-25 04:40:55Z" duration="0.000915" asserts="0">
                  <properties>
                    <property name="retryIteration" value="0" />
                    <property name="repeatIteration" value="0" />
                  </properties>
                </test-case>
                <test-case id="1216" name="RsvBitsSet_ReturnsProtocolError" fullname="VTuberSystemBase.CoreIpc.Tests.Editor.WebSocketFrameCodecTests.RsvBitsSet_ReturnsProtocolError" methodname="RsvBitsSet_ReturnsProtocolError" classname="VTuberSystemBase.CoreIpc.Tests.Editor.WebSocketFrameCodecTests" runstate="Runnable" seed="13427738" result="Passed" start-time="2026-04-25 04:40:55Z" end-time="2026-04-25 04:40:55Z" duration="0.000804" asserts="0">
                  <properties>
                    <property name="retryIteration" value="0" />
                    <property name="repeatIteration" value="0" />
                  </properties>
                </test-case>
                <test-case id="1210" name="Server_Reading_Unmasked_FrameFromClient_ReturnsMaskRequired" fullname="VTuberSystemBase.CoreIpc.Tests.Editor.WebSocketFrameCodecTests.Server_Reading_Unmasked_FrameFromClient_ReturnsMaskRequired" methodname="Server_Reading_Unmasked_FrameFromClient_ReturnsMaskRequired" classname="VTuberSystemBase.CoreIpc.Tests.Editor.WebSocketFrameCodecTests" runstate="Runnable" seed="928478685" result="Passed" start-time="2026-04-25 04:40:55Z" end-time="2026-04-25 04:40:55Z" duration="0.000890" asserts="0">
                  <properties>
                    <property name="retryIteration" value="0" />
                    <property name="repeatIteration" value="0" />
                  </properties>
                </test-case>
                <test-case id="1212" name="SinglePayload_OverLimit_ReturnsMessageTooBig" fullname="VTuberSystemBase.CoreIpc.Tests.Editor.WebSocketFrameCodecTests.SinglePayload_OverLimit_ReturnsMessageTooBig" methodname="SinglePayload_OverLimit_ReturnsMessageTooBig" classname="VTuberSystemBase.CoreIpc.Tests.Editor.WebSocketFrameCodecTests" runstate="Runnable" seed="590077286" result="Passed" start-time="2026-04-25 04:40:55Z" end-time="2026-04-25 04:40:55Z" duration="0.000822" asserts="0">
                  <properties>
                    <property name="retryIteration" value="0" />
                    <property name="repeatIteration" value="0" />
                  </properties>
                </test-case>
                <test-case id="1214" name="TextFrame_WithInvalidUtf8_ReturnsInvalidUtf8" fullname="VTuberSystemBase.CoreIpc.Tests.Editor.WebSocketFrameCodecTests.TextFrame_WithInvalidUtf8_ReturnsInvalidUtf8" methodname="TextFrame_WithInvalidUtf8_ReturnsInvalidUtf8" classname="VTuberSystemBase.CoreIpc.Tests.Editor.WebSocketFrameCodecTests" runstate="Runnable" seed="1506220431" result="Passed" start-time="2026-04-25 04:40:55Z" end-time="2026-04-25 04:40:55Z" duration="0.000932" asserts="0">
                  <properties>
                    <property name="retryIteration" value="0" />
                    <property name="repeatIteration" value="0" />
                  </properties>
                </test-case>
                <test-case id="1215" name="UnknownOpcode_ReturnsProtocolError" fullname="VTuberSystemBase.CoreIpc.Tests.Editor.WebSocketFrameCodecTests.UnknownOpcode_ReturnsProtocolError" methodname="UnknownOpcode_ReturnsProtocolError" classname="VTuberSystemBase.CoreIpc.Tests.Editor.WebSocketFrameCodecTests" runstate="Runnable" seed="1579559812" result="Passed" start-time="2026-04-25 04:40:55Z" end-time="2026-04-25 04:40:55Z" duration="0.001117" asserts="0">
                  <properties>
                    <property name="retryIteration" value="0" />
                    <property name="repeatIteration" value="0" />
                  </properties>
                </test-case>
                <test-case id="1220" name="Writer_FragmentedControlFrame_Throws" fullname="VTuberSystemBase.CoreIpc.Tests.Editor.WebSocketFrameCodecTests.Writer_FragmentedControlFrame_Throws" methodname="Writer_FragmentedControlFrame_Throws" classname="VTuberSystemBase.CoreIpc.Tests.Editor.WebSocketFrameCodecTests" runstate="Runnable" seed="1689420666" result="Passed" start-time="2026-04-25 04:40:55Z" end-time="2026-04-25 04:40:55Z" duration="0.002000" asserts="0">
                  <properties>
                    <property name="retryIteration" value="0" />
                    <property name="repeatIteration" value="0" />
                  </properties>
                </test-case>
                <test-case id="1221" name="Writer_OversizedControlFrame_Throws" fullname="VTuberSystemBase.CoreIpc.Tests.Editor.WebSocketFrameCodecTests.Writer_OversizedControlFrame_Throws" methodname="Writer_OversizedControlFrame_Throws" classname="VTuberSystemBase.CoreIpc.Tests.Editor.WebSocketFrameCodecTests" runstate="Runnable" seed="976046523" result="Passed" start-time="2026-04-25 04:40:55Z" end-time="2026-04-25 04:40:55Z" duration="0.000522" asserts="0">
                  <properties>
                    <property name="retryIteration" value="0" />
                    <property name="repeatIteration" value="0" />
                  </properties>
                </test-case>
                <test-case id="1222" name="Writer_UnknownOpcode_Throws" fullname="VTuberSystemBase.CoreIpc.Tests.Editor.WebSocketFrameCodecTests.Writer_UnknownOpcode_Throws" methodname="Writer_UnknownOpcode_Throws" classname="VTuberSystemBase.CoreIpc.Tests.Editor.WebSocketFrameCodecTests" runstate="Runnable" seed="1436553010" result="Passed" start-time="2026-04-25 04:40:55Z" end-time="2026-04-25 04:40:55Z" duration="0.000551" asserts="0">
                  <properties>
                    <property name="retryIteration" value="0" />
                    <property name="repeatIteration" value="0" />
                  </properties>
                  <output><![CDATA[Saving results to: D:/Personal/Repositries/VTuberSystemBase/.kiro/specs/core-ipc-foundation/run-logs/task-4.1-editmode-results.xml
]]></output>
                </test-case>
              </test-suite>
            </test-suite>
          </test-suite>
        </test-suite>
      </test-suite>
    </test-suite>
  </test-suite>
</test-run>